#
# There is insufficient memory for the Java Runtime Environment to continue.
# Native memory allocation (malloc) failed to allocate 1824976 bytes for Chunk::new
# Possible reasons:
#   The system is out of physical RAM or swap space
#   The process is running with CompressedOops enabled, and the Java Heap may be blocking the growth of the native heap
# Possible solutions:
#   Reduce memory load on the system
#   Increase physical memory or swap space
#   Check if swap backing store is full
#   Decrease Java heap size (-Xmx/-Xms)
#   Decrease number of Java threads
#   Decrease Java thread stack sizes (-Xss)
#   Set larger code cache with -XX:ReservedCodeCacheSize=
#   JVM is running with Unscaled Compressed Oops mode in which the Java heap is
#     placed in the first 4GB address space. The Java Heap base address is the
#     maximum limit for the native heap growth. Please use -XX:HeapBaseMinAddress
#     to set the Java Heap base and to place the Java Heap above 4GB virtual address.
# This output file may be truncated or incomplete.
#
#  Out of Memory Error (./src/hotspot/share/memory/arena.cpp:197), pid=4352, tid=18012
#
# JRE version: OpenJDK Runtime Environment (11.0.10) (build 11.0.10+0-b96-7249189)
# Java VM: OpenJDK 64-Bit Server VM (11.0.10+0-b96-7249189, mixed mode, tiered, compressed oops, g1 gc, windows-amd64)
# No core dump will be written. Minidumps are not enabled by default on client versions of Windows
#

---------------  S U M M A R Y ------------

Command Line: --add-opens=java.base/java.util=ALL-UNNAMED --add-opens=java.base/java.lang=ALL-UNNAMED --add-opens=java.base/java.lang.invoke=ALL-UNNAMED --add-opens=java.base/java.util=ALL-UNNAMED --add-opens=java.prefs/java.util.prefs=ALL-UNNAMED --add-opens=java.prefs/java.util.prefs=ALL-UNNAMED --add-opens=java.base/java.nio.charset=ALL-UNNAMED --add-opens=java.base/java.net=ALL-UNNAMED --add-opens=java.base/java.util.concurrent.atomic=ALL-UNNAMED -Xmx2048m -Dfile.encoding=windows-1252 -Duser.country=US -Duser.language=en -Duser.variant org.gradle.launcher.daemon.bootstrap.GradleDaemon 7.2-rc-2

Host: Intel(R) Core(TM) i5-6200U CPU @ 2.30GHz, 4 cores, 11G,  Windows 10 , 64 bit Build 18362 (10.0.18362.1645)
Time: Sat Aug  7 14:32:07 2021 SE Asia Standard Time elapsed time: 8.613345 seconds (0d 0h 0m 8s)

---------------  T H R E A D  ---------------

Current thread (0x000001ad8312c800):  JavaThread "C2 CompilerThread1" daemon [_thread_in_native, id=18012, stack(0x00000008c2000000,0x00000008c2100000)]


Current CompileTask:
C2:   8613 2209   !   4       java.net.URLClassLoader$1::run (63 bytes)

Stack: [0x00000008c2000000,0x00000008c2100000]
Native frames: (J=compiled Java code, j=interpreted, Vv=VM code, C=native code)
V  [jvm.dll+0x5ecfaa]
V  [jvm.dll+0x722bd5]
V  [jvm.dll+0x72412d]
V  [jvm.dll+0x7247e3]
V  [jvm.dll+0x242928]
V  [jvm.dll+0xbc4fc]
V  [jvm.dll+0xbca0c]
V  [jvm.dll+0x352d3b]
V  [jvm.dll+0x320ad3]
V  [jvm.dll+0x31ffca]
V  [jvm.dll+0x1fb602]
V  [jvm.dll+0x1fa7f4]
V  [jvm.dll+0x18354c]
V  [jvm.dll+0x208ee7]
V  [jvm.dll+0x207731]
V  [jvm.dll+0x6eb1cf]
V  [jvm.dll+0x6e3d45]
V  [jvm.dll+0x5ebe96]
C  [ucrtbase.dll+0x210b2]
C  [KERNEL32.DLL+0x17c24]
C  [ntdll.dll+0x6d721]


---------------  P R O C E S S  ---------------

Threads class SMR info:
_java_thread_list=0x000001ad83343dd0, length=31, elements={
0x000001ade439e000, 0x000001adfff0c000, 0x000001adfff09000, 0x000001ad80857000,
0x000001ad80859000, 0x000001ad8085a800, 0x000001ad80862000, 0x000001ad80867000,
0x000001ad80871800, 0x000001ad809bd800, 0x000001ad838d0800, 0x000001ad838d1000,
0x000001ad838d2000, 0x000001ad838d5000, 0x000001ad838d2800, 0x000001ad838d6000,
0x000001ad838d7000, 0x000001ad838d4800, 0x000001ad838d3800, 0x000001ad83954800,
0x000001ad83953800, 0x000001ad83955000, 0x000001ad83956000, 0x000001ad8312c800,
0x000001ad83950800, 0x000001ad83953000, 0x000001ad83951000, 0x000001ad83957000,
0x000001ad83952000, 0x000001ad83959800, 0x000001ad8395b000
}

Java Threads: ( => current thread )
  0x000001ade439e000 JavaThread "main" [_thread_blocked, id=13444, stack(0x00000008bff00000,0x00000008c0000000)]
  0x000001adfff0c000 JavaThread "Reference Handler" daemon [_thread_blocked, id=17852, stack(0x00000008c0600000,0x00000008c0700000)]
  0x000001adfff09000 JavaThread "Finalizer" daemon [_thread_blocked, id=3724, stack(0x00000008c0700000,0x00000008c0800000)]
  0x000001ad80857000 JavaThread "Signal Dispatcher" daemon [_thread_blocked, id=8924, stack(0x00000008c0800000,0x00000008c0900000)]
  0x000001ad80859000 JavaThread "Attach Listener" daemon [_thread_blocked, id=256, stack(0x00000008c0900000,0x00000008c0a00000)]
  0x000001ad8085a800 JavaThread "Service Thread" daemon [_thread_blocked, id=18208, stack(0x00000008c0a00000,0x00000008c0b00000)]
  0x000001ad80862000 JavaThread "C2 CompilerThread0" daemon [_thread_in_native, id=3892, stack(0x00000008c0b00000,0x00000008c0c00000)]
  0x000001ad80867000 JavaThread "C1 CompilerThread0" daemon [_thread_blocked, id=14816, stack(0x00000008c0c00000,0x00000008c0d00000)]
  0x000001ad80871800 JavaThread "Sweeper thread" daemon [_thread_blocked, id=1100, stack(0x00000008c0d00000,0x00000008c0e00000)]
  0x000001ad809bd800 JavaThread "Common-Cleaner" daemon [_thread_blocked, id=12544, stack(0x00000008c0e00000,0x00000008c0f00000)]
  0x000001ad838d0800 JavaThread "Daemon health stats" [_thread_blocked, id=2428, stack(0x00000008c1400000,0x00000008c1500000)]
  0x000001ad838d1000 JavaThread "Incoming local TCP Connector on port 63634" [_thread_in_native, id=11136, stack(0x00000008c1000000,0x00000008c1100000)]
  0x000001ad838d2000 JavaThread "Daemon periodic checks" [_thread_blocked, id=4616, stack(0x00000008c1500000,0x00000008c1600000)]
  0x000001ad838d5000 JavaThread "Daemon" [_thread_blocked, id=1964, stack(0x00000008c1600000,0x00000008c1700000)]
  0x000001ad838d2800 JavaThread "Handler for socket connection from /127.0.0.1:63634 to /127.0.0.1:63635" [_thread_in_native, id=13664, stack(0x00000008c1700000,0x00000008c1800000)]
  0x000001ad838d6000 JavaThread "Cancel handler" [_thread_blocked, id=10936, stack(0x00000008c1800000,0x00000008c1900000)]
  0x000001ad838d7000 JavaThread "Daemon worker" [_thread_in_vm, id=10516, stack(0x00000008c1900000,0x00000008c1a00000)]
  0x000001ad838d4800 JavaThread "Asynchronous log dispatcher for DefaultDaemonConnection: socket connection from /127.0.0.1:63634 to /127.0.0.1:63635" [_thread_blocked, id=9632, stack(0x00000008c1a00000,0x00000008c1b00000)]
  0x000001ad838d3800 JavaThread "Stdin handler" [_thread_blocked, id=14820, stack(0x00000008c1b00000,0x00000008c1c00000)]
  0x000001ad83954800 JavaThread "Daemon client event forwarder" [_thread_blocked, id=5576, stack(0x00000008c1c00000,0x00000008c1d00000)]
  0x000001ad83953800 JavaThread "Cache worker for journal cache (C:\Users\Quan Nguyen\.gradle\caches\journal-1)" [_thread_blocked, id=11740, stack(0x00000008c1d00000,0x00000008c1e00000)]
  0x000001ad83955000 JavaThread "File lock request listener" [_thread_in_native, id=11708, stack(0x00000008c1e00000,0x00000008c1f00000)]
  0x000001ad83956000 JavaThread "Cache worker for file hash cache (C:\Users\Quan Nguyen\.gradle\caches\7.2-rc-2\fileHashes)" [_thread_blocked, id=17552, stack(0x00000008c1f00000,0x00000008c2000000)]
=>0x000001ad8312c800 JavaThread "C2 CompilerThread1" daemon [_thread_in_native, id=18012, stack(0x00000008c2000000,0x00000008c2100000)]
  0x000001ad83950800 JavaThread "Cache worker for file hash cache (F:\ProjectAndroid\AssigmentAndroidNC\.gradle\7.2-rc-2\fileHashes)" [_thread_blocked, id=12776, stack(0x00000008c2100000,0x00000008c2200000)]
  0x000001ad83953000 JavaThread "File watcher server" daemon [_thread_in_native, id=11448, stack(0x00000008c2200000,0x00000008c2300000)]
  0x000001ad83951000 JavaThread "File watcher consumer" daemon [_thread_blocked, id=3396, stack(0x00000008c2300000,0x00000008c2400000)]
  0x000001ad83957000 JavaThread "jar transforms" [_thread_blocked, id=12876, stack(0x00000008c2400000,0x00000008c2500000)]
  0x000001ad83952000 JavaThread "jar transforms Thread 2" [_thread_blocked, id=17224, stack(0x00000008c2500000,0x00000008c2600000)]
  0x000001ad83959800 JavaThread "jar transforms Thread 3" [_thread_blocked, id=4016, stack(0x00000008c2600000,0x00000008c2700000)]
  0x000001ad8395b000 JavaThread "jar transforms Thread 4" [_thread_blocked, id=15012, stack(0x00000008c2700000,0x00000008c2800000)]

Other Threads:
  0x000001ad80803000 VMThread "VM Thread" [stack: 0x00000008c0500000,0x00000008c0600000] [id=14984]
  0x000001ad809eb000 WatcherThread [stack: 0x00000008c0f00000,0x00000008c1000000] [id=17984]
  0x000001ade43b7000 GCTaskThread "GC Thread#0" [stack: 0x00000008c0000000,0x00000008c0100000] [id=14184]
  0x000001ad81581800 GCTaskThread "GC Thread#1" [stack: 0x00000008c1100000,0x00000008c1200000] [id=8616]
  0x000001ad80f63000 GCTaskThread "GC Thread#2" [stack: 0x00000008c1200000,0x00000008c1300000] [id=14516]
  0x000001ad80f50000 GCTaskThread "GC Thread#3" [stack: 0x00000008c1300000,0x00000008c1400000] [id=15796]
  0x000001ade43e8000 ConcurrentGCThread "G1 Main Marker" [stack: 0x00000008c0100000,0x00000008c0200000] [id=13744]
  0x000001ade43e9800 ConcurrentGCThread "G1 Conc#0" [stack: 0x00000008c0200000,0x00000008c0300000] [id=452]
  0x000001ade446e000 ConcurrentGCThread "G1 Refine#0" [stack: 0x00000008c0300000,0x00000008c0400000] [id=4612]
  0x000001adffd50800 ConcurrentGCThread "G1 Young RemSet Sampling" [stack: 0x00000008c0400000,0x00000008c0500000] [id=11720]

Threads with active compile tasks:
C2 CompilerThread0   8649 2208       4       java.net.URLClassLoader$1::run (5 bytes)
C2 CompilerThread1   8649 2209   !   4       java.net.URLClassLoader$1::run (63 bytes)

VM state:not at safepoint (normal execution)

VM Mutex/Monitor currently owned by a thread: None

Heap address: 0x0000000080000000, size: 2048 MB, Compressed Oops mode: 32-bit
Narrow klass base: 0x0000000000000000, Narrow klass shift: 3
Compressed class space size: 1073741824 Address: 0x0000000100000000

Heap:
 garbage-first heap   total 192512K, used 38982K [0x0000000080000000, 0x0000000100000000)
  region size 1024K, 14 young (14336K), 4 survivors (4096K)
 Metaspace       used 26811K, capacity 27471K, committed 27568K, reserved 1073152K
  class space    used 3515K, capacity 3788K, committed 3840K, reserved 1048576K
Heap Regions: E=young(eden), S=young(survivor), O=old, HS=humongous(starts), HC=humongous(continues), CS=collection set, F=free, A=archive, TAMS=top-at-mark-start (previous, next)
|   0|0x0000000080000000, 0x0000000080100000, 0x0000000080100000|100%|HS|  |TAMS 0x0000000080100000, 0x0000000080000000| Complete 
|   1|0x0000000080100000, 0x0000000080200000, 0x0000000080200000|100%|HC|  |TAMS 0x0000000080200000, 0x0000000080100000| Complete 
|   2|0x0000000080200000, 0x0000000080300000, 0x0000000080300000|100%|HC|  |TAMS 0x0000000080300000, 0x0000000080200000| Complete 
|   3|0x0000000080300000, 0x0000000080400000, 0x0000000080400000|100%| O|  |TAMS 0x0000000080400000, 0x0000000080300000| Untracked 
|   4|0x0000000080400000, 0x0000000080500000, 0x0000000080500000|100%| O|  |TAMS 0x0000000080500000, 0x0000000080400000| Untracked 
|   5|0x0000000080500000, 0x0000000080600000, 0x0000000080600000|100%| O|  |TAMS 0x0000000080600000, 0x0000000080500000| Untracked 
|   6|0x0000000080600000, 0x0000000080700000, 0x0000000080700000|100%| O|  |TAMS 0x0000000080700000, 0x0000000080600000| Untracked 
|   7|0x0000000080700000, 0x0000000080800000, 0x0000000080800000|100%| O|  |TAMS 0x0000000080800000, 0x0000000080700000| Untracked 
|   8|0x0000000080800000, 0x0000000080900000, 0x0000000080900000|100%| O|  |TAMS 0x0000000080900000, 0x0000000080800000| Untracked 
|   9|0x0000000080900000, 0x0000000080a00000, 0x0000000080a00000|100%| O|  |TAMS 0x0000000080a00000, 0x0000000080900000| Untracked 
|  10|0x0000000080a00000, 0x0000000080b00000, 0x0000000080b00000|100%| O|  |TAMS 0x0000000080b00000, 0x0000000080a00000| Untracked 
|  11|0x0000000080b00000, 0x0000000080c00000, 0x0000000080c00000|100%| O|  |TAMS 0x0000000080bafa00, 0x0000000080b00000| Untracked 
|  12|0x0000000080c00000, 0x0000000080d00000, 0x0000000080d00000|100%| O|  |TAMS 0x0000000080c00000, 0x0000000080c00000| Untracked 
|  13|0x0000000080d00000, 0x0000000080e00000, 0x0000000080e00000|100%| O|  |TAMS 0x0000000080d00000, 0x0000000080d00000| Untracked 
|  14|0x0000000080e00000, 0x0000000080f00000, 0x0000000080f00000|100%| O|  |TAMS 0x0000000080e00000, 0x0000000080e00000| Untracked 
|  15|0x0000000080f00000, 0x0000000080fea800, 0x0000000081000000| 91%| O|  |TAMS 0x0000000080f00000, 0x0000000080f00000| Untracked 
|  16|0x0000000081000000, 0x0000000081100000, 0x0000000081100000|100%|HS|  |TAMS 0x0000000081000000, 0x0000000081000000| Complete 
|  17|0x0000000081100000, 0x0000000081200000, 0x0000000081200000|100%|HC|  |TAMS 0x0000000081100000, 0x0000000081100000| Complete 
|  18|0x0000000081200000, 0x0000000081300000, 0x0000000081300000|100%|HS|  |TAMS 0x0000000081200000, 0x0000000081200000| Complete 
|  19|0x0000000081300000, 0x0000000081400000, 0x0000000081400000|100%|HC|  |TAMS 0x0000000081300000, 0x0000000081300000| Complete 
|  20|0x0000000081400000, 0x0000000081500000, 0x0000000081500000|100%|HC|  |TAMS 0x0000000081400000, 0x0000000081400000| Complete 
|  21|0x0000000081500000, 0x0000000081600000, 0x0000000081600000|100%|HS|  |TAMS 0x0000000081500000, 0x0000000081500000| Complete 
|  22|0x0000000081600000, 0x0000000081700000, 0x0000000081700000|100%|HC|  |TAMS 0x0000000081600000, 0x0000000081600000| Complete 
|  23|0x0000000081700000, 0x0000000081800000, 0x0000000081800000|100%|HC|  |TAMS 0x0000000081700000, 0x0000000081700000| Complete 
|  24|0x0000000081800000, 0x0000000081900000, 0x0000000081900000|100%|HC|  |TAMS 0x0000000081800000, 0x0000000081800000| Complete 
|  25|0x0000000081900000, 0x0000000081a00000, 0x0000000081a00000|100%|HC|  |TAMS 0x0000000081900000, 0x0000000081900000| Complete 
|  26|0x0000000081a00000, 0x0000000081a00000, 0x0000000081b00000|  0%| F|  |TAMS 0x0000000081a00000, 0x0000000081a00000| Untracked 
|  27|0x0000000081b00000, 0x0000000081b00000, 0x0000000081c00000|  0%| F|  |TAMS 0x0000000081b00000, 0x0000000081b00000| Untracked 
|  28|0x0000000081c00000, 0x0000000081c00000, 0x0000000081d00000|  0%| F|  |TAMS 0x0000000081c00000, 0x0000000081c00000| Untracked 
|  29|0x0000000081d00000, 0x0000000081d00000, 0x0000000081e00000|  0%| F|  |TAMS 0x0000000081d00000, 0x0000000081d00000| Untracked 
|  30|0x0000000081e00000, 0x0000000081e00000, 0x0000000081f00000|  0%| F|  |TAMS 0x0000000081e00000, 0x0000000081e00000| Untracked 
|  31|0x0000000081f00000, 0x0000000081f00000, 0x0000000082000000|  0%| F|  |TAMS 0x0000000081f00000, 0x0000000081f00000| Untracked 
|  32|0x0000000082000000, 0x0000000082000000, 0x0000000082100000|  0%| F|  |TAMS 0x0000000082000000, 0x0000000082000000| Untracked 
|  33|0x0000000082100000, 0x0000000082100000, 0x0000000082200000|  0%| F|  |TAMS 0x0000000082100000, 0x0000000082100000| Untracked 
|  34|0x0000000082200000, 0x0000000082200000, 0x0000000082300000|  0%| F|  |TAMS 0x0000000082200000, 0x0000000082200000| Untracked 
|  35|0x0000000082300000, 0x0000000082300000, 0x0000000082400000|  0%| F|  |TAMS 0x0000000082300000, 0x0000000082300000| Untracked 
|  36|0x0000000082400000, 0x0000000082400000, 0x0000000082500000|  0%| F|  |TAMS 0x0000000082400000, 0x0000000082400000| Untracked 
|  37|0x0000000082500000, 0x0000000082500000, 0x0000000082600000|  0%| F|  |TAMS 0x0000000082500000, 0x0000000082500000| Untracked 
|  38|0x0000000082600000, 0x0000000082600000, 0x0000000082700000|  0%| F|  |TAMS 0x0000000082600000, 0x0000000082600000| Untracked 
|  39|0x0000000082700000, 0x0000000082700000, 0x0000000082800000|  0%| F|  |TAMS 0x0000000082700000, 0x0000000082700000| Untracked 
|  40|0x0000000082800000, 0x0000000082800000, 0x0000000082900000|  0%| F|  |TAMS 0x0000000082800000, 0x0000000082800000| Untracked 
|  41|0x0000000082900000, 0x0000000082900000, 0x0000000082a00000|  0%| F|  |TAMS 0x0000000082900000, 0x0000000082900000| Untracked 
|  42|0x0000000082a00000, 0x0000000082a00000, 0x0000000082b00000|  0%| F|  |TAMS 0x0000000082a00000, 0x0000000082a00000| Untracked 
|  43|0x0000000082b00000, 0x0000000082b00000, 0x0000000082c00000|  0%| F|  |TAMS 0x0000000082b00000, 0x0000000082b00000| Untracked 
|  44|0x0000000082c00000, 0x0000000082c00000, 0x0000000082d00000|  0%| F|  |TAMS 0x0000000082c00000, 0x0000000082c00000| Untracked 
|  45|0x0000000082d00000, 0x0000000082d00000, 0x0000000082e00000|  0%| F|  |TAMS 0x0000000082d00000, 0x0000000082d00000| Untracked 
|  46|0x0000000082e00000, 0x0000000082e00000, 0x0000000082f00000|  0%| F|  |TAMS 0x0000000082e00000, 0x0000000082e00000| Untracked 
|  47|0x0000000082f00000, 0x0000000082f00000, 0x0000000083000000|  0%| F|  |TAMS 0x0000000082f00000, 0x0000000082f00000| Untracked 
|  48|0x0000000083000000, 0x0000000083000000, 0x0000000083100000|  0%| F|  |TAMS 0x0000000083000000, 0x0000000083000000| Untracked 
|  49|0x0000000083100000, 0x0000000083100000, 0x0000000083200000|  0%| F|  |TAMS 0x0000000083100000, 0x0000000083100000| Untracked 
|  50|0x0000000083200000, 0x0000000083200000, 0x0000000083300000|  0%| F|  |TAMS 0x0000000083200000, 0x0000000083200000| Untracked 
|  51|0x0000000083300000, 0x0000000083300000, 0x0000000083400000|  0%| F|  |TAMS 0x0000000083300000, 0x0000000083300000| Untracked 
|  52|0x0000000083400000, 0x0000000083400000, 0x0000000083500000|  0%| F|  |TAMS 0x0000000083400000, 0x0000000083400000| Untracked 
|  53|0x0000000083500000, 0x0000000083500000, 0x0000000083600000|  0%| F|  |TAMS 0x0000000083500000, 0x0000000083500000| Untracked 
|  54|0x0000000083600000, 0x0000000083600000, 0x0000000083700000|  0%| F|  |TAMS 0x0000000083600000, 0x0000000083600000| Untracked 
|  55|0x0000000083700000, 0x0000000083700000, 0x0000000083800000|  0%| F|  |TAMS 0x0000000083700000, 0x0000000083700000| Untracked 
|  56|0x0000000083800000, 0x0000000083800000, 0x0000000083900000|  0%| F|  |TAMS 0x0000000083800000, 0x0000000083800000| Untracked 
|  57|0x0000000083900000, 0x0000000083900000, 0x0000000083a00000|  0%| F|  |TAMS 0x0000000083900000, 0x0000000083900000| Untracked 
|  58|0x0000000083a00000, 0x0000000083a00000, 0x0000000083b00000|  0%| F|  |TAMS 0x0000000083a00000, 0x0000000083a00000| Untracked 
|  59|0x0000000083b00000, 0x0000000083b00000, 0x0000000083c00000|  0%| F|  |TAMS 0x0000000083b00000, 0x0000000083b00000| Untracked 
|  60|0x0000000083c00000, 0x0000000083c00000, 0x0000000083d00000|  0%| F|  |TAMS 0x0000000083c00000, 0x0000000083c00000| Untracked 
|  61|0x0000000083d00000, 0x0000000083d00000, 0x0000000083e00000|  0%| F|  |TAMS 0x0000000083d00000, 0x0000000083d00000| Untracked 
|  62|0x0000000083e00000, 0x0000000083e00000, 0x0000000083f00000|  0%| F|  |TAMS 0x0000000083e00000, 0x0000000083e00000| Untracked 
|  63|0x0000000083f00000, 0x0000000083f00000, 0x0000000084000000|  0%| F|  |TAMS 0x0000000083f00000, 0x0000000083f00000| Untracked 
|  64|0x0000000084000000, 0x0000000084000000, 0x0000000084100000|  0%| F|  |TAMS 0x0000000084000000, 0x0000000084000000| Untracked 
|  65|0x0000000084100000, 0x0000000084100000, 0x0000000084200000|  0%| F|  |TAMS 0x0000000084100000, 0x0000000084100000| Untracked 
|  66|0x0000000084200000, 0x0000000084200000, 0x0000000084300000|  0%| F|  |TAMS 0x0000000084200000, 0x0000000084200000| Untracked 
|  67|0x0000000084300000, 0x0000000084300000, 0x0000000084400000|  0%| F|  |TAMS 0x0000000084300000, 0x0000000084300000| Untracked 
|  68|0x0000000084400000, 0x0000000084400000, 0x0000000084500000|  0%| F|  |TAMS 0x0000000084400000, 0x0000000084400000| Untracked 
|  69|0x0000000084500000, 0x0000000084500000, 0x0000000084600000|  0%| F|  |TAMS 0x0000000084500000, 0x0000000084500000| Untracked 
|  70|0x0000000084600000, 0x0000000084600000, 0x0000000084700000|  0%| F|  |TAMS 0x0000000084600000, 0x0000000084600000| Untracked 
|  71|0x0000000084700000, 0x0000000084700000, 0x0000000084800000|  0%| F|  |TAMS 0x0000000084700000, 0x0000000084700000| Untracked 
|  72|0x0000000084800000, 0x0000000084800000, 0x0000000084900000|  0%| F|  |TAMS 0x0000000084800000, 0x0000000084800000| Untracked 
|  73|0x0000000084900000, 0x0000000084900000, 0x0000000084a00000|  0%| F|  |TAMS 0x0000000084900000, 0x0000000084900000| Untracked 
|  74|0x0000000084a00000, 0x0000000084a00000, 0x0000000084b00000|  0%| F|  |TAMS 0x0000000084a00000, 0x0000000084a00000| Untracked 
|  75|0x0000000084b00000, 0x0000000084b00000, 0x0000000084c00000|  0%| F|  |TAMS 0x0000000084b00000, 0x0000000084b00000| Untracked 
|  76|0x0000000084c00000, 0x0000000084c00000, 0x0000000084d00000|  0%| F|  |TAMS 0x0000000084c00000, 0x0000000084c00000| Untracked 
|  77|0x0000000084d00000, 0x0000000084d00000, 0x0000000084e00000|  0%| F|  |TAMS 0x0000000084d00000, 0x0000000084d00000| Untracked 
|  78|0x0000000084e00000, 0x0000000084e00000, 0x0000000084f00000|  0%| F|  |TAMS 0x0000000084e00000, 0x0000000084e00000| Untracked 
|  79|0x0000000084f00000, 0x0000000084f00000, 0x0000000085000000|  0%| F|  |TAMS 0x0000000084f00000, 0x0000000084f00000| Untracked 
|  80|0x0000000085000000, 0x0000000085000000, 0x0000000085100000|  0%| F|  |TAMS 0x0000000085000000, 0x0000000085000000| Untracked 
|  81|0x0000000085100000, 0x0000000085100000, 0x0000000085200000|  0%| F|  |TAMS 0x0000000085100000, 0x0000000085100000| Untracked 
|  82|0x0000000085200000, 0x0000000085200000, 0x0000000085300000|  0%| F|  |TAMS 0x0000000085200000, 0x0000000085200000| Untracked 
|  83|0x0000000085300000, 0x0000000085300000, 0x0000000085400000|  0%| F|  |TAMS 0x0000000085300000, 0x0000000085300000| Untracked 
|  84|0x0000000085400000, 0x0000000085400000, 0x0000000085500000|  0%| F|  |TAMS 0x0000000085400000, 0x0000000085400000| Untracked 
|  85|0x0000000085500000, 0x0000000085500000, 0x0000000085600000|  0%| F|  |TAMS 0x0000000085500000, 0x0000000085500000| Untracked 
|  86|0x0000000085600000, 0x0000000085600000, 0x0000000085700000|  0%| F|  |TAMS 0x0000000085600000, 0x0000000085600000| Untracked 
|  87|0x0000000085700000, 0x0000000085700000, 0x0000000085800000|  0%| F|  |TAMS 0x0000000085700000, 0x0000000085700000| Untracked 
|  88|0x0000000085800000, 0x0000000085800000, 0x0000000085900000|  0%| F|  |TAMS 0x0000000085800000, 0x0000000085800000| Untracked 
|  89|0x0000000085900000, 0x0000000085900000, 0x0000000085a00000|  0%| F|  |TAMS 0x0000000085900000, 0x0000000085900000| Untracked 
|  90|0x0000000085a00000, 0x0000000085a00000, 0x0000000085b00000|  0%| F|  |TAMS 0x0000000085a00000, 0x0000000085a00000| Untracked 
|  91|0x0000000085b00000, 0x0000000085b00000, 0x0000000085c00000|  0%| F|  |TAMS 0x0000000085b00000, 0x0000000085b00000| Untracked 
|  92|0x0000000085c00000, 0x0000000085c00000, 0x0000000085d00000|  0%| F|  |TAMS 0x0000000085c00000, 0x0000000085c00000| Untracked 
|  93|0x0000000085d00000, 0x0000000085d00000, 0x0000000085e00000|  0%| F|  |TAMS 0x0000000085d00000, 0x0000000085d00000| Untracked 
|  94|0x0000000085e00000, 0x0000000085e00000, 0x0000000085f00000|  0%| F|  |TAMS 0x0000000085e00000, 0x0000000085e00000| Untracked 
|  95|0x0000000085f00000, 0x0000000085f00000, 0x0000000086000000|  0%| F|  |TAMS 0x0000000085f00000, 0x0000000085f00000| Untracked 
|  96|0x0000000086000000, 0x0000000086000000, 0x0000000086100000|  0%| F|  |TAMS 0x0000000086000000, 0x0000000086000000| Untracked 
|  97|0x0000000086100000, 0x0000000086100000, 0x0000000086200000|  0%| F|  |TAMS 0x0000000086100000, 0x0000000086100000| Untracked 
|  98|0x0000000086200000, 0x0000000086200000, 0x0000000086300000|  0%| F|  |TAMS 0x0000000086200000, 0x0000000086200000| Untracked 
|  99|0x0000000086300000, 0x0000000086300000, 0x0000000086400000|  0%| F|  |TAMS 0x0000000086300000, 0x0000000086300000| Untracked 
| 100|0x0000000086400000, 0x0000000086400000, 0x0000000086500000|  0%| F|  |TAMS 0x0000000086400000, 0x0000000086400000| Untracked 
| 101|0x0000000086500000, 0x0000000086500000, 0x0000000086600000|  0%| F|  |TAMS 0x0000000086500000, 0x0000000086500000| Untracked 
| 102|0x0000000086600000, 0x0000000086600000, 0x0000000086700000|  0%| F|  |TAMS 0x0000000086600000, 0x0000000086600000| Untracked 
| 103|0x0000000086700000, 0x0000000086700000, 0x0000000086800000|  0%| F|  |TAMS 0x0000000086700000, 0x0000000086700000| Untracked 
| 104|0x0000000086800000, 0x0000000086800000, 0x0000000086900000|  0%| F|  |TAMS 0x0000000086800000, 0x0000000086800000| Untracked 
| 105|0x0000000086900000, 0x0000000086900000, 0x0000000086a00000|  0%| F|  |TAMS 0x0000000086900000, 0x0000000086900000| Untracked 
| 106|0x0000000086a00000, 0x0000000086a00000, 0x0000000086b00000|  0%| F|  |TAMS 0x0000000086a00000, 0x0000000086a00000| Untracked 
| 107|0x0000000086b00000, 0x0000000086b00000, 0x0000000086c00000|  0%| F|  |TAMS 0x0000000086b00000, 0x0000000086b00000| Untracked 
| 108|0x0000000086c00000, 0x0000000086c00000, 0x0000000086d00000|  0%| F|  |TAMS 0x0000000086c00000, 0x0000000086c00000| Untracked 
| 109|0x0000000086d00000, 0x0000000086d00000, 0x0000000086e00000|  0%| F|  |TAMS 0x0000000086d00000, 0x0000000086d00000| Untracked 
| 110|0x0000000086e00000, 0x0000000086e00000, 0x0000000086f00000|  0%| F|  |TAMS 0x0000000086e00000, 0x0000000086e00000| Untracked 
| 111|0x0000000086f00000, 0x0000000086f00000, 0x0000000087000000|  0%| F|  |TAMS 0x0000000086f00000, 0x0000000086f00000| Untracked 
| 112|0x0000000087000000, 0x0000000087000000, 0x0000000087100000|  0%| F|  |TAMS 0x0000000087000000, 0x0000000087000000| Untracked 
| 113|0x0000000087100000, 0x0000000087100000, 0x0000000087200000|  0%| F|  |TAMS 0x0000000087100000, 0x0000000087100000| Untracked 
| 114|0x0000000087200000, 0x0000000087200000, 0x0000000087300000|  0%| F|  |TAMS 0x0000000087200000, 0x0000000087200000| Untracked 
| 115|0x0000000087300000, 0x0000000087300000, 0x0000000087400000|  0%| F|  |TAMS 0x0000000087300000, 0x0000000087300000| Untracked 
| 116|0x0000000087400000, 0x0000000087400000, 0x0000000087500000|  0%| F|  |TAMS 0x0000000087400000, 0x0000000087400000| Untracked 
| 117|0x0000000087500000, 0x0000000087500000, 0x0000000087600000|  0%| F|  |TAMS 0x0000000087500000, 0x0000000087500000| Untracked 
| 118|0x0000000087600000, 0x0000000087600000, 0x0000000087700000|  0%| F|  |TAMS 0x0000000087600000, 0x0000000087600000| Untracked 
| 119|0x0000000087700000, 0x0000000087700000, 0x0000000087800000|  0%| F|  |TAMS 0x0000000087700000, 0x0000000087700000| Untracked 
| 120|0x0000000087800000, 0x0000000087800000, 0x0000000087900000|  0%| F|  |TAMS 0x0000000087800000, 0x0000000087800000| Untracked 
| 121|0x0000000087900000, 0x0000000087900000, 0x0000000087a00000|  0%| F|  |TAMS 0x0000000087900000, 0x0000000087900000| Untracked 
| 122|0x0000000087a00000, 0x0000000087a00000, 0x0000000087b00000|  0%| F|  |TAMS 0x0000000087a00000, 0x0000000087a00000| Untracked 
| 123|0x0000000087b00000, 0x0000000087b00000, 0x0000000087c00000|  0%| F|  |TAMS 0x0000000087b00000, 0x0000000087b00000| Untracked 
| 124|0x0000000087c00000, 0x0000000087c00000, 0x0000000087d00000|  0%| F|  |TAMS 0x0000000087c00000, 0x0000000087c00000| Untracked 
| 125|0x0000000087d00000, 0x0000000087d00000, 0x0000000087e00000|  0%| F|  |TAMS 0x0000000087d00000, 0x0000000087d00000| Untracked 
| 126|0x0000000087e00000, 0x0000000087e00000, 0x0000000087f00000|  0%| F|  |TAMS 0x0000000087e00000, 0x0000000087e00000| Untracked 
| 127|0x0000000087f00000, 0x0000000087f00000, 0x0000000088000000|  0%| F|  |TAMS 0x0000000087f00000, 0x0000000087f00000| Untracked 
| 128|0x0000000088000000, 0x0000000088000000, 0x0000000088100000|  0%| F|  |TAMS 0x0000000088000000, 0x0000000088000000| Untracked 
| 129|0x0000000088100000, 0x00000000881271b0, 0x0000000088200000| 15%| S|CS|TAMS 0x0000000088100000, 0x0000000088100000| Complete 
| 130|0x0000000088200000, 0x0000000088300000, 0x0000000088300000|100%| S|CS|TAMS 0x0000000088200000, 0x0000000088200000| Complete 
| 131|0x0000000088300000, 0x0000000088400000, 0x0000000088400000|100%| S|CS|TAMS 0x0000000088300000, 0x0000000088300000| Complete 
| 132|0x0000000088400000, 0x0000000088500000, 0x0000000088500000|100%| S|CS|TAMS 0x0000000088400000, 0x0000000088400000| Complete 
| 133|0x0000000088500000, 0x0000000088500000, 0x0000000088600000|  0%| F|  |TAMS 0x0000000088500000, 0x0000000088500000| Untracked 
| 134|0x0000000088600000, 0x0000000088600000, 0x0000000088700000|  0%| F|  |TAMS 0x0000000088600000, 0x0000000088600000| Untracked 
| 135|0x0000000088700000, 0x0000000088700000, 0x0000000088800000|  0%| F|  |TAMS 0x0000000088700000, 0x0000000088700000| Untracked 
| 136|0x0000000088800000, 0x0000000088800000, 0x0000000088900000|  0%| F|  |TAMS 0x0000000088800000, 0x0000000088800000| Untracked 
| 137|0x0000000088900000, 0x0000000088900000, 0x0000000088a00000|  0%| F|  |TAMS 0x0000000088900000, 0x0000000088900000| Untracked 
| 138|0x0000000088a00000, 0x0000000088a00000, 0x0000000088b00000|  0%| F|  |TAMS 0x0000000088a00000, 0x0000000088a00000| Untracked 
| 139|0x0000000088b00000, 0x0000000088b00000, 0x0000000088c00000|  0%| F|  |TAMS 0x0000000088b00000, 0x0000000088b00000| Untracked 
| 140|0x0000000088c00000, 0x0000000088c00000, 0x0000000088d00000|  0%| F|  |TAMS 0x0000000088c00000, 0x0000000088c00000| Untracked 
| 141|0x0000000088d00000, 0x0000000088d00000, 0x0000000088e00000|  0%| F|  |TAMS 0x0000000088d00000, 0x0000000088d00000| Untracked 
| 142|0x0000000088e00000, 0x0000000088e00000, 0x0000000088f00000|  0%| F|  |TAMS 0x0000000088e00000, 0x0000000088e00000| Untracked 
| 143|0x0000000088f00000, 0x0000000088f00000, 0x0000000089000000|  0%| F|  |TAMS 0x0000000088f00000, 0x0000000088f00000| Untracked 
| 144|0x0000000089000000, 0x0000000089000000, 0x0000000089100000|  0%| F|  |TAMS 0x0000000089000000, 0x0000000089000000| Untracked 
| 145|0x0000000089100000, 0x0000000089100000, 0x0000000089200000|  0%| F|  |TAMS 0x0000000089100000, 0x0000000089100000| Untracked 
| 146|0x0000000089200000, 0x0000000089200000, 0x0000000089300000|  0%| F|  |TAMS 0x0000000089200000, 0x0000000089200000| Untracked 
| 147|0x0000000089300000, 0x0000000089300000, 0x0000000089400000|  0%| F|  |TAMS 0x0000000089300000, 0x0000000089300000| Untracked 
| 148|0x0000000089400000, 0x0000000089400000, 0x0000000089500000|  0%| F|  |TAMS 0x0000000089400000, 0x0000000089400000| Untracked 
| 149|0x0000000089500000, 0x0000000089500000, 0x0000000089600000|  0%| F|  |TAMS 0x0000000089500000, 0x0000000089500000| Untracked 
| 150|0x0000000089600000, 0x0000000089600000, 0x0000000089700000|  0%| F|  |TAMS 0x0000000089600000, 0x0000000089600000| Untracked 
| 151|0x0000000089700000, 0x0000000089700000, 0x0000000089800000|  0%| F|  |TAMS 0x0000000089700000, 0x0000000089700000| Untracked 
| 152|0x0000000089800000, 0x0000000089800000, 0x0000000089900000|  0%| F|  |TAMS 0x0000000089800000, 0x0000000089800000| Untracked 
| 153|0x0000000089900000, 0x0000000089900000, 0x0000000089a00000|  0%| F|  |TAMS 0x0000000089900000, 0x0000000089900000| Untracked 
| 154|0x0000000089a00000, 0x0000000089a00000, 0x0000000089b00000|  0%| F|  |TAMS 0x0000000089a00000, 0x0000000089a00000| Untracked 
| 155|0x0000000089b00000, 0x0000000089b00000, 0x0000000089c00000|  0%| F|  |TAMS 0x0000000089b00000, 0x0000000089b00000| Untracked 
| 156|0x0000000089c00000, 0x0000000089c00000, 0x0000000089d00000|  0%| F|  |TAMS 0x0000000089c00000, 0x0000000089c00000| Untracked 
| 157|0x0000000089d00000, 0x0000000089d00000, 0x0000000089e00000|  0%| F|  |TAMS 0x0000000089d00000, 0x0000000089d00000| Untracked 
| 158|0x0000000089e00000, 0x0000000089e00000, 0x0000000089f00000|  0%| F|  |TAMS 0x0000000089e00000, 0x0000000089e00000| Untracked 
| 159|0x0000000089f00000, 0x0000000089f00000, 0x000000008a000000|  0%| F|  |TAMS 0x0000000089f00000, 0x0000000089f00000| Untracked 
| 160|0x000000008a000000, 0x000000008a000000, 0x000000008a100000|  0%| F|  |TAMS 0x000000008a000000, 0x000000008a000000| Untracked 
| 161|0x000000008a100000, 0x000000008a100000, 0x000000008a200000|  0%| F|  |TAMS 0x000000008a100000, 0x000000008a100000| Untracked 
| 162|0x000000008a200000, 0x000000008a200000, 0x000000008a300000|  0%| F|  |TAMS 0x000000008a200000, 0x000000008a200000| Untracked 
| 163|0x000000008a300000, 0x000000008a300000, 0x000000008a400000|  0%| F|  |TAMS 0x000000008a300000, 0x000000008a300000| Untracked 
| 164|0x000000008a400000, 0x000000008a400000, 0x000000008a500000|  0%| F|  |TAMS 0x000000008a400000, 0x000000008a400000| Untracked 
| 165|0x000000008a500000, 0x000000008a500000, 0x000000008a600000|  0%| F|  |TAMS 0x000000008a500000, 0x000000008a500000| Untracked 
| 166|0x000000008a600000, 0x000000008a600000, 0x000000008a700000|  0%| F|  |TAMS 0x000000008a600000, 0x000000008a600000| Untracked 
| 167|0x000000008a700000, 0x000000008a700000, 0x000000008a800000|  0%| F|  |TAMS 0x000000008a700000, 0x000000008a700000| Untracked 
| 168|0x000000008a800000, 0x000000008a800000, 0x000000008a900000|  0%| F|  |TAMS 0x000000008a800000, 0x000000008a800000| Untracked 
| 169|0x000000008a900000, 0x000000008a900000, 0x000000008aa00000|  0%| F|  |TAMS 0x000000008a900000, 0x000000008a900000| Untracked 
| 170|0x000000008aa00000, 0x000000008aa00000, 0x000000008ab00000|  0%| F|  |TAMS 0x000000008aa00000, 0x000000008aa00000| Untracked 
| 171|0x000000008ab00000, 0x000000008ab00000, 0x000000008ac00000|  0%| F|  |TAMS 0x000000008ab00000, 0x000000008ab00000| Untracked 
| 172|0x000000008ac00000, 0x000000008ac00000, 0x000000008ad00000|  0%| F|  |TAMS 0x000000008ac00000, 0x000000008ac00000| Untracked 
| 173|0x000000008ad00000, 0x000000008ad00000, 0x000000008ae00000|  0%| F|  |TAMS 0x000000008ad00000, 0x000000008ad00000| Untracked 
| 174|0x000000008ae00000, 0x000000008ae00000, 0x000000008af00000|  0%| F|  |TAMS 0x000000008ae00000, 0x000000008ae00000| Untracked 
| 175|0x000000008af00000, 0x000000008af00000, 0x000000008b000000|  0%| F|  |TAMS 0x000000008af00000, 0x000000008af00000| Untracked 
| 176|0x000000008b000000, 0x000000008b000000, 0x000000008b100000|  0%| F|  |TAMS 0x000000008b000000, 0x000000008b000000| Untracked 
| 177|0x000000008b100000, 0x000000008b100000, 0x000000008b200000|  0%| F|  |TAMS 0x000000008b100000, 0x000000008b100000| Untracked 
| 178|0x000000008b200000, 0x000000008b2e84a8, 0x000000008b300000| 90%| E|  |TAMS 0x000000008b200000, 0x000000008b200000| Complete 
| 179|0x000000008b300000, 0x000000008b400000, 0x000000008b400000|100%| E|CS|TAMS 0x000000008b300000, 0x000000008b300000| Complete 
| 180|0x000000008b400000, 0x000000008b500000, 0x000000008b500000|100%| E|CS|TAMS 0x000000008b400000, 0x000000008b400000| Complete 
| 181|0x000000008b500000, 0x000000008b600000, 0x000000008b600000|100%| E|CS|TAMS 0x000000008b500000, 0x000000008b500000| Complete 
| 182|0x000000008b600000, 0x000000008b700000, 0x000000008b700000|100%| E|CS|TAMS 0x000000008b600000, 0x000000008b600000| Complete 
| 183|0x000000008b700000, 0x000000008b800000, 0x000000008b800000|100%| E|CS|TAMS 0x000000008b700000, 0x000000008b700000| Complete 
| 184|0x000000008b800000, 0x000000008b900000, 0x000000008b900000|100%| E|CS|TAMS 0x000000008b800000, 0x000000008b800000| Complete 
| 185|0x000000008b900000, 0x000000008ba00000, 0x000000008ba00000|100%| E|CS|TAMS 0x000000008b900000, 0x000000008b900000| Complete 
| 186|0x000000008ba00000, 0x000000008bb00000, 0x000000008bb00000|100%| E|CS|TAMS 0x000000008ba00000, 0x000000008ba00000| Complete 
| 187|0x000000008bb00000, 0x000000008bc00000, 0x000000008bc00000|100%| E|CS|TAMS 0x000000008bb00000, 0x000000008bb00000| Complete 

Card table byte_map: [0x000001adf9080000,0x000001adf9480000] _byte_map_base: 0x000001adf8c80000

Marking Bits (Prev, Next): (CMBitMap*) 0x000001ade43df220, (CMBitMap*) 0x000001ade43df1e8
 Prev Bits: [0x000001adfb880000, 0x000001adfd880000)
 Next Bits: [0x000001adf9880000, 0x000001adfb880000)

Polling page: 0x000001ade4470000

Metaspace:

Usage:
  Non-class:     23.13 MB capacity,    22.75 MB ( 98%) used,   329.23 KB (  1%) free+waste,    57.63 KB ( <1%) overhead. 
      Class:      3.70 MB capacity,     3.43 MB ( 93%) used,   243.56 KB (  6%) free+waste,    29.13 KB ( <1%) overhead. 
       Both:     26.83 MB capacity,    26.18 MB ( 98%) used,   572.80 KB (  2%) free+waste,    86.75 KB ( <1%) overhead. 

Virtual space:
  Non-class space:       24.00 MB reserved,      23.17 MB ( 97%) committed 
      Class space:        1.00 GB reserved,       3.75 MB ( <1%) committed 
             Both:        1.02 GB reserved,      26.92 MB (  3%) committed 

Chunk freelists:
   Non-Class:  1.00 KB
       Class:  20.00 KB
        Both:  21.00 KB

MaxMetaspaceSize: 17179869184.00 GB
CompressedClassSpaceSize: 1.00 GB

CodeHeap 'non-profiled nmethods': size=120064Kb used=1188Kb max_used=1188Kb free=118876Kb
 bounds [0x000001adf1110000, 0x000001adf1380000, 0x000001adf8650000]
CodeHeap 'profiled nmethods': size=120000Kb used=5152Kb max_used=5152Kb free=114847Kb
 bounds [0x000001ade9be0000, 0x000001adea0f0000, 0x000001adf1110000]
CodeHeap 'non-nmethods': size=5696Kb used=1161Kb max_used=1195Kb free=4534Kb
 bounds [0x000001ade9650000, 0x000001ade98c0000, 0x000001ade9be0000]
 total_blobs=2930 nmethods=2428 adapters=413
 compilation: enabled
              stopped_count=0, restarted_count=0
 full_count=0

Compilation events (20 events):
Event: 8.556 Thread 0x000001ad80867000 2403       2       java.net.URL::equals (24 bytes)
Event: 8.557 Thread 0x000001ad80867000 nmethod 2403 0x000001adea0d3d90 code [0x000001adea0d3f40, 0x000001adea0d4108]
Event: 8.557 Thread 0x000001ad80867000 2404       2       java.net.URLStreamHandler::equals (45 bytes)
Event: 8.557 Thread 0x000001ad80867000 nmethod 2404 0x000001adea0d4210 code [0x000001adea0d43e0, 0x000001adea0d4598]
Event: 8.557 Thread 0x000001ad80867000 2405       2       java.net.URLStreamHandler::sameFile (136 bytes)
Event: 8.558 Thread 0x000001ad80867000 nmethod 2405 0x000001adea0d4710 code [0x000001adea0d4900, 0x000001adea0d4ba8]
Event: 8.573 Thread 0x000001ad80867000 2406       2       java.io.ObjectStreamField::getTypeCode (9 bytes)
Event: 8.574 Thread 0x000001ad80867000 nmethod 2406 0x000001adea0d4d90 code [0x000001adea0d4f60, 0x000001adea0d51a8]
Event: 8.581 Thread 0x000001ad80867000 2407       2       com.google.common.collect.ImmutableSet$RegularSetBuilderImpl::add (122 bytes)
Event: 8.582 Thread 0x000001ad80867000 nmethod 2407 0x000001adea0d5390 code [0x000001adea0d55e0, 0x000001adea0d5c88]
Event: 8.582 Thread 0x000001ad80867000 2408       2       com.google.common.collect.ImmutableSet$SetBuilderImpl::addDedupedElement (28 bytes)
Event: 8.582 Thread 0x000001ad80867000 nmethod 2408 0x000001adea0d6090 code [0x000001adea0d6260, 0x000001adea0d6538]
Event: 8.597 Thread 0x000001ad80867000 2409       3       java.util.zip.ZipFile$Source::initCEN (658 bytes)
Event: 8.602 Thread 0x000001ad80867000 nmethod 2409 0x000001adea0d6710 code [0x000001adea0d6d60, 0x000001adea0da6c8]
Event: 8.602 Thread 0x000001ad80867000 2410       2       java.util.jar.JavaUtilJarAccessImpl::jarFileHasClassPathAttribute (5 bytes)
Event: 8.603 Thread 0x000001ad80867000 nmethod 2410 0x000001adea0dc110 code [0x000001adea0dc2c0, 0x000001adea0dc3e8]
Event: 8.603 Thread 0x000001ad80867000 2411       2       java.util.jar.JarFile::hasClassPathAttribute (9 bytes)
Event: 8.603 Thread 0x000001ad80867000 nmethod 2411 0x000001adea0dc510 code [0x000001adea0dc6c0, 0x000001adea0dc7e8]
Event: 8.604 Thread 0x000001ad80867000 2412       2       java.util.jar.JarFile::getManEntry (91 bytes)
Event: 8.605 Thread 0x000001ad80867000 nmethod 2412 0x000001adea0dc890 code [0x000001adea0dcac0, 0x000001adea0dd058]

GC Heap History (12 events):
Event: 1.429 GC heap before
{Heap before GC invocations=0 (full 0):
 garbage-first heap   total 192512K, used 17408K [0x0000000080000000, 0x0000000100000000)
  region size 1024K, 14 young (14336K), 0 survivors (0K)
 Metaspace       used 6786K, capacity 7001K, committed 7168K, reserved 1056768K
  class space    used 585K, capacity 650K, committed 768K, reserved 1048576K
}
Event: 1.434 GC heap after
{Heap after GC invocations=1 (full 0):
 garbage-first heap   total 192512K, used 4255K [0x0000000080000000, 0x0000000100000000)
  region size 1024K, 2 young (2048K), 2 survivors (2048K)
 Metaspace       used 6786K, capacity 7001K, committed 7168K, reserved 1056768K
  class space    used 585K, capacity 650K, committed 768K, reserved 1048576K
}
Event: 2.587 GC heap before
{Heap before GC invocations=1 (full 0):
 garbage-first heap   total 192512K, used 19615K [0x0000000080000000, 0x0000000100000000)
  region size 1024K, 14 young (14336K), 2 survivors (2048K)
 Metaspace       used 9960K, capacity 10194K, committed 10368K, reserved 1058816K
  class space    used 1031K, capacity 1102K, committed 1152K, reserved 1048576K
}
Event: 2.594 GC heap after
{Heap after GC invocations=2 (full 0):
 garbage-first heap   total 192512K, used 9372K [0x0000000080000000, 0x0000000100000000)
  region size 1024K, 2 young (2048K), 2 survivors (2048K)
 Metaspace       used 9960K, capacity 10194K, committed 10368K, reserved 1058816K
  class space    used 1031K, capacity 1102K, committed 1152K, reserved 1048576K
}
Event: 3.553 GC heap before
{Heap before GC invocations=2 (full 0):
 garbage-first heap   total 192512K, used 39068K [0x0000000080000000, 0x0000000100000000)
  region size 1024K, 30 young (30720K), 2 survivors (2048K)
 Metaspace       used 10930K, capacity 11149K, committed 11264K, reserved 1058816K
  class space    used 1133K, capacity 1207K, committed 1280K, reserved 1048576K
}
Event: 3.556 GC heap after
{Heap after GC invocations=3 (full 0):
 garbage-first heap   total 192512K, used 11472K [0x0000000080000000, 0x0000000100000000)
  region size 1024K, 3 young (3072K), 3 survivors (3072K)
 Metaspace       used 10930K, capacity 11149K, committed 11264K, reserved 1058816K
  class space    used 1133K, capacity 1207K, committed 1280K, reserved 1048576K
}
Event: 6.535 GC heap before
{Heap before GC invocations=3 (full 0):
 garbage-first heap   total 192512K, used 53456K [0x0000000080000000, 0x0000000100000000)
  region size 1024K, 44 young (45056K), 3 survivors (3072K)
 Metaspace       used 17790K, capacity 18179K, committed 18432K, reserved 1064960K
  class space    used 2076K, capacity 2202K, committed 2304K, reserved 1048576K
}
Event: 6.544 GC heap after
{Heap after GC invocations=4 (full 0):
 garbage-first heap   total 192512K, used 16237K [0x0000000080000000, 0x0000000100000000)
  region size 1024K, 6 young (6144K), 6 survivors (6144K)
 Metaspace       used 17790K, capacity 18179K, committed 18432K, reserved 1064960K
  class space    used 2076K, capacity 2202K, committed 2304K, reserved 1048576K
}
Event: 7.128 GC heap before
{Heap before GC invocations=4 (full 0):
 garbage-first heap   total 192512K, used 42861K [0x0000000080000000, 0x0000000100000000)
  region size 1024K, 33 young (33792K), 6 survivors (6144K)
 Metaspace       used 20739K, capacity 21128K, committed 21296K, reserved 1069056K
  class space    used 2530K, capacity 2674K, committed 2688K, reserved 1048576K
}
Event: 7.142 GC heap after
{Heap after GC invocations=5 (full 0):
 garbage-first heap   total 192512K, used 17086K [0x0000000080000000, 0x0000000100000000)
  region size 1024K, 5 young (5120K), 5 survivors (5120K)
 Metaspace       used 20739K, capacity 21128K, committed 21296K, reserved 1069056K
  class space    used 2530K, capacity 2674K, committed 2688K, reserved 1048576K
}
Event: 8.347 GC heap before
{Heap before GC invocations=6 (full 0):
 garbage-first heap   total 192512K, used 68286K [0x0000000080000000, 0x0000000100000000)
  region size 1024K, 55 young (56320K), 5 survivors (5120K)
 Metaspace       used 25963K, capacity 26583K, committed 26800K, reserved 1073152K
  class space    used 3370K, capacity 3583K, committed 3584K, reserved 1048576K
}
Event: 8.357 GC heap after
{Heap after GC invocations=7 (full 0):
 garbage-first heap   total 192512K, used 19526K [0x0000000080000000, 0x0000000100000000)
  region size 1024K, 4 young (4096K), 4 survivors (4096K)
 Metaspace       used 25963K, capacity 26583K, committed 26800K, reserved 1073152K
  class space    used 3370K, capacity 3583K, committed 3584K, reserved 1048576K
}

Deoptimization events (20 events):
Event: 8.557 Thread 0x000001ad838d7000 Uncommon trap: trap_request=0xffffffc6 fr.pc=0x000001adf1222d54 relative=0x0000000000003a34
Event: 8.558 Thread 0x000001ad838d7000 Uncommon trap: reason=bimorphic_or_optimized_type_check action=maybe_recompile pc=0x000001adf1222d54 method=java.lang.ClassLoader.loadClass(Ljava/lang/String;Z)Ljava/lang/Class; @ 38 c2
Event: 8.558 Thread 0x000001ad838d7000 DEOPT PACKING pc=0x000001adf1222d54 sp=0x00000008c19fb9d0
Event: 8.558 Thread 0x000001ad838d7000 DEOPT UNPACKING pc=0x000001ade96778af sp=0x00000008c19fba20 mode 2
Event: 8.568 Thread 0x000001ad838d7000 Uncommon trap: trap_request=0xffffffc6 fr.pc=0x000001adf1222d54 relative=0x0000000000003a34
Event: 8.569 Thread 0x000001ad838d7000 Uncommon trap: reason=bimorphic_or_optimized_type_check action=maybe_recompile pc=0x000001adf1222d54 method=java.lang.ClassLoader.loadClass(Ljava/lang/String;Z)Ljava/lang/Class; @ 38 c2
Event: 8.569 Thread 0x000001ad838d7000 DEOPT PACKING pc=0x000001adf1222d54 sp=0x00000008c19f8660
Event: 8.569 Thread 0x000001ad838d7000 DEOPT UNPACKING pc=0x000001ade96778af sp=0x00000008c19f86b0 mode 2
Event: 8.570 Thread 0x000001ad838d7000 Uncommon trap: trap_request=0xffffffc6 fr.pc=0x000001adf1222d54 relative=0x0000000000003a34
Event: 8.570 Thread 0x000001ad838d7000 Uncommon trap: reason=bimorphic_or_optimized_type_check action=maybe_recompile pc=0x000001adf1222d54 method=java.lang.ClassLoader.loadClass(Ljava/lang/String;Z)Ljava/lang/Class; @ 38 c2
Event: 8.570 Thread 0x000001ad838d7000 DEOPT PACKING pc=0x000001adf1222d54 sp=0x00000008c19f88f0
Event: 8.570 Thread 0x000001ad838d7000 DEOPT UNPACKING pc=0x000001ade96778af sp=0x00000008c19f8940 mode 2
Event: 8.571 Thread 0x000001ad838d7000 Uncommon trap: trap_request=0xffffffc6 fr.pc=0x000001adf1222d54 relative=0x0000000000003a34
Event: 8.571 Thread 0x000001ad838d7000 Uncommon trap: reason=bimorphic_or_optimized_type_check action=maybe_recompile pc=0x000001adf1222d54 method=java.lang.ClassLoader.loadClass(Ljava/lang/String;Z)Ljava/lang/Class; @ 38 c2
Event: 8.571 Thread 0x000001ad838d7000 DEOPT PACKING pc=0x000001adf1222d54 sp=0x00000008c19f9fa0
Event: 8.571 Thread 0x000001ad838d7000 DEOPT UNPACKING pc=0x000001ade96778af sp=0x00000008c19f9ff0 mode 2
Event: 8.596 Thread 0x000001ad838d7000 Uncommon trap: trap_request=0xffffff4d fr.pc=0x000001adf119ded8 relative=0x0000000000001b78
Event: 8.596 Thread 0x000001ad838d7000 Uncommon trap: reason=unstable_if action=reinterpret pc=0x000001adf119ded8 method=java.util.zip.ZipFile$Source.initCEN(ILjava/util/zip/ZipCoder;)V @ 582 c2
Event: 8.596 Thread 0x000001ad838d7000 DEOPT PACKING pc=0x000001adf119ded8 sp=0x00000008c19f5fd0
Event: 8.596 Thread 0x000001ad838d7000 DEOPT UNPACKING pc=0x000001ade96778af sp=0x00000008c19f5fa8 mode 2

Classes redefined (0 events):
No events

Internal exceptions (20 events):
Event: 7.084 Thread 0x000001ad838d7000 Exception <a 'java/lang/NoSuchMethodError'{0x000000008a27f958}: 'java.lang.Object java.lang.invoke.Invokers$Holder.linkToTargetMethod(java.lang.Object, java.lang.Object, int, java.lang.Object)'> (0x000000008a27f958) thrown at [./src/hotspot/share/interpreter/linkResolver.cpp, line 773]
Event: 7.256 Thread 0x000001ad838d7000 Exception <a 'java/lang/NoSuchMethodError'{0x000000008b88fd00}: 'int java.lang.invoke.DirectMethodHandle$Holder.invokeSpecialIFC(java.lang.Object, java.lang.Object, java.lang.Object, java.lang.Object)'> (0x000000008b88fd00) thrown at [./src/hotspot/share/interpreter/linkResolver.cpp, line 773]
Event: 7.259 Thread 0x000001ad838d7000 Exception <a 'java/lang/NoSuchMethodError'{0x000000008b89dcb8}: 'java.lang.Object java.lang.invoke.DirectMethodHandle$Holder.invokeInterface(java.lang.Object, java.lang.Object, java.lang.Object)'> (0x000000008b89dcb8) thrown at [./src/hotspot/share/interpreter/linkResolver.cpp, line 773]
Event: 7.259 Thread 0x000001ad838d7000 Exception <a 'java/lang/IncompatibleClassChangeError'{0x000000008b8a1190}: Found class java.lang.Object, but interface was expected> (0x000000008b8a1190) thrown at [./src/hotspot/share/interpreter/linkResolver.cpp, line 839]
Event: 7.288 Thread 0x000001ad838d7000 Exception <a 'java/lang/NoSuchMethodError'{0x000000008b698388}: 'void java.lang.invoke.DirectMethodHandle$Holder.invokeStatic(java.lang.Object, java.lang.Object, java.lang.Object, java.lang.Object, java.lang.Object)'> (0x000000008b698388) thrown at [./src/hotspot/share/interpreter/linkResolver.cpp, line 773]
Event: 7.584 Thread 0x000001ad838d7000 Exception <a 'java/lang/NoSuchMethodError'{0x000000008afc57d8}: 'java.lang.Object java.lang.invoke.DirectMethodHandle$Holder.invokeSpecial(java.lang.Object, java.lang.Object, java.lang.Object, java.lang.Object, java.lang.Object, java.lang.Object, java.lang.Object, java.lang.Object, java.lang.Object)'> (0x000000008afc57d8) thrown at [./src/hotspot/share/interpreter/linkResolver.cpp, line 773]
Event: 7.749 Thread 0x000001ad838d7000 Exception <a 'java/lang/NoSuchMethodError'{0x000000008a5c3118}: 'java.lang.Object java.lang.invoke.DirectMethodHandle$Holder.invokeVirtual(java.lang.Object, java.lang.Object, java.lang.Object, java.lang.Object)'> (0x000000008a5c3118) thrown at [./src/hotspot/share/interpreter/linkResolver.cpp, line 773]
Event: 7.909 Thread 0x000001ad838d7000 Exception <a 'java/lang/NoSuchMethodError'{0x000000008996dbf0}: 'void java.lang.invoke.DirectMethodHandle$Holder.invokeSpecial(java.lang.Object, java.lang.Object, java.lang.Object, java.lang.Object, java.lang.Object, java.lang.Object)'> (0x000000008996dbf0) thrown at [./src/hotspot/share/interpreter/linkResolver.cpp, line 773]
Event: 7.935 Thread 0x000001ad838d7000 Exception <a 'java/lang/NoSuchMethodError'{0x00000000899f70c0}: 'void java.lang.invoke.DirectMethodHandle$Holder.invokeSpecial(java.lang.Object, java.lang.Object, java.lang.Object, java.lang.Object, java.lang.Object, java.lang.Object, java.lang.Object)'> (0x00000000899f70c0) thrown at [./src/hotspot/share/interpreter/linkResolver.cpp, line 773]
Event: 7.936 Thread 0x000001ad838d7000 Exception <a 'java/lang/NoSuchMethodError'{0x00000000899ff5b0}: 'java.lang.Object java.lang.invoke.Invokers$Holder.linkToTargetMethod(java.lang.Object, java.lang.Object, java.lang.Object, java.lang.Object, java.lang.Object, java.lang.Object)'> (0x00000000899ff5b0) thrown at [./src/hotspot/share/interpreter/linkResolver.cpp, line 773]
Event: 8.081 Thread 0x000001ad838d7000 Exception <a 'java/lang/NoSuchMethodError'{0x0000000088f71300}: 'int java.lang.invoke.DirectMethodHandle$Holder.invokeStaticInit(java.lang.Object, java.lang.Object, java.lang.Object)'> (0x0000000088f71300) thrown at [./src/hotspot/share/interpreter/linkResolver.cpp, line 773]
Event: 8.196 Thread 0x000001ad838d7000 Exception <a 'java/lang/NoSuchMethodError'{0x0000000088aad1b0}: 'void java.lang.invoke.DirectMethodHandle$Holder.invokeStaticInit(java.lang.Object, java.lang.Object)'> (0x0000000088aad1b0) thrown at [./src/hotspot/share/interpreter/linkResolver.cpp, line 773]
Event: 8.364 Thread 0x000001ad838d7000 Exception <a 'java/lang/NoSuchMethodError'{0x000000008bb48ce0}: 'void java.lang.invoke.DirectMethodHandle$Holder.invokeStatic(java.lang.Object, java.lang.Object, java.lang.Object, java.lang.Object)'> (0x000000008bb48ce0) thrown at [./src/hotspot/share/interpreter/linkResolver.cpp, line 773]
Event: 8.368 Thread 0x000001ad838d7000 Exception <a 'java/lang/NoSuchMethodError'{0x000000008bb5c7d0}: 'int java.lang.invoke.DirectMethodHandle$Holder.invokeInterface(java.lang.Object, java.lang.Object)'> (0x000000008bb5c7d0) thrown at [./src/hotspot/share/interpreter/linkResolver.cpp, line 773]
Event: 8.423 Thread 0x000001ad83956000 Exception <a 'java/lang/NoSuchMethodError'{0x000000008b90a5d0}: 'void java.lang.invoke.DirectMethodHandle$Holder.invokeSpecial(java.lang.Object, java.lang.Object)'> (0x000000008b90a5d0) thrown at [./src/hotspot/share/interpreter/linkResolver.cpp, line 773]
Event: 8.480 Thread 0x000001ad838d7000 Exception <a 'java/lang/NoSuchMethodError'{0x000000008b8a7fe0}: 'java.lang.Object java.lang.invoke.DirectMethodHandle$Holder.invokeStatic(java.lang.Object, java.lang.Object, int, java.lang.Object)'> (0x000000008b8a7fe0) thrown at [./src/hotspot/share/interpreter/linkResolver.cpp, line 773]
Event: 8.481 Thread 0x000001ad838d7000 Exception <a 'java/lang/NoSuchMethodError'{0x000000008b8b1ed8}: 'java.lang.Object java.lang.invoke.Invokers$Holder.linkToTargetMethod(java.lang.Object, int, java.lang.Object, java.lang.Object)'> (0x000000008b8b1ed8) thrown at [./src/hotspot/share/interpreter/linkResolver.cpp, line 773]
Event: 8.574 Thread 0x000001ad838d7000 Exception <a 'java/lang/NoSuchMethodError'{0x000000008b5b80d8}: <clinit>> (0x000000008b5b80d8) thrown at [./src/hotspot/share/prims/jni.cpp, line 1362]
Event: 8.581 Thread 0x000001ad838d7000 Exception <a 'java/lang/NoSuchMethodError'{0x000000008b415bd8}: <clinit>> (0x000000008b415bd8) thrown at [./src/hotspot/share/prims/jni.cpp, line 1362]
Event: 8.596 Thread 0x000001ad838d7000 Implicit null exception at 0x000001adf119d28d to 0x000001adf119deb9

Events (20 events):
Event: 8.598 loading class org/jetbrains/plugins/gradle/model/Build
Event: 8.598 loading class org/jetbrains/plugins/gradle/model/Build done
Event: 8.598 loading class org/gradle/tooling/model/BuildModel
Event: 8.598 loading class org/gradle/tooling/model/BuildModel done
Event: 8.599 loading class org/jetbrains/plugins/gradle/model/ProjectImportModelProvider$ProjectModelConsumer
Event: 8.599 loading class org/jetbrains/plugins/gradle/model/ProjectImportModelProvider$ProjectModelConsumer done
Event: 8.599 loading class org/gradle/tooling/model/Model
Event: 8.599 loading class org/gradle/tooling/model/Model done
Event: 8.600 loading class com/intellij/openapi/externalSystem/model/ExternalSystemException
Event: 8.600 loading class com/intellij/openapi/externalSystem/model/ExternalSystemException done
Event: 8.605 loading class org/jetbrains/plugins/gradle/model/ProjectImportModelProvider$BuildModelConsumer
Event: 8.605 loading class org/jetbrains/plugins/gradle/model/ProjectImportModelProvider$BuildModelConsumer done
Event: 8.605 loading class org/jetbrains/plugins/gradle/model/ProjectImportAction$AllModels
Event: 8.605 loading class org/jetbrains/plugins/gradle/model/ProjectImportAction$AllModels done
Event: 8.606 loading class org/jetbrains/plugins/gradle/model/ModelsHolder
Event: 8.606 loading class org/jetbrains/plugins/gradle/model/ModelsHolder done
Event: 8.607 loading class org/gradle/tooling/model/gradle/GradleBuild
Event: 8.607 loading class org/gradle/tooling/model/gradle/GradleBuild done
Event: 8.607 loading class org/jetbrains/plugins/gradle/model/ProjectImportAction$ToolingSerializerAdapter
Event: 8.607 loading class org/jetbrains/plugins/gradle/model/ProjectImportAction$ToolingSerializerAdapter done


Dynamic libraries:
0x00007ff7d86d0000 - 0x00007ff7d86da000 	C:\Program Files\Android\Android Studio\jre\bin\java.exe
0x00007ff9f4d60000 - 0x00007ff9f4f50000 	C:\WINDOWS\SYSTEM32\ntdll.dll
0x00007ff9f4430000 - 0x00007ff9f44e2000 	C:\WINDOWS\System32\KERNEL32.DLL
0x00007ff9f21a0000 - 0x00007ff9f2446000 	C:\WINDOWS\System32\KERNELBASE.dll
0x00007ff9f20a0000 - 0x00007ff9f219a000 	C:\WINDOWS\System32\ucrtbase.dll
0x00007ff9cc7b0000 - 0x00007ff9cc7c7000 	C:\Program Files\Android\Android Studio\jre\bin\VCRUNTIME140.dll
0x00007ff9cc790000 - 0x00007ff9cc7a9000 	C:\Program Files\Android\Android Studio\jre\bin\jli.dll
0x00007ff9f3f80000 - 0x00007ff9f4114000 	C:\WINDOWS\System32\USER32.dll
0x00007ff9f2590000 - 0x00007ff9f25b1000 	C:\WINDOWS\System32\win32u.dll
0x00007ff9e3c60000 - 0x00007ff9e3ee4000 	C:\WINDOWS\WinSxS\amd64_microsoft.windows.common-controls_6595b64144ccf1df_6.0.18362.1679_none_9e7ff347e45cc1b7\COMCTL32.dll
0x00007ff9f33e0000 - 0x00007ff9f3406000 	C:\WINDOWS\System32\GDI32.dll
0x00007ff9f1cd0000 - 0x00007ff9f1e68000 	C:\WINDOWS\System32\gdi32full.dll
0x00007ff9f1ea0000 - 0x00007ff9f1f3e000 	C:\WINDOWS\System32\msvcp_win.dll
0x00007ff9f4380000 - 0x00007ff9f441e000 	C:\WINDOWS\System32\msvcrt.dll
0x00007ff9f30a0000 - 0x00007ff9f33d6000 	C:\WINDOWS\System32\combase.dll
0x00007ff9f3410000 - 0x00007ff9f352f000 	C:\WINDOWS\System32\RPCRT4.dll
0x00007ff9f2500000 - 0x00007ff9f2584000 	C:\WINDOWS\System32\bcryptPrimitives.dll
0x00007ff9f4660000 - 0x00007ff9f468e000 	C:\WINDOWS\System32\IMM32.DLL
0x00007ff9cc6f0000 - 0x00007ff9cc78d000 	C:\Program Files\Android\Android Studio\jre\bin\msvcp140.dll
0x00007ff997430000 - 0x00007ff997eff000 	C:\Program Files\Android\Android Studio\jre\bin\server\jvm.dll
0x00007ff9f4120000 - 0x00007ff9f41c3000 	C:\WINDOWS\System32\ADVAPI32.dll
0x00007ff9f45c0000 - 0x00007ff9f4657000 	C:\WINDOWS\System32\sechost.dll
0x00007ff9f4420000 - 0x00007ff9f4428000 	C:\WINDOWS\System32\PSAPI.DLL
0x00007ff9ed580000 - 0x00007ff9ed589000 	C:\WINDOWS\SYSTEM32\WSOCK32.dll
0x00007ff9f4550000 - 0x00007ff9f45bf000 	C:\WINDOWS\System32\WS2_32.dll
0x00007ff9ee4f0000 - 0x00007ff9ee514000 	C:\WINDOWS\SYSTEM32\WINMM.dll
0x00007ff9f06c0000 - 0x00007ff9f06ca000 	C:\WINDOWS\SYSTEM32\VERSION.dll
0x00007ff9ee4c0000 - 0x00007ff9ee4ed000 	C:\WINDOWS\SYSTEM32\winmmbase.dll
0x00007ff9f2450000 - 0x00007ff9f249a000 	C:\WINDOWS\System32\cfgmgr32.dll
0x00007ff9f1cb0000 - 0x00007ff9f1cc1000 	C:\WINDOWS\System32\kernel.appcore.dll
0x00007ff9ed3a0000 - 0x00007ff9ed3b1000 	C:\Program Files\Android\Android Studio\jre\bin\verify.dll
0x00007ff9e23e0000 - 0x00007ff9e25d4000 	C:\WINDOWS\SYSTEM32\DBGHELP.DLL
0x00007ff9e2300000 - 0x00007ff9e232a000 	C:\WINDOWS\SYSTEM32\dbgcore.DLL
0x00007ff9ea4d0000 - 0x00007ff9ea4f9000 	C:\Program Files\Android\Android Studio\jre\bin\java.dll
0x00007ff9e30b0000 - 0x00007ff9e30bb000 	C:\Program Files\Android\Android Studio\jre\bin\jimage.dll
0x00007ff9db150000 - 0x00007ff9db168000 	C:\Program Files\Android\Android Studio\jre\bin\zip.dll
0x00007ff9f3680000 - 0x00007ff9f3d67000 	C:\WINDOWS\System32\SHELL32.dll
0x00007ff9f47e0000 - 0x00007ff9f4889000 	C:\WINDOWS\System32\shcore.dll
0x00007ff9f2690000 - 0x00007ff9f2e0b000 	C:\WINDOWS\System32\windows.storage.dll
0x00007ff9f1c90000 - 0x00007ff9f1cae000 	C:\WINDOWS\System32\profapi.dll
0x00007ff9f1c40000 - 0x00007ff9f1c8a000 	C:\WINDOWS\System32\powrprof.dll
0x00007ff9f1c10000 - 0x00007ff9f1c20000 	C:\WINDOWS\System32\UMPDC.dll
0x00007ff9f2f70000 - 0x00007ff9f2fc2000 	C:\WINDOWS\System32\shlwapi.dll
0x00007ff9f2670000 - 0x00007ff9f2687000 	C:\WINDOWS\System32\cryptsp.dll
0x00007ff9db130000 - 0x00007ff9db14a000 	C:\Program Files\Android\Android Studio\jre\bin\net.dll
0x00007ff9e4e30000 - 0x00007ff9e4f29000 	C:\WINDOWS\SYSTEM32\WINHTTP.dll
0x00007ff9f13a0000 - 0x00007ff9f1407000 	C:\WINDOWS\system32\mswsock.dll
0x00007ff9db110000 - 0x00007ff9db124000 	C:\Program Files\Android\Android Studio\jre\bin\nio.dll
0x00007ff9e4200000 - 0x00007ff9e4227000 	C:\Users\Quan Nguyen\.gradle\native\e1d6ef7f7dcc3fd88c89a11ec53ec762bb8ba0a96d01ffa2cd45eb1d1d8dd5c5\windows-amd64\native-platform.dll
0x00007ff9ce900000 - 0x00007ff9cea44000 	C:\Users\Quan Nguyen\.gradle\native\5664cfc778a61ccfe75a443a1ab52a65af34e5dc3c78e0209fed803814484fcb\windows-amd64\native-platform-file-events.dll
0x00007ff9e30a0000 - 0x00007ff9e30aa000 	C:\Program Files\Android\Android Studio\jre\bin\management.dll
0x00007ff9db100000 - 0x00007ff9db10c000 	C:\Program Files\Android\Android Studio\jre\bin\management_ext.dll
0x00007ff9f0f30000 - 0x00007ff9f0f63000 	C:\WINDOWS\system32\rsaenh.dll
0x00007ff9f1e70000 - 0x00007ff9f1e96000 	C:\WINDOWS\System32\bcrypt.dll
0x00007ff9f1b30000 - 0x00007ff9f1b55000 	C:\WINDOWS\SYSTEM32\USERENV.dll
0x00007ff9f1520000 - 0x00007ff9f152c000 	C:\WINDOWS\SYSTEM32\CRYPTBASE.dll
0x00007ff9f10c0000 - 0x00007ff9f10fa000 	C:\WINDOWS\SYSTEM32\IPHLPAPI.DLL
0x00007ff9f4690000 - 0x00007ff9f4698000 	C:\WINDOWS\System32\NSI.dll
0x00007ff9e9410000 - 0x00007ff9e9426000 	C:\WINDOWS\SYSTEM32\dhcpcsvc6.DLL
0x00007ff9e93f0000 - 0x00007ff9e940c000 	C:\WINDOWS\SYSTEM32\dhcpcsvc.DLL
0x00007ff9f1100000 - 0x00007ff9f11ca000 	C:\WINDOWS\SYSTEM32\DNSAPI.dll

dbghelp: loaded successfully - version: 4.0.5 - missing functions: none
symbol engine: initialized successfully - sym options: 0x614 - pdb path: .;C:\Program Files\Android\Android Studio\jre\bin;C:\WINDOWS\SYSTEM32;C:\WINDOWS\WinSxS\amd64_microsoft.windows.common-controls_6595b64144ccf1df_6.0.18362.1679_none_9e7ff347e45cc1b7;C:\Program Files\Android\Android Studio\jre\bin\server;C:\Users\Quan Nguyen\.gradle\native\e1d6ef7f7dcc3fd88c89a11ec53ec762bb8ba0a96d01ffa2cd45eb1d1d8dd5c5\windows-amd64;C:\Users\Quan Nguyen\.gradle\native\5664cfc778a61ccfe75a443a1ab52a65af34e5dc3c78e0209fed803814484fcb\windows-amd64

VM Arguments:
jvm_args: --add-opens=java.base/java.util=ALL-UNNAMED --add-opens=java.base/java.lang=ALL-UNNAMED --add-opens=java.base/java.lang.invoke=ALL-UNNAMED --add-opens=java.base/java.util=ALL-UNNAMED --add-opens=java.prefs/java.util.prefs=ALL-UNNAMED --add-opens=java.prefs/java.util.prefs=ALL-UNNAMED --add-opens=java.base/java.nio.charset=ALL-UNNAMED --add-opens=java.base/java.net=ALL-UNNAMED --add-opens=java.base/java.util.concurrent.atomic=ALL-UNNAMED -Xmx2048m -Dfile.encoding=windows-1252 -Duser.country=US -Duser.language=en -Duser.variant 
java_command: org.gradle.launcher.daemon.bootstrap.GradleDaemon 7.2-rc-2
java_class_path (initial): C:\Users\Quan Nguyen\.gradle\wrapper\dists\gradle-7.2-rc-2-bin\eyi787cxrquwsgw2xezsjd2hx\gradle-7.2-rc-2\lib\gradle-launcher-7.2.jar
Launcher Type: SUN_STANDARD

[Global flags]
     intx CICompilerCount                          = 3                                         {product} {ergonomic}
     uint ConcGCThreads                            = 1                                         {product} {ergonomic}
     uint G1ConcRefinementThreads                  = 4                                         {product} {ergonomic}
   size_t G1HeapRegionSize                         = 1048576                                   {product} {ergonomic}
    uintx GCDrainStackTargetSize                   = 64                                        {product} {ergonomic}
   size_t InitialHeapSize                          = 197132288                                 {product} {ergonomic}
   size_t MarkStackSize                            = 4194304                                   {product} {ergonomic}
   size_t MaxHeapSize                              = 2147483648                                {product} {command line}
   size_t MaxNewSize                               = 1287651328                                {product} {ergonomic}
   size_t MinHeapDeltaBytes                        = 1048576                                   {product} {ergonomic}
    uintx NonNMethodCodeHeapSize                   = 5830732                                {pd product} {ergonomic}
    uintx NonProfiledCodeHeapSize                  = 122913754                              {pd product} {ergonomic}
    uintx ProfiledCodeHeapSize                     = 122913754                              {pd product} {ergonomic}
    uintx ReservedCodeCacheSize                    = 251658240                              {pd product} {ergonomic}
     bool SegmentedCodeCache                       = true                                      {product} {ergonomic}
     bool UseCompressedClassPointers               = true                                 {lp64_product} {ergonomic}
     bool UseCompressedOops                        = true                                 {lp64_product} {ergonomic}
     bool UseG1GC                                  = true                                      {product} {ergonomic}
     bool UseLargePagesIndividualAllocation        = false                                  {pd product} {ergonomic}

Logging:
Log output configuration:
 #0: stdout all=warning uptime,level,tags
 #1: stderr all=off uptime,level,tags

Environment Variables:
JAVA_HOME=C:\Program Files\Java\jdk-15.0.2\bin
PATH=C:\Program Files (x86)\Common Files\Oracle\Java\javapath;C:\Program Files\Common Files\Oracle\Java\javapath;C:\WINDOWS\system32;C:\WINDOWS;C:\WINDOWS\System32\Wbem;C:\WINDOWS\System32\WindowsPowerShell\v1.0\;C:\WINDOWS\System32\OpenSSH\;C:\Program Files\Git\cmd;C:\Users\Quan Nguyen\AppData\Local\Microsoft\WindowsApps;;C:\Users\Quan Nguyen\AppData\Local\Programs\Microsoft VS Code\bin
USERNAME=Quan Nguyen
OS=Windows_NT
PROCESSOR_IDENTIFIER=Intel64 Family 6 Model 78 Stepping 3, GenuineIntel



---------------  S Y S T E M  ---------------

OS: Windows 10 , 64 bit Build 18362 (10.0.18362.1645)
OS uptime: 0 days 1:22 hours
Hyper-V role detected

CPU:total 4 (initial active 4) (2 cores per cpu, 2 threads per core) family 6 model 78 stepping 3 microcode 0xc6, cmov, cx8, fxsr, mmx, sse, sse2, sse3, ssse3, sse4.1, sse4.2, popcnt, avx, avx2, aes, clmul, erms, 3dnowpref, lzcnt, ht, tsc, tscinvbit, bmi1, bmi2, adx, fma

Memory: 4k page, system-wide physical 11987M (852M free)
TotalPageFile size 27192M (AvailPageFile size 5M)
current process WorkingSet (physical memory assigned to process): 211M, peak: 211M
current process commit charge ("private bytes"): 348M, peak: 349M

vm_info: OpenJDK 64-Bit Server VM (11.0.10+0-b96-7249189) for windows-amd64 JRE (11.0.10+0-b96-7249189), built on Mar 31 2021 21:44:00 by "builder" with MS VC++ 14.0 (VS2015)

END.
