#
# There is insufficient memory for the Java Runtime Environment to continue.
# Native memory allocation (malloc) failed to allocate 1870736 bytes for Chunk::new
# Possible reasons:
#   The system is out of physical RAM or swap space
#   The process is running with CompressedOops enabled, and the Java Heap may be blocking the growth of the native heap
# Possible solutions:
#   Reduce memory load on the system
#   Increase physical memory or swap space
#   Check if swap backing store is full
#   Decrease Java heap size (-Xmx/-Xms)
#   Decrease number of Java threads
#   Decrease Java thread stack sizes (-Xss)
#   Set larger code cache with -XX:ReservedCodeCacheSize=
#   JVM is running with Unscaled Compressed Oops mode in which the Java heap is
#     placed in the first 4GB address space. The Java Heap base address is the
#     maximum limit for the native heap growth. Please use -XX:HeapBaseMinAddress
#     to set the Java Heap base and to place the Java Heap above 4GB virtual address.
# This output file may be truncated or incomplete.
#
#  Out of Memory Error (./src/hotspot/share/memory/arena.cpp:197), pid=7072, tid=13272
#
# JRE version: OpenJDK Runtime Environment (11.0.10) (build 11.0.10+0-b96-7249189)
# Java VM: OpenJDK 64-Bit Server VM (11.0.10+0-b96-7249189, mixed mode, tiered, compressed oops, g1 gc, windows-amd64)
# No core dump will be written. Minidumps are not enabled by default on client versions of Windows
#

---------------  S U M M A R Y ------------

Command Line: --add-opens=java.base/java.util=ALL-UNNAMED --add-opens=java.base/java.lang=ALL-UNNAMED --add-opens=java.base/java.lang.invoke=ALL-UNNAMED --add-opens=java.base/java.util=ALL-UNNAMED --add-opens=java.prefs/java.util.prefs=ALL-UNNAMED --add-opens=java.prefs/java.util.prefs=ALL-UNNAMED --add-opens=java.base/java.nio.charset=ALL-UNNAMED --add-opens=java.base/java.net=ALL-UNNAMED --add-opens=java.base/java.util.concurrent.atomic=ALL-UNNAMED -Xmx2048m -Dfile.encoding=windows-1252 -Duser.country=US -Duser.language=en -Duser.variant org.gradle.launcher.daemon.bootstrap.GradleDaemon 7.2-rc-2

Host: Intel(R) Core(TM) i5-6200U CPU @ 2.30GHz, 4 cores, 11G,  Windows 10 , 64 bit Build 18362 (10.0.18362.1645)
Time: Sat Aug  7 14:07:58 2021 SE Asia Standard Time elapsed time: 18.724012 seconds (0d 0h 0m 18s)

---------------  T H R E A D  ---------------

Current thread (0x0000024400063000):  JavaThread "C2 CompilerThread0" daemon [_thread_in_native, id=13272, stack(0x000000aaddf00000,0x000000aade000000)]


Current CompileTask:
C2:  18724 4381       4       org.objectweb.asm.Frame::execute (2318 bytes)

Stack: [0x000000aaddf00000,0x000000aade000000]
Native frames: (J=compiled Java code, j=interpreted, Vv=VM code, C=native code)
V  [jvm.dll+0x5ecfaa]
V  [jvm.dll+0x722bd5]
V  [jvm.dll+0x72412d]
V  [jvm.dll+0x7247e3]
V  [jvm.dll+0x242928]
V  [jvm.dll+0xbc4fc]
V  [jvm.dll+0xbca0c]
V  [jvm.dll+0x352d7d]
V  [jvm.dll+0x320ad3]
V  [jvm.dll+0x31ffca]
V  [jvm.dll+0x1fb602]
V  [jvm.dll+0x1fa7f4]
V  [jvm.dll+0x18354c]
V  [jvm.dll+0x208ee7]
V  [jvm.dll+0x207731]
V  [jvm.dll+0x6eb1cf]
V  [jvm.dll+0x6e3d45]
V  [jvm.dll+0x5ebe96]
C  [ucrtbase.dll+0x210b2]
C  [KERNEL32.DLL+0x17c24]
C  [ntdll.dll+0x6d721]


---------------  P R O C E S S  ---------------

Threads class SMR info:
_java_thread_list=0x000002440484d900, length=35, elements={
0x0000024465a2c800, 0x000002447f64a000, 0x000002447f64d800, 0x000002440005a000,
0x000002440005c000, 0x000002440005d000, 0x0000024400063000, 0x000002440008d800,
0x00000244000d3800, 0x00000244001be800, 0x0000024401964800, 0x00000244012ca000,
0x00000244019b0800, 0x00000244023af000, 0x00000244023b0000, 0x000002440047c800,
0x000002440047d000, 0x000002440047e000, 0x000002440147d000, 0x0000024400ad6000,
0x0000024400ad7800, 0x0000024400ad4800, 0x0000024400ad7000, 0x0000024400ad2000,
0x0000024400ad8800, 0x0000024400ad2800, 0x0000024400ad3800, 0x0000024400ad5000,
0x000002440011d800, 0x0000024400121000, 0x0000024400122000, 0x0000024400122800,
0x0000024400120000, 0x000002440011d000, 0x000002440011e800
}

Java Threads: ( => current thread )
  0x0000024465a2c800 JavaThread "main" [_thread_blocked, id=11028, stack(0x000000aadd300000,0x000000aadd400000)]
  0x000002447f64a000 JavaThread "Reference Handler" daemon [_thread_blocked, id=11796, stack(0x000000aadda00000,0x000000aaddb00000)]
  0x000002447f64d800 JavaThread "Finalizer" daemon [_thread_blocked, id=18204, stack(0x000000aaddb00000,0x000000aaddc00000)]
  0x000002440005a000 JavaThread "Signal Dispatcher" daemon [_thread_blocked, id=14984, stack(0x000000aaddc00000,0x000000aaddd00000)]
  0x000002440005c000 JavaThread "Attach Listener" daemon [_thread_blocked, id=14832, stack(0x000000aaddd00000,0x000000aadde00000)]
  0x000002440005d000 JavaThread "Service Thread" daemon [_thread_blocked, id=256, stack(0x000000aadde00000,0x000000aaddf00000)]
=>0x0000024400063000 JavaThread "C2 CompilerThread0" daemon [_thread_in_native, id=13272, stack(0x000000aaddf00000,0x000000aade000000)]
  0x000002440008d800 JavaThread "C1 CompilerThread0" daemon [_thread_blocked, id=13572, stack(0x000000aade000000,0x000000aade100000)]
  0x00000244000d3800 JavaThread "Sweeper thread" daemon [_thread_blocked, id=7516, stack(0x000000aade100000,0x000000aade200000)]
  0x00000244001be800 JavaThread "Common-Cleaner" daemon [_thread_blocked, id=8928, stack(0x000000aade200000,0x000000aade300000)]
  0x0000024401964800 JavaThread "Daemon health stats" [_thread_blocked, id=128, stack(0x000000aade700000,0x000000aade800000)]
  0x00000244012ca000 JavaThread "Incoming local TCP Connector on port 56320" [_thread_in_native, id=7240, stack(0x000000aade800000,0x000000aade900000)]
  0x00000244019b0800 JavaThread "Daemon periodic checks" [_thread_blocked, id=14296, stack(0x000000aade900000,0x000000aadea00000)]
  0x00000244023af000 JavaThread "Daemon" [_thread_blocked, id=6492, stack(0x000000aadea00000,0x000000aadeb00000)]
  0x00000244023b0000 JavaThread "Handler for socket connection from /127.0.0.1:56320 to /127.0.0.1:56322" [_thread_in_native, id=10136, stack(0x000000aadeb00000,0x000000aadec00000)]
  0x000002440047c800 JavaThread "Cancel handler" [_thread_blocked, id=17300, stack(0x000000aadec00000,0x000000aaded00000)]
  0x000002440047d000 JavaThread "Daemon worker" [_thread_in_vm, id=18064, stack(0x000000aaded00000,0x000000aadee00000)]
  0x000002440047e000 JavaThread "Asynchronous log dispatcher for DefaultDaemonConnection: socket connection from /127.0.0.1:56320 to /127.0.0.1:56322" [_thread_blocked, id=11820, stack(0x000000aadee00000,0x000000aadef00000)]
  0x000002440147d000 JavaThread "Stdin handler" [_thread_blocked, id=14208, stack(0x000000aadef00000,0x000000aadf000000)]
  0x0000024400ad6000 JavaThread "Daemon client event forwarder" [_thread_blocked, id=17168, stack(0x000000aadf000000,0x000000aadf100000)]
  0x0000024400ad7800 JavaThread "Cache worker for journal cache (C:\Users\Quan Nguyen\.gradle\caches\journal-1)" [_thread_blocked, id=14184, stack(0x000000aadf100000,0x000000aadf200000)]
  0x0000024400ad4800 JavaThread "File lock request listener" [_thread_in_native, id=1268, stack(0x000000aadf200000,0x000000aadf300000)]
  0x0000024400ad7000 JavaThread "Cache worker for file hash cache (C:\Users\Quan Nguyen\.gradle\caches\7.2-rc-2\fileHashes)" [_thread_blocked, id=9472, stack(0x000000aadf300000,0x000000aadf400000)]
  0x0000024400ad2000 JavaThread "Cache worker for file hash cache (C:\Users\Quan Nguyen\Desktop\AssigmentAndroidNC\.gradle\7.2-rc-2\fileHashes)" [_thread_blocked, id=13432, stack(0x000000aadf400000,0x000000aadf500000)]
  0x0000024400ad8800 JavaThread "File watcher server" daemon [_thread_in_native, id=17172, stack(0x000000aadf500000,0x000000aadf600000)]
  0x0000024400ad2800 JavaThread "File watcher consumer" daemon [_thread_blocked, id=15576, stack(0x000000aadf600000,0x000000aadf700000)]
  0x0000024400ad3800 JavaThread "jar transforms" [_thread_blocked, id=15816, stack(0x000000aadf700000,0x000000aadf800000)]
  0x0000024400ad5000 JavaThread "jar transforms Thread 2" [_thread_blocked, id=15672, stack(0x000000aadf800000,0x000000aadf900000)]
  0x000002440011d800 JavaThread "jar transforms Thread 3" [_thread_blocked, id=15836, stack(0x000000aadf900000,0x000000aadfa00000)]
  0x0000024400121000 JavaThread "jar transforms Thread 4" [_thread_blocked, id=3332, stack(0x000000aadfa00000,0x000000aadfb00000)]
  0x0000024400122000 JavaThread "Cache worker for checksums cache (C:\Users\Quan Nguyen\Desktop\AssigmentAndroidNC\.gradle\checksums)" [_thread_blocked, id=4180, stack(0x000000aadfb00000,0x000000aadfc00000)]
  0x0000024400122800 JavaThread "Cache worker for cache directory md-supplier (C:\Users\Quan Nguyen\.gradle\caches\7.2-rc-2\md-supplier)" [_thread_blocked, id=5292, stack(0x000000aadfc00000,0x000000aadfd00000)]
  0x0000024400120000 JavaThread "Cache worker for cache directory md-rule (C:\Users\Quan Nguyen\.gradle\caches\7.2-rc-2\md-rule)" [_thread_blocked, id=16828, stack(0x000000aadfd00000,0x000000aadfe00000)]
  0x000002440011d000 JavaThread "Cache worker for execution history cache (C:\Users\Quan Nguyen\.gradle\caches\7.2-rc-2\executionHistory)" [_thread_blocked, id=16364, stack(0x000000aadfe00000,0x000000aadff00000)]
  0x000002440011e800 JavaThread "Cache worker for file content cache (C:\Users\Quan Nguyen\.gradle\caches\7.2-rc-2\fileContent)" [_thread_blocked, id=7592, stack(0x000000aadff00000,0x000000aae0000000)]

Other Threads:
  0x0000024400003800 VMThread "VM Thread" [stack: 0x000000aadd900000,0x000000aadda00000] [id=1660]
  0x00000244001f0000 WatcherThread [stack: 0x000000aade300000,0x000000aade400000] [id=7964]
  0x0000024465a46800 GCTaskThread "GC Thread#0" [stack: 0x000000aadd400000,0x000000aadd500000] [id=17304]
  0x0000024400436800 GCTaskThread "GC Thread#1" [stack: 0x000000aade400000,0x000000aade500000] [id=18016]
  0x0000024400323000 GCTaskThread "GC Thread#2" [stack: 0x000000aade500000,0x000000aade600000] [id=9488]
  0x0000024400520000 GCTaskThread "GC Thread#3" [stack: 0x000000aade600000,0x000000aade700000] [id=15248]
  0x0000024465a79000 ConcurrentGCThread "G1 Main Marker" [stack: 0x000000aadd500000,0x000000aadd600000] [id=12792]
  0x0000024465a7b800 ConcurrentGCThread "G1 Conc#0" [stack: 0x000000aadd600000,0x000000aadd700000] [id=17596]
  0x0000024465afe000 ConcurrentGCThread "G1 Refine#0" [stack: 0x000000aadd700000,0x000000aadd800000] [id=15184]
  0x000002447f48e800 ConcurrentGCThread "G1 Young RemSet Sampling" [stack: 0x000000aadd800000,0x000000aadd900000] [id=15264]

Threads with active compile tasks:
C2 CompilerThread0  18782 4381       4       org.objectweb.asm.Frame::execute (2318 bytes)

VM state:not at safepoint (normal execution)

VM Mutex/Monitor currently owned by a thread: None

Heap address: 0x0000000080000000, size: 2048 MB, Compressed Oops mode: 32-bit
Narrow klass base: 0x0000000000000000, Narrow klass shift: 3
Compressed class space size: 1073741824 Address: 0x0000000100000000

Heap:
 garbage-first heap   total 192512K, used 90196K [0x0000000080000000, 0x0000000100000000)
  region size 1024K, 54 young (55296K), 6 survivors (6144K)
 Metaspace       used 47362K, capacity 48601K, committed 48816K, reserved 1091584K
  class space    used 6113K, capacity 6570K, committed 6656K, reserved 1048576K
Heap Regions: E=young(eden), S=young(survivor), O=old, HS=humongous(starts), HC=humongous(continues), CS=collection set, F=free, A=archive, TAMS=top-at-mark-start (previous, next)
|   0|0x0000000080000000, 0x0000000080100000, 0x0000000080100000|100%|HS|  |TAMS 0x0000000080100000, 0x0000000080000000| Complete 
|   1|0x0000000080100000, 0x0000000080200000, 0x0000000080200000|100%|HC|  |TAMS 0x0000000080200000, 0x0000000080100000| Complete 
|   2|0x0000000080200000, 0x0000000080300000, 0x0000000080300000|100%|HC|  |TAMS 0x0000000080300000, 0x0000000080200000| Complete 
|   3|0x0000000080300000, 0x0000000080400000, 0x0000000080400000|100%| O|  |TAMS 0x0000000080400000, 0x0000000080300000| Untracked 
|   4|0x0000000080400000, 0x0000000080500000, 0x0000000080500000|100%| O|  |TAMS 0x0000000080500000, 0x0000000080400000| Untracked 
|   5|0x0000000080500000, 0x0000000080600000, 0x0000000080600000|100%| O|  |TAMS 0x0000000080600000, 0x0000000080500000| Untracked 
|   6|0x0000000080600000, 0x0000000080700000, 0x0000000080700000|100%| O|  |TAMS 0x0000000080700000, 0x0000000080600000| Untracked 
|   7|0x0000000080700000, 0x0000000080800000, 0x0000000080800000|100%| O|  |TAMS 0x0000000080800000, 0x0000000080700000| Untracked 
|   8|0x0000000080800000, 0x0000000080900000, 0x0000000080900000|100%| O|  |TAMS 0x0000000080900000, 0x0000000080800000| Untracked 
|   9|0x0000000080900000, 0x0000000080a00000, 0x0000000080a00000|100%| O|  |TAMS 0x0000000080a00000, 0x0000000080900000| Untracked 
|  10|0x0000000080a00000, 0x0000000080b00000, 0x0000000080b00000|100%| O|  |TAMS 0x0000000080b00000, 0x0000000080a00000| Untracked 
|  11|0x0000000080b00000, 0x0000000080c00000, 0x0000000080c00000|100%| O|  |TAMS 0x0000000080c00000, 0x0000000080b00000| Untracked 
|  12|0x0000000080c00000, 0x0000000080d00000, 0x0000000080d00000|100%| O|  |TAMS 0x0000000080d00000, 0x0000000080c00000| Untracked 
|  13|0x0000000080d00000, 0x0000000080e00000, 0x0000000080e00000|100%| O|  |TAMS 0x0000000080e00000, 0x0000000080d00000| Untracked 
|  14|0x0000000080e00000, 0x0000000080f00000, 0x0000000080f00000|100%| O|  |TAMS 0x0000000080f00000, 0x0000000080e00000| Untracked 
|  15|0x0000000080f00000, 0x0000000081000000, 0x0000000081000000|100%| O|  |TAMS 0x0000000080f8c800, 0x0000000080f00000| Untracked 
|  16|0x0000000081000000, 0x0000000081100000, 0x0000000081100000|100%|HS|  |TAMS 0x0000000081100000, 0x0000000081000000| Complete 
|  17|0x0000000081100000, 0x0000000081200000, 0x0000000081200000|100%|HC|  |TAMS 0x0000000081200000, 0x0000000081100000| Complete 
|  18|0x0000000081200000, 0x0000000081300000, 0x0000000081300000|100%|HS|  |TAMS 0x0000000081300000, 0x0000000081200000| Complete 
|  19|0x0000000081300000, 0x0000000081400000, 0x0000000081400000|100%|HC|  |TAMS 0x0000000081400000, 0x0000000081300000| Complete 
|  20|0x0000000081400000, 0x0000000081500000, 0x0000000081500000|100%|HC|  |TAMS 0x0000000081500000, 0x0000000081400000| Complete 
|  21|0x0000000081500000, 0x0000000081600000, 0x0000000081600000|100%|HS|  |TAMS 0x0000000081600000, 0x0000000081500000| Complete 
|  22|0x0000000081600000, 0x0000000081700000, 0x0000000081700000|100%|HC|  |TAMS 0x0000000081700000, 0x0000000081600000| Complete 
|  23|0x0000000081700000, 0x0000000081800000, 0x0000000081800000|100%|HC|  |TAMS 0x0000000081800000, 0x0000000081700000| Complete 
|  24|0x0000000081800000, 0x0000000081900000, 0x0000000081900000|100%|HC|  |TAMS 0x0000000081900000, 0x0000000081800000| Complete 
|  25|0x0000000081900000, 0x0000000081a00000, 0x0000000081a00000|100%|HC|  |TAMS 0x0000000081a00000, 0x0000000081900000| Complete 
|  26|0x0000000081a00000, 0x0000000081b00000, 0x0000000081b00000|100%| O|  |TAMS 0x0000000081a00000, 0x0000000081a00000| Untracked 
|  27|0x0000000081b00000, 0x0000000081c00000, 0x0000000081c00000|100%| O|  |TAMS 0x0000000081b00000, 0x0000000081b00000| Untracked 
|  28|0x0000000081c00000, 0x0000000081d00000, 0x0000000081d00000|100%| O|  |TAMS 0x0000000081c00000, 0x0000000081c00000| Untracked 
|  29|0x0000000081d00000, 0x0000000081e00000, 0x0000000081e00000|100%| O|  |TAMS 0x0000000081d00000, 0x0000000081d00000| Untracked 
|  30|0x0000000081e00000, 0x0000000081f00000, 0x0000000081f00000|100%| O|  |TAMS 0x0000000081e00000, 0x0000000081e00000| Untracked 
|  31|0x0000000081f00000, 0x0000000082000000, 0x0000000082000000|100%| O|  |TAMS 0x0000000081f00000, 0x0000000081f00000| Untracked 
|  32|0x0000000082000000, 0x0000000082100000, 0x0000000082100000|100%| O|  |TAMS 0x0000000082000000, 0x0000000082000000| Untracked 
|  33|0x0000000082100000, 0x0000000082182600, 0x0000000082200000| 50%| O|  |TAMS 0x0000000082100000, 0x0000000082100000| Untracked 
|  34|0x0000000082200000, 0x0000000082300000, 0x0000000082300000|100%|HS|  |TAMS 0x0000000082200000, 0x0000000082200000| Complete 
|  35|0x0000000082300000, 0x0000000082400000, 0x0000000082400000|100%|HS|  |TAMS 0x0000000082300000, 0x0000000082300000| Complete 
|  36|0x0000000082400000, 0x0000000082500000, 0x0000000082500000|100%|HC|  |TAMS 0x0000000082400000, 0x0000000082400000| Complete 
|  37|0x0000000082500000, 0x0000000082500000, 0x0000000082600000|  0%| F|  |TAMS 0x0000000082500000, 0x0000000082500000| Untracked 
|  38|0x0000000082600000, 0x0000000082600000, 0x0000000082700000|  0%| F|  |TAMS 0x0000000082600000, 0x0000000082600000| Untracked 
|  39|0x0000000082700000, 0x0000000082700000, 0x0000000082800000|  0%| F|  |TAMS 0x0000000082700000, 0x0000000082700000| Untracked 
|  40|0x0000000082800000, 0x0000000082800000, 0x0000000082900000|  0%| F|  |TAMS 0x0000000082800000, 0x0000000082800000| Untracked 
|  41|0x0000000082900000, 0x0000000082900000, 0x0000000082a00000|  0%| F|  |TAMS 0x0000000082900000, 0x0000000082900000| Untracked 
|  42|0x0000000082a00000, 0x0000000082a00000, 0x0000000082b00000|  0%| F|  |TAMS 0x0000000082a00000, 0x0000000082a00000| Untracked 
|  43|0x0000000082b00000, 0x0000000082b00000, 0x0000000082c00000|  0%| F|  |TAMS 0x0000000082b00000, 0x0000000082b00000| Untracked 
|  44|0x0000000082c00000, 0x0000000082c00000, 0x0000000082d00000|  0%| F|  |TAMS 0x0000000082c00000, 0x0000000082c00000| Untracked 
|  45|0x0000000082d00000, 0x0000000082d00000, 0x0000000082e00000|  0%| F|  |TAMS 0x0000000082d00000, 0x0000000082d00000| Untracked 
|  46|0x0000000082e00000, 0x0000000082e00000, 0x0000000082f00000|  0%| F|  |TAMS 0x0000000082e00000, 0x0000000082e00000| Untracked 
|  47|0x0000000082f00000, 0x0000000082f00000, 0x0000000083000000|  0%| F|  |TAMS 0x0000000082f00000, 0x0000000082f00000| Untracked 
|  48|0x0000000083000000, 0x0000000083000000, 0x0000000083100000|  0%| F|  |TAMS 0x0000000083000000, 0x0000000083000000| Untracked 
|  49|0x0000000083100000, 0x0000000083100000, 0x0000000083200000|  0%| F|  |TAMS 0x0000000083100000, 0x0000000083100000| Untracked 
|  50|0x0000000083200000, 0x0000000083200000, 0x0000000083300000|  0%| F|  |TAMS 0x0000000083200000, 0x0000000083200000| Untracked 
|  51|0x0000000083300000, 0x0000000083300000, 0x0000000083400000|  0%| F|  |TAMS 0x0000000083300000, 0x0000000083300000| Untracked 
|  52|0x0000000083400000, 0x0000000083400000, 0x0000000083500000|  0%| F|  |TAMS 0x0000000083400000, 0x0000000083400000| Untracked 
|  53|0x0000000083500000, 0x0000000083500000, 0x0000000083600000|  0%| F|  |TAMS 0x0000000083500000, 0x0000000083500000| Untracked 
|  54|0x0000000083600000, 0x0000000083600000, 0x0000000083700000|  0%| F|  |TAMS 0x0000000083600000, 0x0000000083600000| Untracked 
|  55|0x0000000083700000, 0x0000000083700000, 0x0000000083800000|  0%| F|  |TAMS 0x0000000083700000, 0x0000000083700000| Untracked 
|  56|0x0000000083800000, 0x0000000083800000, 0x0000000083900000|  0%| F|  |TAMS 0x0000000083800000, 0x0000000083800000| Untracked 
|  57|0x0000000083900000, 0x0000000083900000, 0x0000000083a00000|  0%| F|  |TAMS 0x0000000083900000, 0x0000000083900000| Untracked 
|  58|0x0000000083a00000, 0x0000000083a00000, 0x0000000083b00000|  0%| F|  |TAMS 0x0000000083a00000, 0x0000000083a00000| Untracked 
|  59|0x0000000083b00000, 0x0000000083b00000, 0x0000000083c00000|  0%| F|  |TAMS 0x0000000083b00000, 0x0000000083b00000| Untracked 
|  60|0x0000000083c00000, 0x0000000083c00000, 0x0000000083d00000|  0%| F|  |TAMS 0x0000000083c00000, 0x0000000083c00000| Untracked 
|  61|0x0000000083d00000, 0x0000000083d00000, 0x0000000083e00000|  0%| F|  |TAMS 0x0000000083d00000, 0x0000000083d00000| Untracked 
|  62|0x0000000083e00000, 0x0000000083e00000, 0x0000000083f00000|  0%| F|  |TAMS 0x0000000083e00000, 0x0000000083e00000| Untracked 
|  63|0x0000000083f00000, 0x0000000083f00000, 0x0000000084000000|  0%| F|  |TAMS 0x0000000083f00000, 0x0000000083f00000| Untracked 
|  64|0x0000000084000000, 0x0000000084000000, 0x0000000084100000|  0%| F|  |TAMS 0x0000000084000000, 0x0000000084000000| Untracked 
|  65|0x0000000084100000, 0x0000000084100000, 0x0000000084200000|  0%| F|  |TAMS 0x0000000084100000, 0x0000000084100000| Untracked 
|  66|0x0000000084200000, 0x0000000084200000, 0x0000000084300000|  0%| F|  |TAMS 0x0000000084200000, 0x0000000084200000| Untracked 
|  67|0x0000000084300000, 0x0000000084300000, 0x0000000084400000|  0%| F|  |TAMS 0x0000000084300000, 0x0000000084300000| Untracked 
|  68|0x0000000084400000, 0x0000000084400000, 0x0000000084500000|  0%| F|  |TAMS 0x0000000084400000, 0x0000000084400000| Untracked 
|  69|0x0000000084500000, 0x0000000084500000, 0x0000000084600000|  0%| F|  |TAMS 0x0000000084500000, 0x0000000084500000| Untracked 
|  70|0x0000000084600000, 0x0000000084600000, 0x0000000084700000|  0%| F|  |TAMS 0x0000000084600000, 0x0000000084600000| Untracked 
|  71|0x0000000084700000, 0x0000000084700000, 0x0000000084800000|  0%| F|  |TAMS 0x0000000084700000, 0x0000000084700000| Untracked 
|  72|0x0000000084800000, 0x0000000084800000, 0x0000000084900000|  0%| F|  |TAMS 0x0000000084800000, 0x0000000084800000| Untracked 
|  73|0x0000000084900000, 0x0000000084900000, 0x0000000084a00000|  0%| F|  |TAMS 0x0000000084900000, 0x0000000084900000| Untracked 
|  74|0x0000000084a00000, 0x0000000084a00000, 0x0000000084b00000|  0%| F|  |TAMS 0x0000000084a00000, 0x0000000084a00000| Untracked 
|  75|0x0000000084b00000, 0x0000000084b00000, 0x0000000084c00000|  0%| F|  |TAMS 0x0000000084b00000, 0x0000000084b00000| Untracked 
|  76|0x0000000084c00000, 0x0000000084c00000, 0x0000000084d00000|  0%| F|  |TAMS 0x0000000084c00000, 0x0000000084c00000| Untracked 
|  77|0x0000000084d00000, 0x0000000084d00000, 0x0000000084e00000|  0%| F|  |TAMS 0x0000000084d00000, 0x0000000084d00000| Untracked 
|  78|0x0000000084e00000, 0x0000000084e00000, 0x0000000084f00000|  0%| F|  |TAMS 0x0000000084e00000, 0x0000000084e00000| Untracked 
|  79|0x0000000084f00000, 0x0000000084f00000, 0x0000000085000000|  0%| F|  |TAMS 0x0000000084f00000, 0x0000000084f00000| Untracked 
|  80|0x0000000085000000, 0x0000000085000000, 0x0000000085100000|  0%| F|  |TAMS 0x0000000085000000, 0x0000000085000000| Untracked 
|  81|0x0000000085100000, 0x0000000085100000, 0x0000000085200000|  0%| F|  |TAMS 0x0000000085100000, 0x0000000085100000| Untracked 
|  82|0x0000000085200000, 0x0000000085200000, 0x0000000085300000|  0%| F|  |TAMS 0x0000000085200000, 0x0000000085200000| Untracked 
|  83|0x0000000085300000, 0x0000000085300000, 0x0000000085400000|  0%| F|  |TAMS 0x0000000085300000, 0x0000000085300000| Untracked 
|  84|0x0000000085400000, 0x0000000085400000, 0x0000000085500000|  0%| F|  |TAMS 0x0000000085400000, 0x0000000085400000| Untracked 
|  85|0x0000000085500000, 0x0000000085500000, 0x0000000085600000|  0%| F|  |TAMS 0x0000000085500000, 0x0000000085500000| Untracked 
|  86|0x0000000085600000, 0x0000000085600000, 0x0000000085700000|  0%| F|  |TAMS 0x0000000085600000, 0x0000000085600000| Untracked 
|  87|0x0000000085700000, 0x0000000085700000, 0x0000000085800000|  0%| F|  |TAMS 0x0000000085700000, 0x0000000085700000| Untracked 
|  88|0x0000000085800000, 0x0000000085800000, 0x0000000085900000|  0%| F|  |TAMS 0x0000000085800000, 0x0000000085800000| Untracked 
|  89|0x0000000085900000, 0x0000000085900000, 0x0000000085a00000|  0%| F|  |TAMS 0x0000000085900000, 0x0000000085900000| Untracked 
|  90|0x0000000085a00000, 0x0000000085a00000, 0x0000000085b00000|  0%| F|  |TAMS 0x0000000085a00000, 0x0000000085a00000| Untracked 
|  91|0x0000000085b00000, 0x0000000085b00000, 0x0000000085c00000|  0%| F|  |TAMS 0x0000000085b00000, 0x0000000085b00000| Untracked 
|  92|0x0000000085c00000, 0x0000000085c00000, 0x0000000085d00000|  0%| F|  |TAMS 0x0000000085c00000, 0x0000000085c00000| Untracked 
|  93|0x0000000085d00000, 0x0000000085d00000, 0x0000000085e00000|  0%| F|  |TAMS 0x0000000085d00000, 0x0000000085d00000| Untracked 
|  94|0x0000000085e00000, 0x0000000085e00000, 0x0000000085f00000|  0%| F|  |TAMS 0x0000000085e00000, 0x0000000085e00000| Untracked 
|  95|0x0000000085f00000, 0x0000000085f00000, 0x0000000086000000|  0%| F|  |TAMS 0x0000000085f00000, 0x0000000085f00000| Untracked 
|  96|0x0000000086000000, 0x0000000086000000, 0x0000000086100000|  0%| F|  |TAMS 0x0000000086000000, 0x0000000086000000| Untracked 
|  97|0x0000000086100000, 0x0000000086100000, 0x0000000086200000|  0%| F|  |TAMS 0x0000000086100000, 0x0000000086100000| Untracked 
|  98|0x0000000086200000, 0x0000000086200000, 0x0000000086300000|  0%| F|  |TAMS 0x0000000086200000, 0x0000000086200000| Untracked 
|  99|0x0000000086300000, 0x0000000086392d10, 0x0000000086400000| 57%| S|CS|TAMS 0x0000000086300000, 0x0000000086300000| Complete 
| 100|0x0000000086400000, 0x0000000086500000, 0x0000000086500000|100%| S|CS|TAMS 0x0000000086400000, 0x0000000086400000| Complete 
| 101|0x0000000086500000, 0x0000000086600000, 0x0000000086600000|100%| S|CS|TAMS 0x0000000086500000, 0x0000000086500000| Complete 
| 102|0x0000000086600000, 0x0000000086700000, 0x0000000086700000|100%| S|CS|TAMS 0x0000000086600000, 0x0000000086600000| Complete 
| 103|0x0000000086700000, 0x0000000086800000, 0x0000000086800000|100%| S|CS|TAMS 0x0000000086700000, 0x0000000086700000| Complete 
| 104|0x0000000086800000, 0x0000000086900000, 0x0000000086900000|100%| S|CS|TAMS 0x0000000086800000, 0x0000000086800000| Complete 
| 105|0x0000000086900000, 0x0000000086900000, 0x0000000086a00000|  0%| F|  |TAMS 0x0000000086900000, 0x0000000086900000| Untracked 
| 106|0x0000000086a00000, 0x0000000086a00000, 0x0000000086b00000|  0%| F|  |TAMS 0x0000000086a00000, 0x0000000086a00000| Untracked 
| 107|0x0000000086b00000, 0x0000000086b00000, 0x0000000086c00000|  0%| F|  |TAMS 0x0000000086b00000, 0x0000000086b00000| Untracked 
| 108|0x0000000086c00000, 0x0000000086c00000, 0x0000000086d00000|  0%| F|  |TAMS 0x0000000086c00000, 0x0000000086c00000| Untracked 
| 109|0x0000000086d00000, 0x0000000086d00000, 0x0000000086e00000|  0%| F|  |TAMS 0x0000000086d00000, 0x0000000086d00000| Untracked 
| 110|0x0000000086e00000, 0x0000000086e00000, 0x0000000086f00000|  0%| F|  |TAMS 0x0000000086e00000, 0x0000000086e00000| Untracked 
| 111|0x0000000086f00000, 0x0000000086f00000, 0x0000000087000000|  0%| F|  |TAMS 0x0000000086f00000, 0x0000000086f00000| Untracked 
| 112|0x0000000087000000, 0x0000000087000000, 0x0000000087100000|  0%| F|  |TAMS 0x0000000087000000, 0x0000000087000000| Untracked 
| 113|0x0000000087100000, 0x0000000087100000, 0x0000000087200000|  0%| F|  |TAMS 0x0000000087100000, 0x0000000087100000| Untracked 
| 114|0x0000000087200000, 0x0000000087200000, 0x0000000087300000|  0%| F|  |TAMS 0x0000000087200000, 0x0000000087200000| Untracked 
| 115|0x0000000087300000, 0x0000000087300000, 0x0000000087400000|  0%| F|  |TAMS 0x0000000087300000, 0x0000000087300000| Untracked 
| 116|0x0000000087400000, 0x0000000087400000, 0x0000000087500000|  0%| F|  |TAMS 0x0000000087400000, 0x0000000087400000| Untracked 
| 117|0x0000000087500000, 0x0000000087500000, 0x0000000087600000|  0%| F|  |TAMS 0x0000000087500000, 0x0000000087500000| Untracked 
| 118|0x0000000087600000, 0x0000000087600000, 0x0000000087700000|  0%| F|  |TAMS 0x0000000087600000, 0x0000000087600000| Untracked 
| 119|0x0000000087700000, 0x0000000087700000, 0x0000000087800000|  0%| F|  |TAMS 0x0000000087700000, 0x0000000087700000| Untracked 
| 120|0x0000000087800000, 0x0000000087800000, 0x0000000087900000|  0%| F|  |TAMS 0x0000000087800000, 0x0000000087800000| Untracked 
| 121|0x0000000087900000, 0x0000000087900000, 0x0000000087a00000|  0%| F|  |TAMS 0x0000000087900000, 0x0000000087900000| Untracked 
| 122|0x0000000087a00000, 0x0000000087a00000, 0x0000000087b00000|  0%| F|  |TAMS 0x0000000087a00000, 0x0000000087a00000| Untracked 
| 123|0x0000000087b00000, 0x0000000087b00000, 0x0000000087c00000|  0%| F|  |TAMS 0x0000000087b00000, 0x0000000087b00000| Untracked 
| 124|0x0000000087c00000, 0x0000000087c00000, 0x0000000087d00000|  0%| F|  |TAMS 0x0000000087c00000, 0x0000000087c00000| Untracked 
| 125|0x0000000087d00000, 0x0000000087d00000, 0x0000000087e00000|  0%| F|  |TAMS 0x0000000087d00000, 0x0000000087d00000| Untracked 
| 126|0x0000000087e00000, 0x0000000087e00000, 0x0000000087f00000|  0%| F|  |TAMS 0x0000000087e00000, 0x0000000087e00000| Untracked 
| 127|0x0000000087f00000, 0x0000000087f00000, 0x0000000088000000|  0%| F|  |TAMS 0x0000000087f00000, 0x0000000087f00000| Untracked 
| 128|0x0000000088000000, 0x0000000088000000, 0x0000000088100000|  0%| F|  |TAMS 0x0000000088000000, 0x0000000088000000| Untracked 
| 129|0x0000000088100000, 0x0000000088100000, 0x0000000088200000|  0%| F|  |TAMS 0x0000000088100000, 0x0000000088100000| Untracked 
| 130|0x0000000088200000, 0x0000000088200000, 0x0000000088300000|  0%| F|  |TAMS 0x0000000088200000, 0x0000000088200000| Untracked 
| 131|0x0000000088300000, 0x0000000088300000, 0x0000000088400000|  0%| F|  |TAMS 0x0000000088300000, 0x0000000088300000| Untracked 
| 132|0x0000000088400000, 0x0000000088400000, 0x0000000088500000|  0%| F|  |TAMS 0x0000000088400000, 0x0000000088400000| Untracked 
| 133|0x0000000088500000, 0x0000000088500000, 0x0000000088600000|  0%| F|  |TAMS 0x0000000088500000, 0x0000000088500000| Untracked 
| 134|0x0000000088600000, 0x0000000088600000, 0x0000000088700000|  0%| F|  |TAMS 0x0000000088600000, 0x0000000088600000| Untracked 
| 135|0x0000000088700000, 0x0000000088700000, 0x0000000088800000|  0%| F|  |TAMS 0x0000000088700000, 0x0000000088700000| Untracked 
| 136|0x0000000088800000, 0x0000000088800000, 0x0000000088900000|  0%| F|  |TAMS 0x0000000088800000, 0x0000000088800000| Untracked 
| 137|0x0000000088900000, 0x0000000088900000, 0x0000000088a00000|  0%| F|  |TAMS 0x0000000088900000, 0x0000000088900000| Untracked 
| 138|0x0000000088a00000, 0x0000000088a00000, 0x0000000088b00000|  0%| F|  |TAMS 0x0000000088a00000, 0x0000000088a00000| Untracked 
| 139|0x0000000088b00000, 0x0000000088b00000, 0x0000000088c00000|  0%| F|  |TAMS 0x0000000088b00000, 0x0000000088b00000| Untracked 
| 140|0x0000000088c00000, 0x0000000088d00000, 0x0000000088d00000|100%| E|  |TAMS 0x0000000088c00000, 0x0000000088c00000| Complete 
| 141|0x0000000088d00000, 0x0000000088e00000, 0x0000000088e00000|100%| E|CS|TAMS 0x0000000088d00000, 0x0000000088d00000| Complete 
| 142|0x0000000088e00000, 0x0000000088f00000, 0x0000000088f00000|100%| E|CS|TAMS 0x0000000088e00000, 0x0000000088e00000| Complete 
| 143|0x0000000088f00000, 0x0000000089000000, 0x0000000089000000|100%| E|CS|TAMS 0x0000000088f00000, 0x0000000088f00000| Complete 
| 144|0x0000000089000000, 0x0000000089100000, 0x0000000089100000|100%| E|CS|TAMS 0x0000000089000000, 0x0000000089000000| Complete 
| 145|0x0000000089100000, 0x0000000089200000, 0x0000000089200000|100%| E|CS|TAMS 0x0000000089100000, 0x0000000089100000| Complete 
| 146|0x0000000089200000, 0x0000000089300000, 0x0000000089300000|100%| E|CS|TAMS 0x0000000089200000, 0x0000000089200000| Complete 
| 147|0x0000000089300000, 0x0000000089400000, 0x0000000089400000|100%| E|CS|TAMS 0x0000000089300000, 0x0000000089300000| Complete 
| 148|0x0000000089400000, 0x0000000089500000, 0x0000000089500000|100%| E|CS|TAMS 0x0000000089400000, 0x0000000089400000| Complete 
| 149|0x0000000089500000, 0x0000000089600000, 0x0000000089600000|100%| E|CS|TAMS 0x0000000089500000, 0x0000000089500000| Complete 
| 150|0x0000000089600000, 0x0000000089700000, 0x0000000089700000|100%| E|CS|TAMS 0x0000000089600000, 0x0000000089600000| Complete 
| 151|0x0000000089700000, 0x0000000089800000, 0x0000000089800000|100%| E|CS|TAMS 0x0000000089700000, 0x0000000089700000| Complete 
| 152|0x0000000089800000, 0x0000000089900000, 0x0000000089900000|100%| E|CS|TAMS 0x0000000089800000, 0x0000000089800000| Complete 
| 153|0x0000000089900000, 0x0000000089a00000, 0x0000000089a00000|100%| E|CS|TAMS 0x0000000089900000, 0x0000000089900000| Complete 
| 154|0x0000000089a00000, 0x0000000089b00000, 0x0000000089b00000|100%| E|CS|TAMS 0x0000000089a00000, 0x0000000089a00000| Complete 
| 155|0x0000000089b00000, 0x0000000089c00000, 0x0000000089c00000|100%| E|CS|TAMS 0x0000000089b00000, 0x0000000089b00000| Complete 
| 156|0x0000000089c00000, 0x0000000089d00000, 0x0000000089d00000|100%| E|CS|TAMS 0x0000000089c00000, 0x0000000089c00000| Complete 
| 157|0x0000000089d00000, 0x0000000089e00000, 0x0000000089e00000|100%| E|CS|TAMS 0x0000000089d00000, 0x0000000089d00000| Complete 
| 158|0x0000000089e00000, 0x0000000089f00000, 0x0000000089f00000|100%| E|CS|TAMS 0x0000000089e00000, 0x0000000089e00000| Complete 
| 159|0x0000000089f00000, 0x000000008a000000, 0x000000008a000000|100%| E|CS|TAMS 0x0000000089f00000, 0x0000000089f00000| Complete 
| 160|0x000000008a000000, 0x000000008a100000, 0x000000008a100000|100%| E|CS|TAMS 0x000000008a000000, 0x000000008a000000| Complete 
| 161|0x000000008a100000, 0x000000008a200000, 0x000000008a200000|100%| E|CS|TAMS 0x000000008a100000, 0x000000008a100000| Complete 
| 162|0x000000008a200000, 0x000000008a300000, 0x000000008a300000|100%| E|CS|TAMS 0x000000008a200000, 0x000000008a200000| Complete 
| 163|0x000000008a300000, 0x000000008a400000, 0x000000008a400000|100%| E|CS|TAMS 0x000000008a300000, 0x000000008a300000| Complete 
| 164|0x000000008a400000, 0x000000008a500000, 0x000000008a500000|100%| E|CS|TAMS 0x000000008a400000, 0x000000008a400000| Complete 
| 165|0x000000008a500000, 0x000000008a600000, 0x000000008a600000|100%| E|CS|TAMS 0x000000008a500000, 0x000000008a500000| Complete 
| 166|0x000000008a600000, 0x000000008a700000, 0x000000008a700000|100%| E|  |TAMS 0x000000008a600000, 0x000000008a600000| Complete 
| 167|0x000000008a700000, 0x000000008a800000, 0x000000008a800000|100%| E|CS|TAMS 0x000000008a700000, 0x000000008a700000| Complete 
| 168|0x000000008a800000, 0x000000008a900000, 0x000000008a900000|100%| E|CS|TAMS 0x000000008a800000, 0x000000008a800000| Complete 
| 169|0x000000008a900000, 0x000000008aa00000, 0x000000008aa00000|100%| E|CS|TAMS 0x000000008a900000, 0x000000008a900000| Complete 
| 170|0x000000008aa00000, 0x000000008ab00000, 0x000000008ab00000|100%| E|CS|TAMS 0x000000008aa00000, 0x000000008aa00000| Complete 
| 171|0x000000008ab00000, 0x000000008ac00000, 0x000000008ac00000|100%| E|CS|TAMS 0x000000008ab00000, 0x000000008ab00000| Complete 
| 172|0x000000008ac00000, 0x000000008ad00000, 0x000000008ad00000|100%| E|CS|TAMS 0x000000008ac00000, 0x000000008ac00000| Complete 
| 173|0x000000008ad00000, 0x000000008ae00000, 0x000000008ae00000|100%| E|CS|TAMS 0x000000008ad00000, 0x000000008ad00000| Complete 
| 174|0x000000008ae00000, 0x000000008af00000, 0x000000008af00000|100%| E|CS|TAMS 0x000000008ae00000, 0x000000008ae00000| Complete 
| 175|0x000000008af00000, 0x000000008b000000, 0x000000008b000000|100%| E|CS|TAMS 0x000000008af00000, 0x000000008af00000| Complete 
| 176|0x000000008b000000, 0x000000008b100000, 0x000000008b100000|100%| E|CS|TAMS 0x000000008b000000, 0x000000008b000000| Complete 
| 177|0x000000008b100000, 0x000000008b200000, 0x000000008b200000|100%| E|CS|TAMS 0x000000008b100000, 0x000000008b100000| Complete 
| 178|0x000000008b200000, 0x000000008b300000, 0x000000008b300000|100%| E|CS|TAMS 0x000000008b200000, 0x000000008b200000| Complete 
| 179|0x000000008b300000, 0x000000008b400000, 0x000000008b400000|100%| E|CS|TAMS 0x000000008b300000, 0x000000008b300000| Complete 
| 180|0x000000008b400000, 0x000000008b500000, 0x000000008b500000|100%| E|CS|TAMS 0x000000008b400000, 0x000000008b400000| Complete 
| 181|0x000000008b500000, 0x000000008b600000, 0x000000008b600000|100%| E|CS|TAMS 0x000000008b500000, 0x000000008b500000| Complete 
| 182|0x000000008b600000, 0x000000008b700000, 0x000000008b700000|100%| E|CS|TAMS 0x000000008b600000, 0x000000008b600000| Complete 
| 183|0x000000008b700000, 0x000000008b800000, 0x000000008b800000|100%| E|CS|TAMS 0x000000008b700000, 0x000000008b700000| Complete 
| 184|0x000000008b800000, 0x000000008b900000, 0x000000008b900000|100%| E|CS|TAMS 0x000000008b800000, 0x000000008b800000| Complete 
| 185|0x000000008b900000, 0x000000008ba00000, 0x000000008ba00000|100%| E|CS|TAMS 0x000000008b900000, 0x000000008b900000| Complete 
| 186|0x000000008ba00000, 0x000000008bb00000, 0x000000008bb00000|100%| E|CS|TAMS 0x000000008ba00000, 0x000000008ba00000| Complete 
| 187|0x000000008bb00000, 0x000000008bc00000, 0x000000008bc00000|100%| E|CS|TAMS 0x000000008bb00000, 0x000000008bb00000| Complete 

Card table byte_map: [0x0000024478910000,0x0000024478d10000] _byte_map_base: 0x0000024478510000

Marking Bits (Prev, Next): (CMBitMap*) 0x0000024465a70298, (CMBitMap*) 0x0000024465a702d0
 Prev Bits: [0x0000024479110000, 0x000002447b110000)
 Next Bits: [0x000002447b110000, 0x000002447d110000)

Polling page: 0x00000244639e0000

Metaspace:

Usage:
  Non-class:     41.05 MB capacity,    40.31 MB ( 98%) used,   638.91 KB (  2%) free+waste,   119.38 KB ( <1%) overhead. 
      Class:      6.42 MB capacity,     5.97 MB ( 93%) used,   397.24 KB (  6%) free+waste,    57.19 KB ( <1%) overhead. 
       Both:     47.47 MB capacity,    46.28 MB ( 98%) used,     1.01 MB (  2%) free+waste,   176.56 KB ( <1%) overhead. 

Virtual space:
  Non-class space:       42.00 MB reserved,      41.17 MB ( 98%) committed 
      Class space:        1.00 GB reserved,       6.50 MB ( <1%) committed 
             Both:        1.04 GB reserved,      47.67 MB (  4%) committed 

Chunk freelists:
   Non-Class:  0 bytes
       Class:  20.00 KB
        Both:  20.00 KB

MaxMetaspaceSize: 17179869184.00 GB
CompressedClassSpaceSize: 1.00 GB

CodeHeap 'non-profiled nmethods': size=120064Kb used=1904Kb max_used=1904Kb free=118159Kb
 bounds [0x0000024470fd0000, 0x0000024471240000, 0x0000024478510000]
CodeHeap 'profiled nmethods': size=120000Kb used=9020Kb max_used=9020Kb free=110979Kb
 bounds [0x0000024469aa0000, 0x000002446a370000, 0x0000024470fd0000]
CodeHeap 'non-nmethods': size=5696Kb used=2219Kb max_used=2232Kb free=3476Kb
 bounds [0x0000024469510000, 0x0000024469780000, 0x0000024469aa0000]
 total_blobs=5184 nmethods=4390 adapters=705
 compilation: enabled
              stopped_count=0, restarted_count=0
 full_count=0

Compilation events (20 events):
Event: 18.650 Thread 0x000002440008d800 4404       3       sun.reflect.generics.repository.GenericDeclRepository::computeTypeParameters (65 bytes)
Event: 18.651 Thread 0x000002440008d800 nmethod 4404 0x000002446a35d990 code [0x000002446a35dc00, 0x000002446a35e958]
Event: 18.651 Thread 0x000002440008d800 4405       3       org.gradle.internal.reflect.MutableClassDetails::property (41 bytes)
Event: 18.652 Thread 0x000002440008d800 nmethod 4405 0x000002446a35ee10 code [0x000002446a35f0a0, 0x000002446a35fe18]
Event: 18.652 Thread 0x000002440008d800 4402       3       java.lang.AbstractStringBuilder::append (67 bytes)
Event: 18.653 Thread 0x000002440008d800 nmethod 4402 0x000002446a360210 code [0x000002446a360420, 0x000002446a360908]
Event: 18.653 Thread 0x000002440008d800 4407       3       org.gradle.internal.instantiation.generator.AbstractClassGenerator$MethodMetadata::shouldImplement (16 bytes)
Event: 18.653 Thread 0x000002440008d800 nmethod 4407 0x000002446a360a90 code [0x000002446a360c40, 0x000002446a360e78]
Event: 18.653 Thread 0x000002440008d800 4408       3       org.gradle.internal.instantiation.generator.AbstractClassGenerator$PropertyMetadata::hasAnnotation (40 bytes)
Event: 18.654 Thread 0x000002440008d800 nmethod 4408 0x000002446a360f90 code [0x000002446a361260, 0x000002446a3620d8]
Event: 18.654 Thread 0x000002440008d800 4403       1       com.google.common.collect.LinkedHashMultimap$ValueSet::access$000 (5 bytes)
Event: 18.654 Thread 0x000002440008d800 nmethod 4403 0x00000244711ab110 code [0x00000244711ab2c0, 0x00000244711ab358]
Event: 18.668 Thread 0x000002440008d800 4413       3       org.gradle.internal.instantiation.generator.AbstractClassGenerator::isLazyAttachProperty (46 bytes)
Event: 18.669 Thread 0x000002440008d800 nmethod 4413 0x000002446a362590 code [0x000002446a362800, 0x000002446a363218]
Event: 18.698 Thread 0x000002440008d800 4414   !   3       java.lang.Class::desiredAssertionStatus (54 bytes)
Event: 18.699 Thread 0x000002440008d800 nmethod 4414 0x000002446a363590 code [0x000002446a3637a0, 0x000002446a363d58]
Event: 18.699 Thread 0x000002440008d800 4416       3       java.lang.invoke.LambdaFormEditor$Transform::of (49 bytes)
Event: 18.699 Thread 0x000002440008d800 nmethod 4416 0x000002446a363f10 code [0x000002446a364160, 0x000002446a364a38]
Event: 18.699 Thread 0x000002440008d800 4417       3       java.lang.invoke.LambdaFormEditor$Transform::packedBytes (32 bytes)
Event: 18.700 Thread 0x000002440008d800 nmethod 4417 0x000002446a364d90 code [0x000002446a364f40, 0x000002446a365038]

GC Heap History (16 events):
Event: 2.686 GC heap before
{Heap before GC invocations=0 (full 0):
 garbage-first heap   total 192512K, used 17408K [0x0000000080000000, 0x0000000100000000)
  region size 1024K, 14 young (14336K), 0 survivors (0K)
 Metaspace       used 6786K, capacity 7001K, committed 7168K, reserved 1056768K
  class space    used 585K, capacity 650K, committed 768K, reserved 1048576K
}
Event: 2.726 GC heap after
{Heap after GC invocations=1 (full 0):
 garbage-first heap   total 192512K, used 4236K [0x0000000080000000, 0x0000000100000000)
  region size 1024K, 2 young (2048K), 2 survivors (2048K)
 Metaspace       used 6786K, capacity 7001K, committed 7168K, reserved 1056768K
  class space    used 585K, capacity 650K, committed 768K, reserved 1048576K
}
Event: 3.591 GC heap before
{Heap before GC invocations=1 (full 0):
 garbage-first heap   total 192512K, used 19596K [0x0000000080000000, 0x0000000100000000)
  region size 1024K, 14 young (14336K), 2 survivors (2048K)
 Metaspace       used 9985K, capacity 10194K, committed 10368K, reserved 1058816K
  class space    used 1038K, capacity 1102K, committed 1152K, reserved 1048576K
}
Event: 3.596 GC heap after
{Heap after GC invocations=2 (full 0):
 garbage-first heap   total 192512K, used 9261K [0x0000000080000000, 0x0000000100000000)
  region size 1024K, 2 young (2048K), 2 survivors (2048K)
 Metaspace       used 9985K, capacity 10194K, committed 10368K, reserved 1058816K
  class space    used 1038K, capacity 1102K, committed 1152K, reserved 1048576K
}
Event: 4.517 GC heap before
{Heap before GC invocations=2 (full 0):
 garbage-first heap   total 192512K, used 38957K [0x0000000080000000, 0x0000000100000000)
  region size 1024K, 31 young (31744K), 2 survivors (2048K)
 Metaspace       used 10937K, capacity 11149K, committed 11264K, reserved 1058816K
  class space    used 1133K, capacity 1207K, committed 1280K, reserved 1048576K
}
Event: 4.522 GC heap after
{Heap after GC invocations=3 (full 0):
 garbage-first heap   total 192512K, used 11974K [0x0000000080000000, 0x0000000100000000)
  region size 1024K, 4 young (4096K), 4 survivors (4096K)
 Metaspace       used 10937K, capacity 11149K, committed 11264K, reserved 1058816K
  class space    used 1133K, capacity 1207K, committed 1280K, reserved 1048576K
}
Event: 7.506 GC heap before
{Heap before GC invocations=3 (full 0):
 garbage-first heap   total 192512K, used 56006K [0x0000000080000000, 0x0000000100000000)
  region size 1024K, 47 young (48128K), 4 survivors (4096K)
 Metaspace       used 17977K, capacity 18371K, committed 18432K, reserved 1064960K
  class space    used 2116K, capacity 2266K, committed 2304K, reserved 1048576K
}
Event: 7.516 GC heap after
{Heap after GC invocations=4 (full 0):
 garbage-first heap   total 192512K, used 15901K [0x0000000080000000, 0x0000000100000000)
  region size 1024K, 6 young (6144K), 6 survivors (6144K)
 Metaspace       used 17977K, capacity 18371K, committed 18432K, reserved 1064960K
  class space    used 2116K, capacity 2266K, committed 2304K, reserved 1048576K
}
Event: 8.405 GC heap before
{Heap before GC invocations=4 (full 0):
 garbage-first heap   total 192512K, used 39453K [0x0000000080000000, 0x0000000100000000)
  region size 1024K, 30 young (30720K), 6 survivors (6144K)
 Metaspace       used 20747K, capacity 21128K, committed 21296K, reserved 1069056K
  class space    used 2531K, capacity 2674K, committed 2688K, reserved 1048576K
}
Event: 8.413 GC heap after
{Heap after GC invocations=5 (full 0):
 garbage-first heap   total 192512K, used 16931K [0x0000000080000000, 0x0000000100000000)
  region size 1024K, 6 young (6144K), 6 survivors (6144K)
 Metaspace       used 20747K, capacity 21128K, committed 21296K, reserved 1069056K
  class space    used 2531K, capacity 2674K, committed 2688K, reserved 1048576K
}
Event: 12.509 GC heap before
{Heap before GC invocations=6 (full 0):
 garbage-first heap   total 192512K, used 71203K [0x0000000080000000, 0x0000000100000000)
  region size 1024K, 59 young (60416K), 6 survivors (6144K)
 Metaspace       used 26725K, capacity 27425K, committed 27568K, reserved 1073152K
  class space    used 3494K, capacity 3738K, committed 3840K, reserved 1048576K
}
Event: 12.523 GC heap after
{Heap after GC invocations=7 (full 0):
 garbage-first heap   total 192512K, used 18994K [0x0000000080000000, 0x0000000100000000)
  region size 1024K, 3 young (3072K), 3 survivors (3072K)
 Metaspace       used 26725K, capacity 27425K, committed 27568K, reserved 1073152K
  class space    used 3494K, capacity 3738K, committed 3840K, reserved 1048576K
}
Event: 16.189 GC heap before
{Heap before GC invocations=7 (full 0):
 garbage-first heap   total 192512K, used 93746K [0x0000000080000000, 0x0000000100000000)
  region size 1024K, 67 young (68608K), 3 survivors (3072K)
 Metaspace       used 34600K, capacity 35498K, committed 35632K, reserved 1079296K
  class space    used 4546K, capacity 4914K, committed 4992K, reserved 1048576K
}
Event: 16.206 GC heap after
{Heap after GC invocations=8 (full 0):
 garbage-first heap   total 192512K, used 35003K [0x0000000080000000, 0x0000000100000000)
  region size 1024K, 9 young (9216K), 9 survivors (9216K)
 Metaspace       used 34600K, capacity 35498K, committed 35632K, reserved 1079296K
  class space    used 4546K, capacity 4914K, committed 4992K, reserved 1048576K
}
Event: 17.563 GC heap before
{Heap before GC invocations=9 (full 0):
 garbage-first heap   total 192512K, used 110779K [0x0000000080000000, 0x0000000100000000)
  region size 1024K, 83 young (84992K), 9 survivors (9216K)
 Metaspace       used 41621K, capacity 42703K, committed 43056K, reserved 1087488K
  class space    used 5483K, capacity 5889K, committed 6016K, reserved 1048576K
}
Event: 17.581 GC heap after
{Heap after GC invocations=10 (full 0):
 garbage-first heap   total 192512K, used 40020K [0x0000000080000000, 0x0000000100000000)
  region size 1024K, 6 young (6144K), 6 survivors (6144K)
 Metaspace       used 41621K, capacity 42703K, committed 43056K, reserved 1087488K
  class space    used 5483K, capacity 5889K, committed 6016K, reserved 1048576K
}

Deoptimization events (20 events):
Event: 18.108 Thread 0x0000024400ad3800 DEOPT PACKING pc=0x00000244711071c4 sp=0x000000aadf7fe5d0
Event: 18.108 Thread 0x0000024400ad3800 DEOPT UNPACKING pc=0x00000244695378af sp=0x000000aadf7fe448 mode 2
Event: 18.108 Thread 0x0000024400ad3800 Uncommon trap: trap_request=0xffffff4d fr.pc=0x00000244710925fc relative=0x000000000000059c
Event: 18.108 Thread 0x0000024400ad3800 Uncommon trap: reason=unstable_if action=reinterpret pc=0x00000244710925fc method=java.lang.StringLatin1.regionMatchesCI([BI[BII)Z @ 66 c2
Event: 18.108 Thread 0x0000024400ad3800 DEOPT PACKING pc=0x00000244710925fc sp=0x000000aadf7fe5c0
Event: 18.108 Thread 0x0000024400ad3800 DEOPT UNPACKING pc=0x00000244695378af sp=0x000000aadf7fe4c0 mode 2
Event: 18.117 Thread 0x0000024400ad3800 Uncommon trap: trap_request=0xffffff4d fr.pc=0x000002447109163c relative=0x00000000000003fc
Event: 18.117 Thread 0x0000024400ad3800 Uncommon trap: reason=unstable_if action=reinterpret pc=0x000002447109163c method=java.lang.StringLatin1.regionMatchesCI([BI[BII)Z @ 66 c2
Event: 18.117 Thread 0x0000024400ad3800 DEOPT PACKING pc=0x000002447109163c sp=0x000000aadf7fe480
Event: 18.117 Thread 0x0000024400ad3800 DEOPT UNPACKING pc=0x00000244695378af sp=0x000000aadf7fe410 mode 2
Event: 18.158 Thread 0x000002440047d000 Uncommon trap: trap_request=0xffffff4d fr.pc=0x00000244711885c4 relative=0x0000000000000084
Event: 18.158 Thread 0x000002440047d000 Uncommon trap: reason=unstable_if action=reinterpret pc=0x00000244711885c4 method=jdk.internal.loader.URLClassPath$JarLoader.getResource(Ljava/lang/String;ZLjava/util/Set;)Ljdk/internal/loader/Resource; @ 17 c2
Event: 18.158 Thread 0x000002440047d000 DEOPT PACKING pc=0x00000244711885c4 sp=0x000000aadedf5c70
Event: 18.158 Thread 0x000002440047d000 DEOPT UNPACKING pc=0x00000244695378af sp=0x000000aadedf5bb8 mode 2
Event: 18.244 Thread 0x000002440047d000 DEOPT PACKING pc=0x000002446a282379 sp=0x000000aadedf8bf0
Event: 18.244 Thread 0x000002440047d000 DEOPT UNPACKING pc=0x00000244695376ce sp=0x000000aadedf8138 mode 0
Event: 18.634 Thread 0x0000024401964800 Uncommon trap: trap_request=0xffffffde fr.pc=0x000002447113bab0 relative=0x0000000000000530
Event: 18.634 Thread 0x0000024401964800 Uncommon trap: reason=class_check action=maybe_recompile pc=0x000002447113bab0 method=java.util.stream.ReferencePipeline.forEachWithCancel(Ljava/util/Spliterator;Ljava/util/stream/Sink;)Z @ 1 c2
Event: 18.634 Thread 0x0000024401964800 DEOPT PACKING pc=0x000002447113bab0 sp=0x000000aade7fe880
Event: 18.634 Thread 0x0000024401964800 DEOPT UNPACKING pc=0x00000244695378af sp=0x000000aade7fe820 mode 2

Classes redefined (0 events):
No events

Internal exceptions (20 events):
Event: 18.173 Thread 0x000002440047d000 Exception <a 'java/lang/ClassNotFoundException'{0x000000008aae0c88}: org/gradle/groovy/scripts/DefaultScriptBeanInfo> (0x000000008aae0c88) thrown at [./src/hotspot/share/classfile/systemDictionary.cpp, line 231]
Event: 18.173 Thread 0x000002440047d000 Exception <a 'java/lang/ClassNotFoundException'{0x000000008aaf5c90}: org/gradle/groovy/scripts/BasicScriptBeanInfo> (0x000000008aaf5c90) thrown at [./src/hotspot/share/classfile/systemDictionary.cpp, line 231]
Event: 18.174 Thread 0x000002440047d000 Exception <a 'java/lang/ClassNotFoundException'{0x000000008a90a090}: org/gradle/groovy/scripts/ScriptBeanInfo> (0x000000008a90a090) thrown at [./src/hotspot/share/classfile/systemDictionary.cpp, line 231]
Event: 18.175 Thread 0x000002440047d000 Exception <a 'java/lang/ClassNotFoundException'{0x000000008a929cc0}: groovy/lang/ScriptBeanInfo> (0x000000008a929cc0) thrown at [./src/hotspot/share/classfile/systemDictionary.cpp, line 231]
Event: 18.176 Thread 0x000002440047d000 Exception <a 'java/lang/ClassNotFoundException'{0x000000008a94a0f0}: groovy/lang/ScriptCustomizer> (0x000000008a94a0f0) thrown at [./src/hotspot/share/classfile/systemDictionary.cpp, line 231]
Event: 18.178 Thread 0x000002440047d000 Exception <a 'java/lang/ClassNotFoundException'{0x000000008a9661a0}: org/gradle/groovy/scripts/ScriptCustomizer> (0x000000008a9661a0) thrown at [./src/hotspot/share/classfile/systemDictionary.cpp, line 231]
Event: 18.179 Thread 0x000002440047d000 Exception <a 'java/lang/ClassNotFoundException'{0x000000008a9820f8}: org/gradle/groovy/scripts/BasicScriptCustomizer> (0x000000008a9820f8) thrown at [./src/hotspot/share/classfile/systemDictionary.cpp, line 231]
Event: 18.181 Thread 0x000002440047d000 Exception <a 'java/lang/ClassNotFoundException'{0x000000008a9a3958}: org/gradle/groovy/scripts/DefaultScriptCustomizer> (0x000000008a9a3958) thrown at [./src/hotspot/share/classfile/systemDictionary.cpp, line 231]
Event: 18.186 Thread 0x000002440047d000 Exception <a 'java/lang/ClassNotFoundException'{0x000000008a9ef9f0}: org/gradle/initialization/InitScriptCustomizer> (0x000000008a9ef9f0) thrown at [./src/hotspot/share/classfile/systemDictionary.cpp, line 231]
Event: 18.187 Thread 0x000002440047d000 Exception <a 'java/lang/ClassNotFoundException'{0x000000008a8046d0}: sync_studio_tooling38_c4o1155oj70vsqtxhseos2xydCustomizer> (0x000000008a8046d0) thrown at [./src/hotspot/share/classfile/systemDictionary.cpp, line 231]
Event: 18.209 Thread 0x000002440047d000 Exception <a 'java/lang/ClassNotFoundException'{0x000000008a8e6640}: org/gradle/internal/extensibility/DefaultExtraPropertiesExtensionBeanInfo> (0x000000008a8e6640) thrown at [./src/hotspot/share/classfile/systemDictionary.cpp, line 231]
Event: 18.210 Thread 0x000002440047d000 Exception <a 'java/lang/ClassNotFoundException'{0x000000008a700a18}: org/gradle/internal/extensibility/DefaultExtraPropertiesExtensionCustomizer> (0x000000008a700a18) thrown at [./src/hotspot/share/classfile/systemDictionary.cpp, line 231]
Event: 18.364 Thread 0x000002440047d000 Exception <a 'java/lang/ClassNotFoundException'{0x000000008a5c77b0}: org/gradle/internal/metaobject/ConfigureDelegateBeanInfo> (0x000000008a5c77b0) thrown at [./src/hotspot/share/classfile/systemDictionary.cpp, line 231]
Event: 18.365 Thread 0x000002440047d000 Exception <a 'java/lang/ClassNotFoundException'{0x000000008a5ee048}: org/gradle/internal/metaobject/ConfigureDelegateCustomizer> (0x000000008a5ee048) thrown at [./src/hotspot/share/classfile/systemDictionary.cpp, line 231]
Event: 18.373 Thread 0x000002440047d000 Exception <a 'java/lang/ClassNotFoundException'{0x000000008a466468}: org/gradle/api/internal/initialization/DefaultScriptHandlerBeanInfo> (0x000000008a466468) thrown at [./src/hotspot/share/classfile/systemDictionary.cpp, line 231]
Event: 18.374 Thread 0x000002440047d000 Exception <a 'java/lang/ClassNotFoundException'{0x000000008a4900b0}: org/gradle/api/internal/initialization/DefaultScriptHandlerCustomizer> (0x000000008a4900b0) thrown at [./src/hotspot/share/classfile/systemDictionary.cpp, line 231]
Event: 18.547 Thread 0x000002440047d000 Exception <a 'java/lang/ClassNotFoundException'{0x0000000089cec650}: org/gradle/api/internal/artifacts/dsl/dependencies/DefaultDependencyHandler_DecoratedBeanInfo> (0x0000000089cec650) thrown at [./src/hotspot/share/classfile/systemDictionary.cpp, line 231]
Event: 18.548 Thread 0x000002440047d000 Exception <a 'java/lang/ClassNotFoundException'{0x0000000089b2d978}: org/gradle/api/internal/artifacts/dsl/dependencies/DefaultDependencyHandlerBeanInfo> (0x0000000089b2d978) thrown at [./src/hotspot/share/classfile/systemDictionary.cpp, line 231]
Event: 18.550 Thread 0x000002440047d000 Exception <a 'java/lang/ClassNotFoundException'{0x0000000089b6e190}: org/gradle/api/internal/artifacts/dsl/dependencies/DefaultDependencyHandlerCustomizer> (0x0000000089b6e190) thrown at [./src/hotspot/share/classfile/systemDictionary.cpp, line 231]
Event: 18.555 Thread 0x000002440047d000 Exception <a 'java/lang/ClassNotFoundException'{0x0000000089bd8288}: org/gradle/api/internal/artifacts/dsl/dependencies/DefaultDependencyHandler_DecoratedCustomizer> (0x0000000089bd8288) thrown at [./src/hotspot/share/classfile/systemDictionary.cpp, line 231]

Events (20 events):
Event: 18.717 loading class org/gradle/api/internal/artifacts/ivyservice/resolveengine/graph/DependencyGraphEdge
Event: 18.717 loading class org/gradle/api/internal/artifacts/ivyservice/resolveengine/graph/DependencyGraphEdge done
Event: 18.718 loading class org/gradle/api/internal/artifacts/ivyservice/resolveengine/graph/builder/EdgeState
Event: 18.718 loading class org/gradle/api/internal/artifacts/ivyservice/resolveengine/graph/builder/EdgeState done
Event: 18.718 loading class org/gradle/api/specs/Spec
Event: 18.718 loading class org/gradle/api/specs/Spec done
Event: 18.718 loading class org/gradle/api/internal/artifacts/ivyservice/resolveengine/graph/builder/EdgeState
Event: 18.718 loading class org/gradle/api/internal/artifacts/ivyservice/resolveengine/graph/builder/EdgeState done
Event: 18.718 loading class org/gradle/api/specs/Spec
Event: 18.718 loading class org/gradle/api/specs/Spec done
Event: 18.719 loading class org/gradle/api/internal/artifacts/ivyservice/resolveengine/artifact/ResolvedArtifactsGraphVisitor
Event: 18.719 loading class org/gradle/api/internal/artifacts/ivyservice/resolveengine/artifact/ResolvedArtifactsGraphVisitor done
Event: 18.720 loading class org/gradle/internal/resolve/result/DefaultBuildableComponentResolveResult
Event: 18.720 loading class org/gradle/internal/resolve/result/DefaultBuildableComponentResolveResult done
Event: 18.720 loading class org/gradle/internal/resolve/result/DefaultResourceAwareResolveResult
Event: 18.720 loading class org/gradle/internal/resolve/result/DefaultResourceAwareResolveResult done
Event: 18.721 loading class org/gradle/api/internal/artifacts/DefaultModule
Event: 18.721 loading class org/gradle/api/internal/artifacts/DefaultModule done
Event: 18.721 loading class org/gradle/internal/component/external/model/DefaultModuleComponentIdentifier
Event: 18.721 loading class org/gradle/internal/component/external/model/DefaultModuleComponentIdentifier done


Dynamic libraries:
0x00007ff7d86d0000 - 0x00007ff7d86da000 	C:\Program Files\Android\Android Studio\jre\bin\java.exe
0x00007ff9f4d60000 - 0x00007ff9f4f50000 	C:\WINDOWS\SYSTEM32\ntdll.dll
0x00007ff9f4430000 - 0x00007ff9f44e2000 	C:\WINDOWS\System32\KERNEL32.DLL
0x00007ff9f21a0000 - 0x00007ff9f2446000 	C:\WINDOWS\System32\KERNELBASE.dll
0x00007ff9f20a0000 - 0x00007ff9f219a000 	C:\WINDOWS\System32\ucrtbase.dll
0x00007ff9cc790000 - 0x00007ff9cc7a9000 	C:\Program Files\Android\Android Studio\jre\bin\jli.dll
0x00007ff9cc7b0000 - 0x00007ff9cc7c7000 	C:\Program Files\Android\Android Studio\jre\bin\VCRUNTIME140.dll
0x00007ff9f3f80000 - 0x00007ff9f4114000 	C:\WINDOWS\System32\USER32.dll
0x00007ff9f2590000 - 0x00007ff9f25b1000 	C:\WINDOWS\System32\win32u.dll
0x00007ff9e3c60000 - 0x00007ff9e3ee4000 	C:\WINDOWS\WinSxS\amd64_microsoft.windows.common-controls_6595b64144ccf1df_6.0.18362.1679_none_9e7ff347e45cc1b7\COMCTL32.dll
0x00007ff9f33e0000 - 0x00007ff9f3406000 	C:\WINDOWS\System32\GDI32.dll
0x00007ff9f1cd0000 - 0x00007ff9f1e68000 	C:\WINDOWS\System32\gdi32full.dll
0x00007ff9f4380000 - 0x00007ff9f441e000 	C:\WINDOWS\System32\msvcrt.dll
0x00007ff9f1ea0000 - 0x00007ff9f1f3e000 	C:\WINDOWS\System32\msvcp_win.dll
0x00007ff9f30a0000 - 0x00007ff9f33d6000 	C:\WINDOWS\System32\combase.dll
0x00007ff9f3410000 - 0x00007ff9f352f000 	C:\WINDOWS\System32\RPCRT4.dll
0x00007ff9f2500000 - 0x00007ff9f2584000 	C:\WINDOWS\System32\bcryptPrimitives.dll
0x00007ff9f4660000 - 0x00007ff9f468e000 	C:\WINDOWS\System32\IMM32.DLL
0x00007ff9cc6f0000 - 0x00007ff9cc78d000 	C:\Program Files\Android\Android Studio\jre\bin\msvcp140.dll
0x00007ff997430000 - 0x00007ff997eff000 	C:\Program Files\Android\Android Studio\jre\bin\server\jvm.dll
0x00007ff9f4120000 - 0x00007ff9f41c3000 	C:\WINDOWS\System32\ADVAPI32.dll
0x00007ff9f45c0000 - 0x00007ff9f4657000 	C:\WINDOWS\System32\sechost.dll
0x00007ff9f4420000 - 0x00007ff9f4428000 	C:\WINDOWS\System32\PSAPI.DLL
0x00007ff9ed580000 - 0x00007ff9ed589000 	C:\WINDOWS\SYSTEM32\WSOCK32.dll
0x00007ff9f4550000 - 0x00007ff9f45bf000 	C:\WINDOWS\System32\WS2_32.dll
0x00007ff9ee4f0000 - 0x00007ff9ee514000 	C:\WINDOWS\SYSTEM32\WINMM.dll
0x00007ff9f06c0000 - 0x00007ff9f06ca000 	C:\WINDOWS\SYSTEM32\VERSION.dll
0x00007ff9ee4c0000 - 0x00007ff9ee4ed000 	C:\WINDOWS\SYSTEM32\WINMMBASE.dll
0x00007ff9f2450000 - 0x00007ff9f249a000 	C:\WINDOWS\System32\cfgmgr32.dll
0x00007ff9f1cb0000 - 0x00007ff9f1cc1000 	C:\WINDOWS\System32\kernel.appcore.dll
0x00007ff9ed3a0000 - 0x00007ff9ed3b1000 	C:\Program Files\Android\Android Studio\jre\bin\verify.dll
0x00007ff9e23e0000 - 0x00007ff9e25d4000 	C:\WINDOWS\SYSTEM32\DBGHELP.DLL
0x00007ff9e2300000 - 0x00007ff9e232a000 	C:\WINDOWS\SYSTEM32\dbgcore.DLL
0x00007ff9ea4d0000 - 0x00007ff9ea4f9000 	C:\Program Files\Android\Android Studio\jre\bin\java.dll
0x00007ff9e30b0000 - 0x00007ff9e30bb000 	C:\Program Files\Android\Android Studio\jre\bin\jimage.dll
0x00007ff9db150000 - 0x00007ff9db168000 	C:\Program Files\Android\Android Studio\jre\bin\zip.dll
0x00007ff9f3680000 - 0x00007ff9f3d67000 	C:\WINDOWS\System32\SHELL32.dll
0x00007ff9f47e0000 - 0x00007ff9f4889000 	C:\WINDOWS\System32\shcore.dll
0x00007ff9f2690000 - 0x00007ff9f2e0b000 	C:\WINDOWS\System32\windows.storage.dll
0x00007ff9f1c90000 - 0x00007ff9f1cae000 	C:\WINDOWS\System32\profapi.dll
0x00007ff9f1c40000 - 0x00007ff9f1c8a000 	C:\WINDOWS\System32\powrprof.dll
0x00007ff9f1c10000 - 0x00007ff9f1c20000 	C:\WINDOWS\System32\UMPDC.dll
0x00007ff9f2f70000 - 0x00007ff9f2fc2000 	C:\WINDOWS\System32\shlwapi.dll
0x00007ff9f2670000 - 0x00007ff9f2687000 	C:\WINDOWS\System32\cryptsp.dll
0x00007ff9db130000 - 0x00007ff9db14a000 	C:\Program Files\Android\Android Studio\jre\bin\net.dll
0x00007ff9e4e30000 - 0x00007ff9e4f29000 	C:\WINDOWS\SYSTEM32\WINHTTP.dll
0x00007ff9f13a0000 - 0x00007ff9f1407000 	C:\WINDOWS\system32\mswsock.dll
0x00007ff9db110000 - 0x00007ff9db124000 	C:\Program Files\Android\Android Studio\jre\bin\nio.dll
0x00007ff9e4200000 - 0x00007ff9e4227000 	C:\Users\Quan Nguyen\.gradle\native\e1d6ef7f7dcc3fd88c89a11ec53ec762bb8ba0a96d01ffa2cd45eb1d1d8dd5c5\windows-amd64\native-platform.dll
0x00007ff9cf6a0000 - 0x00007ff9cf7e4000 	C:\Users\Quan Nguyen\.gradle\native\5664cfc778a61ccfe75a443a1ab52a65af34e5dc3c78e0209fed803814484fcb\windows-amd64\native-platform-file-events.dll
0x00007ff9e30a0000 - 0x00007ff9e30aa000 	C:\Program Files\Android\Android Studio\jre\bin\management.dll
0x00007ff9db100000 - 0x00007ff9db10c000 	C:\Program Files\Android\Android Studio\jre\bin\management_ext.dll
0x00007ff9f0f30000 - 0x00007ff9f0f63000 	C:\WINDOWS\system32\rsaenh.dll
0x00007ff9f1e70000 - 0x00007ff9f1e96000 	C:\WINDOWS\System32\bcrypt.dll
0x00007ff9f1b30000 - 0x00007ff9f1b55000 	C:\WINDOWS\SYSTEM32\USERENV.dll
0x00007ff9f1520000 - 0x00007ff9f152c000 	C:\WINDOWS\SYSTEM32\CRYPTBASE.dll
0x00007ff9f10c0000 - 0x00007ff9f10fa000 	C:\WINDOWS\SYSTEM32\IPHLPAPI.DLL
0x00007ff9f4690000 - 0x00007ff9f4698000 	C:\WINDOWS\System32\NSI.dll
0x00007ff9e9410000 - 0x00007ff9e9426000 	C:\WINDOWS\SYSTEM32\dhcpcsvc6.DLL
0x00007ff9e93f0000 - 0x00007ff9e940c000 	C:\WINDOWS\SYSTEM32\dhcpcsvc.DLL
0x00007ff9f1100000 - 0x00007ff9f11ca000 	C:\WINDOWS\SYSTEM32\DNSAPI.dll

dbghelp: loaded successfully - version: 4.0.5 - missing functions: none
symbol engine: initialized successfully - sym options: 0x614 - pdb path: .;C:\Program Files\Android\Android Studio\jre\bin;C:\WINDOWS\SYSTEM32;C:\WINDOWS\WinSxS\amd64_microsoft.windows.common-controls_6595b64144ccf1df_6.0.18362.1679_none_9e7ff347e45cc1b7;C:\Program Files\Android\Android Studio\jre\bin\server;C:\Users\Quan Nguyen\.gradle\native\e1d6ef7f7dcc3fd88c89a11ec53ec762bb8ba0a96d01ffa2cd45eb1d1d8dd5c5\windows-amd64;C:\Users\Quan Nguyen\.gradle\native\5664cfc778a61ccfe75a443a1ab52a65af34e5dc3c78e0209fed803814484fcb\windows-amd64

VM Arguments:
jvm_args: --add-opens=java.base/java.util=ALL-UNNAMED --add-opens=java.base/java.lang=ALL-UNNAMED --add-opens=java.base/java.lang.invoke=ALL-UNNAMED --add-opens=java.base/java.util=ALL-UNNAMED --add-opens=java.prefs/java.util.prefs=ALL-UNNAMED --add-opens=java.prefs/java.util.prefs=ALL-UNNAMED --add-opens=java.base/java.nio.charset=ALL-UNNAMED --add-opens=java.base/java.net=ALL-UNNAMED --add-opens=java.base/java.util.concurrent.atomic=ALL-UNNAMED -Xmx2048m -Dfile.encoding=windows-1252 -Duser.country=US -Duser.language=en -Duser.variant 
java_command: org.gradle.launcher.daemon.bootstrap.GradleDaemon 7.2-rc-2
java_class_path (initial): C:\Users\Quan Nguyen\.gradle\wrapper\dists\gradle-7.2-rc-2-bin\eyi787cxrquwsgw2xezsjd2hx\gradle-7.2-rc-2\lib\gradle-launcher-7.2.jar
Launcher Type: SUN_STANDARD

[Global flags]
     intx CICompilerCount                          = 3                                         {product} {ergonomic}
     uint ConcGCThreads                            = 1                                         {product} {ergonomic}
     uint G1ConcRefinementThreads                  = 4                                         {product} {ergonomic}
   size_t G1HeapRegionSize                         = 1048576                                   {product} {ergonomic}
    uintx GCDrainStackTargetSize                   = 64                                        {product} {ergonomic}
   size_t InitialHeapSize                          = 197132288                                 {product} {ergonomic}
   size_t MarkStackSize                            = 4194304                                   {product} {ergonomic}
   size_t MaxHeapSize                              = 2147483648                                {product} {command line}
   size_t MaxNewSize                               = 1287651328                                {product} {ergonomic}
   size_t MinHeapDeltaBytes                        = 1048576                                   {product} {ergonomic}
    uintx NonNMethodCodeHeapSize                   = 5830732                                {pd product} {ergonomic}
    uintx NonProfiledCodeHeapSize                  = 122913754                              {pd product} {ergonomic}
    uintx ProfiledCodeHeapSize                     = 122913754                              {pd product} {ergonomic}
    uintx ReservedCodeCacheSize                    = 251658240                              {pd product} {ergonomic}
     bool SegmentedCodeCache                       = true                                      {product} {ergonomic}
     bool UseCompressedClassPointers               = true                                 {lp64_product} {ergonomic}
     bool UseCompressedOops                        = true                                 {lp64_product} {ergonomic}
     bool UseG1GC                                  = true                                      {product} {ergonomic}
     bool UseLargePagesIndividualAllocation        = false                                  {pd product} {ergonomic}

Logging:
Log output configuration:
 #0: stdout all=warning uptime,level,tags
 #1: stderr all=off uptime,level,tags

Environment Variables:
JAVA_HOME=C:\Program Files\Java\jdk-15.0.2\bin
PATH=C:\Program Files (x86)\Common Files\Oracle\Java\javapath;C:\Program Files\Common Files\Oracle\Java\javapath;C:\WINDOWS\system32;C:\WINDOWS;C:\WINDOWS\System32\Wbem;C:\WINDOWS\System32\WindowsPowerShell\v1.0\;C:\WINDOWS\System32\OpenSSH\;C:\Program Files\Git\cmd;C:\Users\Quan Nguyen\AppData\Local\Microsoft\WindowsApps;;C:\Users\Quan Nguyen\AppData\Local\Programs\Microsoft VS Code\bin
USERNAME=Quan Nguyen
OS=Windows_NT
PROCESSOR_IDENTIFIER=Intel64 Family 6 Model 78 Stepping 3, GenuineIntel



---------------  S Y S T E M  ---------------

OS: Windows 10 , 64 bit Build 18362 (10.0.18362.1645)
OS uptime: 0 days 0:58 hours
Hyper-V role detected

CPU:total 4 (initial active 4) (2 cores per cpu, 2 threads per core) family 6 model 78 stepping 3 microcode 0xc6, cmov, cx8, fxsr, mmx, sse, sse2, sse3, ssse3, sse4.1, sse4.2, popcnt, avx, avx2, aes, clmul, erms, 3dnowpref, lzcnt, ht, tsc, tscinvbit, bmi1, bmi2, adx, fma

Memory: 4k page, system-wide physical 11987M (318M free)
TotalPageFile size 27192M (AvailPageFile size 5M)
current process WorkingSet (physical memory assigned to process): 277M, peak: 277M
current process commit charge ("private bytes"): 372M, peak: 373M

vm_info: OpenJDK 64-Bit Server VM (11.0.10+0-b96-7249189) for windows-amd64 JRE (11.0.10+0-b96-7249189), built on Mar 31 2021 21:44:00 by "builder" with MS VC++ 14.0 (VS2015)

END.
