#
# There is insufficient memory for the Java Runtime Environment to continue.
# Native memory allocation (malloc) failed to allocate 1805616 bytes for Chunk::new
# Possible reasons:
#   The system is out of physical RAM or swap space
#   The process is running with CompressedOops enabled, and the Java Heap may be blocking the growth of the native heap
# Possible solutions:
#   Reduce memory load on the system
#   Increase physical memory or swap space
#   Check if swap backing store is full
#   Decrease Java heap size (-Xmx/-Xms)
#   Decrease number of Java threads
#   Decrease Java thread stack sizes (-Xss)
#   Set larger code cache with -XX:ReservedCodeCacheSize=
#   JVM is running with Unscaled Compressed Oops mode in which the Java heap is
#     placed in the first 4GB address space. The Java Heap base address is the
#     maximum limit for the native heap growth. Please use -XX:HeapBaseMinAddress
#     to set the Java Heap base and to place the Java Heap above 4GB virtual address.
# This output file may be truncated or incomplete.
#
#  Out of Memory Error (./src/hotspot/share/memory/arena.cpp:197), pid=5064, tid=7680
#
# JRE version: OpenJDK Runtime Environment (11.0.10) (build 11.0.10+0-b96-7249189)
# Java VM: OpenJDK 64-Bit Server VM (11.0.10+0-b96-7249189, mixed mode, tiered, compressed oops, g1 gc, windows-amd64)
# No core dump will be written. Minidumps are not enabled by default on client versions of Windows
#

---------------  S U M M A R Y ------------

Command Line: --add-opens=java.base/java.util=ALL-UNNAMED --add-opens=java.base/java.lang=ALL-UNNAMED --add-opens=java.base/java.lang.invoke=ALL-UNNAMED --add-opens=java.base/java.util=ALL-UNNAMED --add-opens=java.prefs/java.util.prefs=ALL-UNNAMED --add-opens=java.prefs/java.util.prefs=ALL-UNNAMED --add-opens=java.base/java.nio.charset=ALL-UNNAMED --add-opens=java.base/java.net=ALL-UNNAMED --add-opens=java.base/java.util.concurrent.atomic=ALL-UNNAMED -Xmx2048m -Dfile.encoding=windows-1252 -Duser.country=US -Duser.language=en -Duser.variant org.gradle.launcher.daemon.bootstrap.GradleDaemon 7.2-rc-2

Host: Intel(R) Core(TM) i5-6200U CPU @ 2.30GHz, 4 cores, 11G,  Windows 10 , 64 bit Build 18362 (10.0.18362.1645)
Time: Sat Aug  7 14:31:45 2021 SE Asia Standard Time elapsed time: 7.331609 seconds (0d 0h 0m 7s)

---------------  T H R E A D  ---------------

Current thread (0x000002254687b000):  JavaThread "C2 CompilerThread0" daemon [_thread_in_native, id=7680, stack(0x0000003918400000,0x0000003918500000)]


Current CompileTask:
C2:   7331 2488   !   4       java.net.URLClassLoader$1::run (63 bytes)

Stack: [0x0000003918400000,0x0000003918500000]
Native frames: (J=compiled Java code, j=interpreted, Vv=VM code, C=native code)
V  [jvm.dll+0x5ecfaa]
V  [jvm.dll+0x722bd5]
V  [jvm.dll+0x72412d]
V  [jvm.dll+0x7247e3]
V  [jvm.dll+0x242928]
V  [jvm.dll+0xbc4fc]
V  [jvm.dll+0xbca0c]
V  [jvm.dll+0x352d7d]
V  [jvm.dll+0x320ad3]
V  [jvm.dll+0x31ffca]
V  [jvm.dll+0x1fb602]
V  [jvm.dll+0x1fa7f4]
V  [jvm.dll+0x18354c]
V  [jvm.dll+0x208ee7]
V  [jvm.dll+0x207731]
V  [jvm.dll+0x6eb1cf]
V  [jvm.dll+0x6e3d45]
V  [jvm.dll+0x5ebe96]
C  [ucrtbase.dll+0x210b2]
C  [KERNEL32.DLL+0x17c24]
C  [ntdll.dll+0x6d721]


---------------  P R O C E S S  ---------------

Threads class SMR info:
_java_thread_list=0x0000022548ca1dd0, length=34, elements={
0x000002252a48f800, 0x0000022546007800, 0x0000022546812800, 0x000002254686f000,
0x0000022546871800, 0x0000022546872800, 0x000002254687b000, 0x000002254687c000,
0x0000022546885800, 0x00000225469f4000, 0x0000022547e68800, 0x000002254844a000,
0x0000022547eb3800, 0x00000225476d1000, 0x0000022548366000, 0x000002254806c800,
0x0000022548067800, 0x0000022547cb9000, 0x0000022547a39000, 0x000002254805e000,
0x0000022548060800, 0x000002254805f000, 0x000002254805f800, 0x0000022548061800,
0x000002254805b800, 0x0000022548062000, 0x000002254805c800, 0x000002254805d000,
0x0000022548d90800, 0x0000022548d8c000, 0x0000022548d8f000, 0x0000022548d8e800,
0x0000022548d8c800, 0x0000022548d90000
}

Java Threads: ( => current thread )
  0x000002252a48f800 JavaThread "main" [_thread_blocked, id=16992, stack(0x0000003917800000,0x0000003917900000)]
  0x0000022546007800 JavaThread "Reference Handler" daemon [_thread_blocked, id=16192, stack(0x0000003917f00000,0x0000003918000000)]
  0x0000022546812800 JavaThread "Finalizer" daemon [_thread_blocked, id=6992, stack(0x0000003918000000,0x0000003918100000)]
  0x000002254686f000 JavaThread "Signal Dispatcher" daemon [_thread_blocked, id=15232, stack(0x0000003918100000,0x0000003918200000)]
  0x0000022546871800 JavaThread "Attach Listener" daemon [_thread_blocked, id=17344, stack(0x0000003918200000,0x0000003918300000)]
  0x0000022546872800 JavaThread "Service Thread" daemon [_thread_blocked, id=2448, stack(0x0000003918300000,0x0000003918400000)]
=>0x000002254687b000 JavaThread "C2 CompilerThread0" daemon [_thread_in_native, id=7680, stack(0x0000003918400000,0x0000003918500000)]
  0x000002254687c000 JavaThread "C1 CompilerThread0" daemon [_thread_blocked, id=4848, stack(0x0000003918500000,0x0000003918600000)]
  0x0000022546885800 JavaThread "Sweeper thread" daemon [_thread_blocked, id=13440, stack(0x0000003918600000,0x0000003918700000)]
  0x00000225469f4000 JavaThread "Common-Cleaner" daemon [_thread_blocked, id=6556, stack(0x0000003918700000,0x0000003918800000)]
  0x0000022547e68800 JavaThread "Daemon health stats" [_thread_blocked, id=5580, stack(0x0000003918c00000,0x0000003918d00000)]
  0x000002254844a000 JavaThread "Incoming local TCP Connector on port 63626" [_thread_in_native, id=17672, stack(0x0000003918d00000,0x0000003918e00000)]
  0x0000022547eb3800 JavaThread "Daemon periodic checks" [_thread_blocked, id=11280, stack(0x0000003918e00000,0x0000003918f00000)]
  0x00000225476d1000 JavaThread "Daemon" [_thread_blocked, id=16720, stack(0x0000003918f00000,0x0000003919000000)]
  0x0000022548366000 JavaThread "Handler for socket connection from /127.0.0.1:63626 to /127.0.0.1:63627" [_thread_in_native, id=12328, stack(0x0000003919000000,0x0000003919100000)]
  0x000002254806c800 JavaThread "Cancel handler" [_thread_blocked, id=17804, stack(0x0000003919100000,0x0000003919200000)]
  0x0000022548067800 JavaThread "Daemon worker" [_thread_in_vm, id=15376, stack(0x0000003919200000,0x0000003919300000)]
  0x0000022547cb9000 JavaThread "Asynchronous log dispatcher for DefaultDaemonConnection: socket connection from /127.0.0.1:63626 to /127.0.0.1:63627" [_thread_blocked, id=13608, stack(0x0000003919300000,0x0000003919400000)]
  0x0000022547a39000 JavaThread "Stdin handler" [_thread_blocked, id=11504, stack(0x0000003919400000,0x0000003919500000)]
  0x000002254805e000 JavaThread "Daemon client event forwarder" [_thread_blocked, id=12340, stack(0x0000003919500000,0x0000003919600000)]
  0x0000022548060800 JavaThread "Cache worker for journal cache (C:\Users\Quan Nguyen\.gradle\caches\journal-1)" [_thread_blocked, id=12248, stack(0x0000003919600000,0x0000003919700000)]
  0x000002254805f000 JavaThread "File lock request listener" [_thread_in_native, id=13572, stack(0x0000003919700000,0x0000003919800000)]
  0x000002254805f800 JavaThread "Cache worker for file hash cache (C:\Users\Quan Nguyen\.gradle\caches\7.2-rc-2\fileHashes)" [_thread_blocked, id=7212, stack(0x0000003919800000,0x0000003919900000)]
  0x0000022548061800 JavaThread "Cache worker for file hash cache (F:\ProjectAndroid\AssigmentAndroidNC\.gradle\7.2-rc-2\fileHashes)" [_thread_blocked, id=3696, stack(0x0000003919900000,0x0000003919a00000)]
  0x000002254805b800 JavaThread "File watcher server" daemon [_thread_in_native, id=4620, stack(0x0000003919a00000,0x0000003919b00000)]
  0x0000022548062000 JavaThread "File watcher consumer" daemon [_thread_blocked, id=7700, stack(0x0000003919b00000,0x0000003919c00000)]
  0x000002254805c800 JavaThread "jar transforms" [_thread_blocked, id=16440, stack(0x0000003919c00000,0x0000003919d00000)]
  0x000002254805d000 JavaThread "jar transforms Thread 2" [_thread_blocked, id=17792, stack(0x0000003919d00000,0x0000003919e00000)]
  0x0000022548d90800 JavaThread "jar transforms Thread 3" [_thread_blocked, id=9944, stack(0x0000003919e00000,0x0000003919f00000)]
  0x0000022548d8c000 JavaThread "jar transforms Thread 4" [_thread_blocked, id=2788, stack(0x0000003919f00000,0x000000391a000000)]
  0x0000022548d8f000 JavaThread "Cache worker for checksums cache (F:\ProjectAndroid\AssigmentAndroidNC\.gradle\checksums)" [_thread_blocked, id=10088, stack(0x000000391a000000,0x000000391a100000)]
  0x0000022548d8e800 JavaThread "Cache worker for cache directory md-supplier (C:\Users\Quan Nguyen\.gradle\caches\7.2-rc-2\md-supplier)" [_thread_blocked, id=15224, stack(0x000000391a100000,0x000000391a200000)]
  0x0000022548d8c800 JavaThread "Cache worker for cache directory md-rule (C:\Users\Quan Nguyen\.gradle\caches\7.2-rc-2\md-rule)" [_thread_blocked, id=11164, stack(0x000000391a200000,0x000000391a300000)]
  0x0000022548d90000 JavaThread "Cache worker for execution history cache (C:\Users\Quan Nguyen\.gradle\caches\7.2-rc-2\executionHistory)" [_thread_blocked, id=9012, stack(0x000000391a300000,0x000000391a400000)]

Other Threads:
  0x0000022546003800 VMThread "VM Thread" [stack: 0x0000003917e00000,0x0000003917f00000] [id=14224]
  0x0000022546a03000 WatcherThread [stack: 0x0000003918800000,0x0000003918900000] [id=10344]
  0x000002252a4a9000 GCTaskThread "GC Thread#0" [stack: 0x0000003917900000,0x0000003917a00000] [id=15348]
  0x00000225474b9000 GCTaskThread "GC Thread#1" [stack: 0x0000003918900000,0x0000003918a00000] [id=18304]
  0x0000022546f40800 GCTaskThread "GC Thread#2" [stack: 0x0000003918a00000,0x0000003918b00000] [id=6668]
  0x00000225472a1000 GCTaskThread "GC Thread#3" [stack: 0x0000003918b00000,0x0000003918c00000] [id=2188]
  0x000002252a4d9000 ConcurrentGCThread "G1 Main Marker" [stack: 0x0000003917a00000,0x0000003917b00000] [id=15404]
  0x000002252a4da800 ConcurrentGCThread "G1 Conc#0" [stack: 0x0000003917b00000,0x0000003917c00000] [id=8984]
  0x0000022545e50800 ConcurrentGCThread "G1 Refine#0" [stack: 0x0000003917c00000,0x0000003917d00000] [id=13460]
  0x0000022545e51800 ConcurrentGCThread "G1 Young RemSet Sampling" [stack: 0x0000003917d00000,0x0000003917e00000] [id=13576]

Threads with active compile tasks:
C2 CompilerThread0   7394 2488   !   4       java.net.URLClassLoader$1::run (63 bytes)

VM state:not at safepoint (normal execution)

VM Mutex/Monitor currently owned by a thread: None

Heap address: 0x0000000080000000, size: 2048 MB, Compressed Oops mode: 32-bit
Narrow klass base: 0x0000000000000000, Narrow klass shift: 3
Compressed class space size: 1073741824 Address: 0x0000000100000000

Heap:
 garbage-first heap   total 192512K, used 102437K [0x0000000080000000, 0x0000000100000000)
  region size 1024K, 76 young (77824K), 4 survivors (4096K)
 Metaspace       used 34460K, capacity 35331K, committed 35456K, reserved 1079296K
  class space    used 4554K, capacity 4882K, committed 4992K, reserved 1048576K
Heap Regions: E=young(eden), S=young(survivor), O=old, HS=humongous(starts), HC=humongous(continues), CS=collection set, F=free, A=archive, TAMS=top-at-mark-start (previous, next)
|   0|0x0000000080000000, 0x0000000080100000, 0x0000000080100000|100%|HS|  |TAMS 0x0000000080100000, 0x0000000080000000| Complete 
|   1|0x0000000080100000, 0x0000000080200000, 0x0000000080200000|100%|HC|  |TAMS 0x0000000080200000, 0x0000000080100000| Complete 
|   2|0x0000000080200000, 0x0000000080300000, 0x0000000080300000|100%|HC|  |TAMS 0x0000000080300000, 0x0000000080200000| Complete 
|   3|0x0000000080300000, 0x0000000080400000, 0x0000000080400000|100%| O|  |TAMS 0x0000000080400000, 0x0000000080300000| Untracked 
|   4|0x0000000080400000, 0x0000000080500000, 0x0000000080500000|100%| O|  |TAMS 0x0000000080500000, 0x0000000080400000| Untracked 
|   5|0x0000000080500000, 0x0000000080600000, 0x0000000080600000|100%| O|  |TAMS 0x0000000080600000, 0x0000000080500000| Untracked 
|   6|0x0000000080600000, 0x0000000080700000, 0x0000000080700000|100%| O|  |TAMS 0x0000000080700000, 0x0000000080600000| Untracked 
|   7|0x0000000080700000, 0x0000000080800000, 0x0000000080800000|100%| O|  |TAMS 0x0000000080800000, 0x0000000080700000| Untracked 
|   8|0x0000000080800000, 0x0000000080900000, 0x0000000080900000|100%| O|  |TAMS 0x0000000080800000, 0x0000000080800000| Untracked 
|   9|0x0000000080900000, 0x0000000080a00000, 0x0000000080a00000|100%| O|  |TAMS 0x0000000080a00000, 0x0000000080900000| Untracked 
|  10|0x0000000080a00000, 0x0000000080b00000, 0x0000000080b00000|100%| O|  |TAMS 0x0000000080a78400, 0x0000000080a00000| Untracked 
|  11|0x0000000080b00000, 0x0000000080c00000, 0x0000000080c00000|100%| O|  |TAMS 0x0000000080b00000, 0x0000000080b00000| Untracked 
|  12|0x0000000080c00000, 0x0000000080d00000, 0x0000000080d00000|100%| O|  |TAMS 0x0000000080c00000, 0x0000000080c00000| Untracked 
|  13|0x0000000080d00000, 0x0000000080e00000, 0x0000000080e00000|100%| O|  |TAMS 0x0000000080d00000, 0x0000000080d00000| Untracked 
|  14|0x0000000080e00000, 0x0000000080f00000, 0x0000000080f00000|100%| O|  |TAMS 0x0000000080e00000, 0x0000000080e00000| Untracked 
|  15|0x0000000080f00000, 0x0000000080fab600, 0x0000000081000000| 66%| O|  |TAMS 0x0000000080f00000, 0x0000000080f00000| Untracked 
|  16|0x0000000081000000, 0x0000000081100000, 0x0000000081100000|100%|HS|  |TAMS 0x0000000081000000, 0x0000000081000000| Complete 
|  17|0x0000000081100000, 0x0000000081200000, 0x0000000081200000|100%|HC|  |TAMS 0x0000000081100000, 0x0000000081100000| Complete 
|  18|0x0000000081200000, 0x0000000081300000, 0x0000000081300000|100%|HS|  |TAMS 0x0000000081200000, 0x0000000081200000| Complete 
|  19|0x0000000081300000, 0x0000000081400000, 0x0000000081400000|100%|HC|  |TAMS 0x0000000081300000, 0x0000000081300000| Complete 
|  20|0x0000000081400000, 0x0000000081500000, 0x0000000081500000|100%|HC|  |TAMS 0x0000000081400000, 0x0000000081400000| Complete 
|  21|0x0000000081500000, 0x0000000081600000, 0x0000000081600000|100%|HS|  |TAMS 0x0000000081500000, 0x0000000081500000| Complete 
|  22|0x0000000081600000, 0x0000000081700000, 0x0000000081700000|100%|HC|  |TAMS 0x0000000081600000, 0x0000000081600000| Complete 
|  23|0x0000000081700000, 0x0000000081800000, 0x0000000081800000|100%|HC|  |TAMS 0x0000000081700000, 0x0000000081700000| Complete 
|  24|0x0000000081800000, 0x0000000081900000, 0x0000000081900000|100%|HC|  |TAMS 0x0000000081800000, 0x0000000081800000| Complete 
|  25|0x0000000081900000, 0x0000000081a00000, 0x0000000081a00000|100%|HC|  |TAMS 0x0000000081900000, 0x0000000081900000| Complete 
|  26|0x0000000081a00000, 0x0000000081a00000, 0x0000000081b00000|  0%| F|  |TAMS 0x0000000081a00000, 0x0000000081a00000| Untracked 
|  27|0x0000000081b00000, 0x0000000081b00000, 0x0000000081c00000|  0%| F|  |TAMS 0x0000000081b00000, 0x0000000081b00000| Untracked 
|  28|0x0000000081c00000, 0x0000000081c00000, 0x0000000081d00000|  0%| F|  |TAMS 0x0000000081c00000, 0x0000000081c00000| Untracked 
|  29|0x0000000081d00000, 0x0000000081d00000, 0x0000000081e00000|  0%| F|  |TAMS 0x0000000081d00000, 0x0000000081d00000| Untracked 
|  30|0x0000000081e00000, 0x0000000081e00000, 0x0000000081f00000|  0%| F|  |TAMS 0x0000000081e00000, 0x0000000081e00000| Untracked 
|  31|0x0000000081f00000, 0x0000000081f00000, 0x0000000082000000|  0%| F|  |TAMS 0x0000000081f00000, 0x0000000081f00000| Untracked 
|  32|0x0000000082000000, 0x0000000082000000, 0x0000000082100000|  0%| F|  |TAMS 0x0000000082000000, 0x0000000082000000| Untracked 
|  33|0x0000000082100000, 0x0000000082100000, 0x0000000082200000|  0%| F|  |TAMS 0x0000000082100000, 0x0000000082100000| Untracked 
|  34|0x0000000082200000, 0x0000000082200000, 0x0000000082300000|  0%| F|  |TAMS 0x0000000082200000, 0x0000000082200000| Untracked 
|  35|0x0000000082300000, 0x0000000082300000, 0x0000000082400000|  0%| F|  |TAMS 0x0000000082300000, 0x0000000082300000| Untracked 
|  36|0x0000000082400000, 0x0000000082400000, 0x0000000082500000|  0%| F|  |TAMS 0x0000000082400000, 0x0000000082400000| Untracked 
|  37|0x0000000082500000, 0x0000000082500000, 0x0000000082600000|  0%| F|  |TAMS 0x0000000082500000, 0x0000000082500000| Untracked 
|  38|0x0000000082600000, 0x0000000082600000, 0x0000000082700000|  0%| F|  |TAMS 0x0000000082600000, 0x0000000082600000| Untracked 
|  39|0x0000000082700000, 0x0000000082700000, 0x0000000082800000|  0%| F|  |TAMS 0x0000000082700000, 0x0000000082700000| Untracked 
|  40|0x0000000082800000, 0x0000000082800000, 0x0000000082900000|  0%| F|  |TAMS 0x0000000082800000, 0x0000000082800000| Untracked 
|  41|0x0000000082900000, 0x0000000082900000, 0x0000000082a00000|  0%| F|  |TAMS 0x0000000082900000, 0x0000000082900000| Untracked 
|  42|0x0000000082a00000, 0x0000000082a00000, 0x0000000082b00000|  0%| F|  |TAMS 0x0000000082a00000, 0x0000000082a00000| Untracked 
|  43|0x0000000082b00000, 0x0000000082b00000, 0x0000000082c00000|  0%| F|  |TAMS 0x0000000082b00000, 0x0000000082b00000| Untracked 
|  44|0x0000000082c00000, 0x0000000082c00000, 0x0000000082d00000|  0%| F|  |TAMS 0x0000000082c00000, 0x0000000082c00000| Untracked 
|  45|0x0000000082d00000, 0x0000000082d00000, 0x0000000082e00000|  0%| F|  |TAMS 0x0000000082d00000, 0x0000000082d00000| Untracked 
|  46|0x0000000082e00000, 0x0000000082e00000, 0x0000000082f00000|  0%| F|  |TAMS 0x0000000082e00000, 0x0000000082e00000| Untracked 
|  47|0x0000000082f00000, 0x0000000082f00000, 0x0000000083000000|  0%| F|  |TAMS 0x0000000082f00000, 0x0000000082f00000| Untracked 
|  48|0x0000000083000000, 0x0000000083000000, 0x0000000083100000|  0%| F|  |TAMS 0x0000000083000000, 0x0000000083000000| Untracked 
|  49|0x0000000083100000, 0x0000000083100000, 0x0000000083200000|  0%| F|  |TAMS 0x0000000083100000, 0x0000000083100000| Untracked 
|  50|0x0000000083200000, 0x0000000083200000, 0x0000000083300000|  0%| F|  |TAMS 0x0000000083200000, 0x0000000083200000| Untracked 
|  51|0x0000000083300000, 0x0000000083300000, 0x0000000083400000|  0%| F|  |TAMS 0x0000000083300000, 0x0000000083300000| Untracked 
|  52|0x0000000083400000, 0x0000000083400000, 0x0000000083500000|  0%| F|  |TAMS 0x0000000083400000, 0x0000000083400000| Untracked 
|  53|0x0000000083500000, 0x0000000083500000, 0x0000000083600000|  0%| F|  |TAMS 0x0000000083500000, 0x0000000083500000| Untracked 
|  54|0x0000000083600000, 0x0000000083600000, 0x0000000083700000|  0%| F|  |TAMS 0x0000000083600000, 0x0000000083600000| Untracked 
|  55|0x0000000083700000, 0x0000000083700000, 0x0000000083800000|  0%| F|  |TAMS 0x0000000083700000, 0x0000000083700000| Untracked 
|  56|0x0000000083800000, 0x0000000083800000, 0x0000000083900000|  0%| F|  |TAMS 0x0000000083800000, 0x0000000083800000| Untracked 
|  57|0x0000000083900000, 0x0000000083900000, 0x0000000083a00000|  0%| F|  |TAMS 0x0000000083900000, 0x0000000083900000| Untracked 
|  58|0x0000000083a00000, 0x0000000083a00000, 0x0000000083b00000|  0%| F|  |TAMS 0x0000000083a00000, 0x0000000083a00000| Untracked 
|  59|0x0000000083b00000, 0x0000000083b00000, 0x0000000083c00000|  0%| F|  |TAMS 0x0000000083b00000, 0x0000000083b00000| Untracked 
|  60|0x0000000083c00000, 0x0000000083c00000, 0x0000000083d00000|  0%| F|  |TAMS 0x0000000083c00000, 0x0000000083c00000| Untracked 
|  61|0x0000000083d00000, 0x0000000083d00000, 0x0000000083e00000|  0%| F|  |TAMS 0x0000000083d00000, 0x0000000083d00000| Untracked 
|  62|0x0000000083e00000, 0x0000000083e00000, 0x0000000083f00000|  0%| F|  |TAMS 0x0000000083e00000, 0x0000000083e00000| Untracked 
|  63|0x0000000083f00000, 0x0000000083f00000, 0x0000000084000000|  0%| F|  |TAMS 0x0000000083f00000, 0x0000000083f00000| Untracked 
|  64|0x0000000084000000, 0x0000000084000000, 0x0000000084100000|  0%| F|  |TAMS 0x0000000084000000, 0x0000000084000000| Untracked 
|  65|0x0000000084100000, 0x0000000084100000, 0x0000000084200000|  0%| F|  |TAMS 0x0000000084100000, 0x0000000084100000| Untracked 
|  66|0x0000000084200000, 0x0000000084200000, 0x0000000084300000|  0%| F|  |TAMS 0x0000000084200000, 0x0000000084200000| Untracked 
|  67|0x0000000084300000, 0x0000000084300000, 0x0000000084400000|  0%| F|  |TAMS 0x0000000084300000, 0x0000000084300000| Untracked 
|  68|0x0000000084400000, 0x0000000084400000, 0x0000000084500000|  0%| F|  |TAMS 0x0000000084400000, 0x0000000084400000| Untracked 
|  69|0x0000000084500000, 0x0000000084500000, 0x0000000084600000|  0%| F|  |TAMS 0x0000000084500000, 0x0000000084500000| Untracked 
|  70|0x0000000084600000, 0x0000000084600000, 0x0000000084700000|  0%| F|  |TAMS 0x0000000084600000, 0x0000000084600000| Untracked 
|  71|0x0000000084700000, 0x0000000084700000, 0x0000000084800000|  0%| F|  |TAMS 0x0000000084700000, 0x0000000084700000| Untracked 
|  72|0x0000000084800000, 0x0000000084800000, 0x0000000084900000|  0%| F|  |TAMS 0x0000000084800000, 0x0000000084800000| Untracked 
|  73|0x0000000084900000, 0x0000000084900000, 0x0000000084a00000|  0%| F|  |TAMS 0x0000000084900000, 0x0000000084900000| Untracked 
|  74|0x0000000084a00000, 0x0000000084a00000, 0x0000000084b00000|  0%| F|  |TAMS 0x0000000084a00000, 0x0000000084a00000| Untracked 
|  75|0x0000000084b00000, 0x0000000084b00000, 0x0000000084c00000|  0%| F|  |TAMS 0x0000000084b00000, 0x0000000084b00000| Untracked 
|  76|0x0000000084c00000, 0x0000000084c00000, 0x0000000084d00000|  0%| F|  |TAMS 0x0000000084c00000, 0x0000000084c00000| Untracked 
|  77|0x0000000084d00000, 0x0000000084d00000, 0x0000000084e00000|  0%| F|  |TAMS 0x0000000084d00000, 0x0000000084d00000| Untracked 
|  78|0x0000000084e00000, 0x0000000084e00000, 0x0000000084f00000|  0%| F|  |TAMS 0x0000000084e00000, 0x0000000084e00000| Untracked 
|  79|0x0000000084f00000, 0x0000000084f00000, 0x0000000085000000|  0%| F|  |TAMS 0x0000000084f00000, 0x0000000084f00000| Untracked 
|  80|0x0000000085000000, 0x0000000085000000, 0x0000000085100000|  0%| F|  |TAMS 0x0000000085000000, 0x0000000085000000| Untracked 
|  81|0x0000000085100000, 0x0000000085100000, 0x0000000085200000|  0%| F|  |TAMS 0x0000000085100000, 0x0000000085100000| Untracked 
|  82|0x0000000085200000, 0x0000000085200000, 0x0000000085300000|  0%| F|  |TAMS 0x0000000085200000, 0x0000000085200000| Untracked 
|  83|0x0000000085300000, 0x0000000085300000, 0x0000000085400000|  0%| F|  |TAMS 0x0000000085300000, 0x0000000085300000| Untracked 
|  84|0x0000000085400000, 0x0000000085400000, 0x0000000085500000|  0%| F|  |TAMS 0x0000000085400000, 0x0000000085400000| Untracked 
|  85|0x0000000085500000, 0x0000000085500000, 0x0000000085600000|  0%| F|  |TAMS 0x0000000085500000, 0x0000000085500000| Untracked 
|  86|0x0000000085600000, 0x0000000085600000, 0x0000000085700000|  0%| F|  |TAMS 0x0000000085600000, 0x0000000085600000| Untracked 
|  87|0x0000000085700000, 0x0000000085700000, 0x0000000085800000|  0%| F|  |TAMS 0x0000000085700000, 0x0000000085700000| Untracked 
|  88|0x0000000085800000, 0x0000000085800000, 0x0000000085900000|  0%| F|  |TAMS 0x0000000085800000, 0x0000000085800000| Untracked 
|  89|0x0000000085900000, 0x0000000085900000, 0x0000000085a00000|  0%| F|  |TAMS 0x0000000085900000, 0x0000000085900000| Untracked 
|  90|0x0000000085a00000, 0x0000000085a00000, 0x0000000085b00000|  0%| F|  |TAMS 0x0000000085a00000, 0x0000000085a00000| Untracked 
|  91|0x0000000085b00000, 0x0000000085b00000, 0x0000000085c00000|  0%| F|  |TAMS 0x0000000085b00000, 0x0000000085b00000| Untracked 
|  92|0x0000000085c00000, 0x0000000085c00000, 0x0000000085d00000|  0%| F|  |TAMS 0x0000000085c00000, 0x0000000085c00000| Untracked 
|  93|0x0000000085d00000, 0x0000000085d00000, 0x0000000085e00000|  0%| F|  |TAMS 0x0000000085d00000, 0x0000000085d00000| Untracked 
|  94|0x0000000085e00000, 0x0000000085e00000, 0x0000000085f00000|  0%| F|  |TAMS 0x0000000085e00000, 0x0000000085e00000| Untracked 
|  95|0x0000000085f00000, 0x0000000085f00000, 0x0000000086000000|  0%| F|  |TAMS 0x0000000085f00000, 0x0000000085f00000| Untracked 
|  96|0x0000000086000000, 0x0000000086000000, 0x0000000086100000|  0%| F|  |TAMS 0x0000000086000000, 0x0000000086000000| Untracked 
|  97|0x0000000086100000, 0x0000000086100000, 0x0000000086200000|  0%| F|  |TAMS 0x0000000086100000, 0x0000000086100000| Untracked 
|  98|0x0000000086200000, 0x0000000086200000, 0x0000000086300000|  0%| F|  |TAMS 0x0000000086200000, 0x0000000086200000| Untracked 
|  99|0x0000000086300000, 0x0000000086300000, 0x0000000086400000|  0%| F|  |TAMS 0x0000000086300000, 0x0000000086300000| Untracked 
| 100|0x0000000086400000, 0x0000000086400000, 0x0000000086500000|  0%| F|  |TAMS 0x0000000086400000, 0x0000000086400000| Untracked 
| 101|0x0000000086500000, 0x0000000086500000, 0x0000000086600000|  0%| F|  |TAMS 0x0000000086500000, 0x0000000086500000| Untracked 
| 102|0x0000000086600000, 0x0000000086600000, 0x0000000086700000|  0%| F|  |TAMS 0x0000000086600000, 0x0000000086600000| Untracked 
| 103|0x0000000086700000, 0x0000000086700000, 0x0000000086800000|  0%| F|  |TAMS 0x0000000086700000, 0x0000000086700000| Untracked 
| 104|0x0000000086800000, 0x0000000086800000, 0x0000000086900000|  0%| F|  |TAMS 0x0000000086800000, 0x0000000086800000| Untracked 
| 105|0x0000000086900000, 0x0000000086900000, 0x0000000086a00000|  0%| F|  |TAMS 0x0000000086900000, 0x0000000086900000| Untracked 
| 106|0x0000000086a00000, 0x0000000086a00000, 0x0000000086b00000|  0%| F|  |TAMS 0x0000000086a00000, 0x0000000086a00000| Untracked 
| 107|0x0000000086b00000, 0x0000000086b00000, 0x0000000086c00000|  0%| F|  |TAMS 0x0000000086b00000, 0x0000000086b00000| Untracked 
| 108|0x0000000086c00000, 0x0000000086c00000, 0x0000000086d00000|  0%| F|  |TAMS 0x0000000086c00000, 0x0000000086c00000| Untracked 
| 109|0x0000000086d00000, 0x0000000086d00000, 0x0000000086e00000|  0%| F|  |TAMS 0x0000000086d00000, 0x0000000086d00000| Untracked 
| 110|0x0000000086e00000, 0x0000000086e00000, 0x0000000086f00000|  0%| F|  |TAMS 0x0000000086e00000, 0x0000000086e00000| Untracked 
| 111|0x0000000086f00000, 0x0000000086f00000, 0x0000000087000000|  0%| F|  |TAMS 0x0000000086f00000, 0x0000000086f00000| Untracked 
| 112|0x0000000087000000, 0x000000008708bbf8, 0x0000000087100000| 54%| E|  |TAMS 0x0000000087000000, 0x0000000087000000| Complete 
| 113|0x0000000087100000, 0x0000000087200000, 0x0000000087200000|100%| E|CS|TAMS 0x0000000087100000, 0x0000000087100000| Complete 
| 114|0x0000000087200000, 0x0000000087300000, 0x0000000087300000|100%| E|CS|TAMS 0x0000000087200000, 0x0000000087200000| Complete 
| 115|0x0000000087300000, 0x0000000087400000, 0x0000000087400000|100%| E|CS|TAMS 0x0000000087300000, 0x0000000087300000| Complete 
| 116|0x0000000087400000, 0x0000000087500000, 0x0000000087500000|100%| E|CS|TAMS 0x0000000087400000, 0x0000000087400000| Complete 
| 117|0x0000000087500000, 0x0000000087600000, 0x0000000087600000|100%| E|CS|TAMS 0x0000000087500000, 0x0000000087500000| Complete 
| 118|0x0000000087600000, 0x0000000087700000, 0x0000000087700000|100%| E|CS|TAMS 0x0000000087600000, 0x0000000087600000| Complete 
| 119|0x0000000087700000, 0x0000000087800000, 0x0000000087800000|100%| E|CS|TAMS 0x0000000087700000, 0x0000000087700000| Complete 
| 120|0x0000000087800000, 0x0000000087900000, 0x0000000087900000|100%| E|CS|TAMS 0x0000000087800000, 0x0000000087800000| Complete 
| 121|0x0000000087900000, 0x0000000087a00000, 0x0000000087a00000|100%| E|CS|TAMS 0x0000000087900000, 0x0000000087900000| Complete 
| 122|0x0000000087a00000, 0x0000000087b00000, 0x0000000087b00000|100%| E|CS|TAMS 0x0000000087a00000, 0x0000000087a00000| Complete 
| 123|0x0000000087b00000, 0x0000000087c00000, 0x0000000087c00000|100%| E|CS|TAMS 0x0000000087b00000, 0x0000000087b00000| Complete 
| 124|0x0000000087c00000, 0x0000000087d00000, 0x0000000087d00000|100%| E|CS|TAMS 0x0000000087c00000, 0x0000000087c00000| Complete 
| 125|0x0000000087d00000, 0x0000000087e00000, 0x0000000087e00000|100%| E|CS|TAMS 0x0000000087d00000, 0x0000000087d00000| Complete 
| 126|0x0000000087e00000, 0x0000000087f00000, 0x0000000087f00000|100%| E|CS|TAMS 0x0000000087e00000, 0x0000000087e00000| Complete 
| 127|0x0000000087f00000, 0x0000000087f5e190, 0x0000000088000000| 36%| S|CS|TAMS 0x0000000087f00000, 0x0000000087f00000| Complete 
| 128|0x0000000088000000, 0x0000000088100000, 0x0000000088100000|100%| S|CS|TAMS 0x0000000088000000, 0x0000000088000000| Complete 
| 129|0x0000000088100000, 0x0000000088200000, 0x0000000088200000|100%| S|CS|TAMS 0x0000000088100000, 0x0000000088100000| Complete 
| 130|0x0000000088200000, 0x0000000088300000, 0x0000000088300000|100%| S|CS|TAMS 0x0000000088200000, 0x0000000088200000| Complete 
| 131|0x0000000088300000, 0x0000000088400000, 0x0000000088400000|100%| E|CS|TAMS 0x0000000088300000, 0x0000000088300000| Complete 
| 132|0x0000000088400000, 0x0000000088500000, 0x0000000088500000|100%| E|CS|TAMS 0x0000000088400000, 0x0000000088400000| Complete 
| 133|0x0000000088500000, 0x0000000088600000, 0x0000000088600000|100%| E|CS|TAMS 0x0000000088500000, 0x0000000088500000| Complete 
| 134|0x0000000088600000, 0x0000000088700000, 0x0000000088700000|100%| E|CS|TAMS 0x0000000088600000, 0x0000000088600000| Complete 
| 135|0x0000000088700000, 0x0000000088800000, 0x0000000088800000|100%| E|CS|TAMS 0x0000000088700000, 0x0000000088700000| Complete 
| 136|0x0000000088800000, 0x0000000088900000, 0x0000000088900000|100%| E|CS|TAMS 0x0000000088800000, 0x0000000088800000| Complete 
| 137|0x0000000088900000, 0x0000000088a00000, 0x0000000088a00000|100%| E|CS|TAMS 0x0000000088900000, 0x0000000088900000| Complete 
| 138|0x0000000088a00000, 0x0000000088b00000, 0x0000000088b00000|100%| E|CS|TAMS 0x0000000088a00000, 0x0000000088a00000| Complete 
| 139|0x0000000088b00000, 0x0000000088c00000, 0x0000000088c00000|100%| E|CS|TAMS 0x0000000088b00000, 0x0000000088b00000| Complete 
| 140|0x0000000088c00000, 0x0000000088d00000, 0x0000000088d00000|100%| E|CS|TAMS 0x0000000088c00000, 0x0000000088c00000| Complete 
| 141|0x0000000088d00000, 0x0000000088e00000, 0x0000000088e00000|100%| E|CS|TAMS 0x0000000088d00000, 0x0000000088d00000| Complete 
| 142|0x0000000088e00000, 0x0000000088f00000, 0x0000000088f00000|100%| E|CS|TAMS 0x0000000088e00000, 0x0000000088e00000| Complete 
| 143|0x0000000088f00000, 0x0000000089000000, 0x0000000089000000|100%| E|CS|TAMS 0x0000000088f00000, 0x0000000088f00000| Complete 
| 144|0x0000000089000000, 0x0000000089100000, 0x0000000089100000|100%| E|CS|TAMS 0x0000000089000000, 0x0000000089000000| Complete 
| 145|0x0000000089100000, 0x0000000089200000, 0x0000000089200000|100%| E|CS|TAMS 0x0000000089100000, 0x0000000089100000| Complete 
| 146|0x0000000089200000, 0x0000000089300000, 0x0000000089300000|100%| E|CS|TAMS 0x0000000089200000, 0x0000000089200000| Complete 
| 147|0x0000000089300000, 0x0000000089400000, 0x0000000089400000|100%| E|CS|TAMS 0x0000000089300000, 0x0000000089300000| Complete 
| 148|0x0000000089400000, 0x0000000089500000, 0x0000000089500000|100%| E|CS|TAMS 0x0000000089400000, 0x0000000089400000| Complete 
| 149|0x0000000089500000, 0x0000000089600000, 0x0000000089600000|100%| E|CS|TAMS 0x0000000089500000, 0x0000000089500000| Complete 
| 150|0x0000000089600000, 0x0000000089700000, 0x0000000089700000|100%| E|CS|TAMS 0x0000000089600000, 0x0000000089600000| Complete 
| 151|0x0000000089700000, 0x0000000089800000, 0x0000000089800000|100%| E|CS|TAMS 0x0000000089700000, 0x0000000089700000| Complete 
| 152|0x0000000089800000, 0x0000000089900000, 0x0000000089900000|100%| E|CS|TAMS 0x0000000089800000, 0x0000000089800000| Complete 
| 153|0x0000000089900000, 0x0000000089a00000, 0x0000000089a00000|100%| E|CS|TAMS 0x0000000089900000, 0x0000000089900000| Complete 
| 154|0x0000000089a00000, 0x0000000089b00000, 0x0000000089b00000|100%| E|CS|TAMS 0x0000000089a00000, 0x0000000089a00000| Complete 
| 155|0x0000000089b00000, 0x0000000089c00000, 0x0000000089c00000|100%| E|CS|TAMS 0x0000000089b00000, 0x0000000089b00000| Complete 
| 156|0x0000000089c00000, 0x0000000089d00000, 0x0000000089d00000|100%| E|CS|TAMS 0x0000000089c00000, 0x0000000089c00000| Complete 
| 157|0x0000000089d00000, 0x0000000089e00000, 0x0000000089e00000|100%| E|CS|TAMS 0x0000000089d00000, 0x0000000089d00000| Complete 
| 158|0x0000000089e00000, 0x0000000089f00000, 0x0000000089f00000|100%| E|CS|TAMS 0x0000000089e00000, 0x0000000089e00000| Complete 
| 159|0x0000000089f00000, 0x000000008a000000, 0x000000008a000000|100%| E|CS|TAMS 0x0000000089f00000, 0x0000000089f00000| Complete 
| 160|0x000000008a000000, 0x000000008a100000, 0x000000008a100000|100%| E|CS|TAMS 0x000000008a000000, 0x000000008a000000| Complete 
| 161|0x000000008a100000, 0x000000008a200000, 0x000000008a200000|100%| E|CS|TAMS 0x000000008a100000, 0x000000008a100000| Complete 
| 162|0x000000008a200000, 0x000000008a300000, 0x000000008a300000|100%| E|CS|TAMS 0x000000008a200000, 0x000000008a200000| Complete 
| 163|0x000000008a300000, 0x000000008a400000, 0x000000008a400000|100%| E|CS|TAMS 0x000000008a300000, 0x000000008a300000| Complete 
| 164|0x000000008a400000, 0x000000008a500000, 0x000000008a500000|100%| E|CS|TAMS 0x000000008a400000, 0x000000008a400000| Complete 
| 165|0x000000008a500000, 0x000000008a600000, 0x000000008a600000|100%| E|CS|TAMS 0x000000008a500000, 0x000000008a500000| Complete 
| 166|0x000000008a600000, 0x000000008a700000, 0x000000008a700000|100%| E|CS|TAMS 0x000000008a600000, 0x000000008a600000| Complete 
| 167|0x000000008a700000, 0x000000008a800000, 0x000000008a800000|100%| E|CS|TAMS 0x000000008a700000, 0x000000008a700000| Complete 
| 168|0x000000008a800000, 0x000000008a900000, 0x000000008a900000|100%| E|CS|TAMS 0x000000008a800000, 0x000000008a800000| Complete 
| 169|0x000000008a900000, 0x000000008aa00000, 0x000000008aa00000|100%| E|CS|TAMS 0x000000008a900000, 0x000000008a900000| Complete 
| 170|0x000000008aa00000, 0x000000008ab00000, 0x000000008ab00000|100%| E|CS|TAMS 0x000000008aa00000, 0x000000008aa00000| Complete 
| 171|0x000000008ab00000, 0x000000008ac00000, 0x000000008ac00000|100%| E|CS|TAMS 0x000000008ab00000, 0x000000008ab00000| Complete 
| 172|0x000000008ac00000, 0x000000008ad00000, 0x000000008ad00000|100%| E|CS|TAMS 0x000000008ac00000, 0x000000008ac00000| Complete 
| 173|0x000000008ad00000, 0x000000008ae00000, 0x000000008ae00000|100%| E|CS|TAMS 0x000000008ad00000, 0x000000008ad00000| Complete 
| 174|0x000000008ae00000, 0x000000008af00000, 0x000000008af00000|100%| E|CS|TAMS 0x000000008ae00000, 0x000000008ae00000| Complete 
| 175|0x000000008af00000, 0x000000008b000000, 0x000000008b000000|100%| E|CS|TAMS 0x000000008af00000, 0x000000008af00000| Complete 
| 176|0x000000008b000000, 0x000000008b100000, 0x000000008b100000|100%| E|CS|TAMS 0x000000008b000000, 0x000000008b000000| Complete 
| 177|0x000000008b100000, 0x000000008b200000, 0x000000008b200000|100%| E|CS|TAMS 0x000000008b100000, 0x000000008b100000| Complete 
| 178|0x000000008b200000, 0x000000008b300000, 0x000000008b300000|100%| E|CS|TAMS 0x000000008b200000, 0x000000008b200000| Complete 
| 179|0x000000008b300000, 0x000000008b400000, 0x000000008b400000|100%| E|CS|TAMS 0x000000008b300000, 0x000000008b300000| Complete 
| 180|0x000000008b400000, 0x000000008b500000, 0x000000008b500000|100%| E|CS|TAMS 0x000000008b400000, 0x000000008b400000| Complete 
| 181|0x000000008b500000, 0x000000008b600000, 0x000000008b600000|100%| E|CS|TAMS 0x000000008b500000, 0x000000008b500000| Complete 
| 182|0x000000008b600000, 0x000000008b700000, 0x000000008b700000|100%| E|CS|TAMS 0x000000008b600000, 0x000000008b600000| Complete 
| 183|0x000000008b700000, 0x000000008b800000, 0x000000008b800000|100%| E|CS|TAMS 0x000000008b700000, 0x000000008b700000| Complete 
| 184|0x000000008b800000, 0x000000008b900000, 0x000000008b900000|100%| E|CS|TAMS 0x000000008b800000, 0x000000008b800000| Complete 
| 185|0x000000008b900000, 0x000000008ba00000, 0x000000008ba00000|100%| E|CS|TAMS 0x000000008b900000, 0x000000008b900000| Complete 
| 186|0x000000008ba00000, 0x000000008bb00000, 0x000000008bb00000|100%| E|CS|TAMS 0x000000008ba00000, 0x000000008ba00000| Complete 
| 187|0x000000008bb00000, 0x000000008bc00000, 0x000000008bc00000|100%| E|CS|TAMS 0x000000008bb00000, 0x000000008bb00000| Complete 

Card table byte_map: [0x000002253f180000,0x000002253f580000] _byte_map_base: 0x000002253ed80000

Marking Bits (Prev, Next): (CMBitMap*) 0x000002252a4d0260, (CMBitMap*) 0x000002252a4d0228
 Prev Bits: [0x0000022541980000, 0x0000022543980000)
 Next Bits: [0x000002253f980000, 0x0000022541980000)

Polling page: 0x000002252a560000

Metaspace:

Usage:
  Non-class:     29.74 MB capacity,    29.21 MB ( 98%) used,   453.20 KB (  1%) free+waste,    83.13 KB ( <1%) overhead. 
      Class:      4.77 MB capacity,     4.45 MB ( 93%) used,   286.13 KB (  6%) free+waste,    41.31 KB ( <1%) overhead. 
       Both:     34.51 MB capacity,    33.66 MB ( 98%) used,   739.33 KB (  2%) free+waste,   124.44 KB ( <1%) overhead. 

Virtual space:
  Non-class space:       30.00 MB reserved,      29.75 MB (>99%) committed 
      Class space:        1.00 GB reserved,       4.88 MB ( <1%) committed 
             Both:        1.03 GB reserved,      34.63 MB (  3%) committed 

Chunk freelists:
   Non-Class:  13.00 KB
       Class:  13.00 KB
        Both:  26.00 KB

MaxMetaspaceSize: 17179869184.00 GB
CompressedClassSpaceSize: 1.00 GB

CodeHeap 'non-profiled nmethods': size=120064Kb used=1235Kb max_used=1235Kb free=118828Kb
 bounds [0x0000022537220000, 0x0000022537490000, 0x000002253e760000]
CodeHeap 'profiled nmethods': size=120000Kb used=5987Kb max_used=5987Kb free=114012Kb
 bounds [0x000002252fcf0000, 0x00000225302d0000, 0x0000022537220000]
CodeHeap 'non-nmethods': size=5696Kb used=1173Kb max_used=1206Kb free=4522Kb
 bounds [0x000002252f760000, 0x000002252f9d0000, 0x000002252fcf0000]
 total_blobs=3453 nmethods=2931 adapters=433
 compilation: enabled
              stopped_count=0, restarted_count=0
 full_count=0

Compilation events (20 events):
Event: 7.323 Thread 0x000002254687c000 nmethod 2929 0x0000022537353690 code [0x0000022537353840, 0x00000225373538f8]
Event: 7.323 Thread 0x000002254687c000 2930       2       java.lang.invoke.BoundMethodHandle::editor (8 bytes)
Event: 7.323 Thread 0x000002254687c000 nmethod 2930 0x00000225302ba110 code [0x00000225302ba2c0, 0x00000225302ba488]
Event: 7.324 Thread 0x000002254687c000 2931       2       jdk.internal.org.objectweb.asm.FieldWriter::visitEnd (1 bytes)
Event: 7.324 Thread 0x000002254687c000 nmethod 2931 0x00000225302ba590 code [0x00000225302ba740, 0x00000225302ba838]
Event: 7.324 Thread 0x000002254687c000 2932       2       java.util.stream.ReferencePipeline$3$1::accept (23 bytes)
Event: 7.324 Thread 0x000002254687c000 nmethod 2932 0x00000225302ba910 code [0x00000225302baae0, 0x00000225302bac38]
Event: 7.325 Thread 0x000002254687c000 2933       2       java.lang.module.ModuleDescriptor$Exports::isQualified (18 bytes)
Event: 7.325 Thread 0x000002254687c000 nmethod 2933 0x00000225302bad10 code [0x00000225302baec0, 0x00000225302bafe8]
Event: 7.325 Thread 0x000002254687c000 2935       2       java.util.stream.ReferencePipeline$2$1::accept (27 bytes)
Event: 7.325 Thread 0x000002254687c000 nmethod 2935 0x00000225302bb090 code [0x00000225302bb260, 0x00000225302bb3d8]
Event: 7.325 Thread 0x000002254687c000 2934       2       java.util.HashMap::remove (26 bytes)
Event: 7.326 Thread 0x000002254687c000 nmethod 2934 0x00000225302bb510 code [0x00000225302bb6e0, 0x00000225302bb898]
Event: 7.326 Thread 0x000002254687c000 2936       1       java.util.stream.ReferencePipeline$StatelessOp::opIsStateful (2 bytes)
Event: 7.326 Thread 0x000002254687c000 nmethod 2936 0x0000022537353990 code [0x0000022537353b40, 0x0000022537353bf8]
Event: 7.326 Thread 0x000002254687c000 2937       2       java.util.stream.ForEachOps$ForEachOp$OfRef::accept (11 bytes)
Event: 7.326 Thread 0x000002254687c000 nmethod 2937 0x00000225302bb990 code [0x00000225302bbb40, 0x00000225302bbc68]
Event: 7.326 Thread 0x000002254687c000 2938       2       java.lang.SecurityManager$$Lambda$328/0x00000001004ba840::accept (8 bytes)
Event: 7.326 Thread 0x000002254687c000 nmethod 2938 0x00000225302bbd10 code [0x00000225302bbec0, 0x00000225302bc008]
Event: 7.326 Thread 0x000002254687c000 2940       2       java.util.HashMap::removeNode (291 bytes)

GC Heap History (12 events):
Event: 0.702 GC heap before
{Heap before GC invocations=0 (full 0):
 garbage-first heap   total 192512K, used 17408K [0x0000000080000000, 0x0000000100000000)
  region size 1024K, 14 young (14336K), 0 survivors (0K)
 Metaspace       used 6778K, capacity 6993K, committed 7168K, reserved 1056768K
  class space    used 585K, capacity 650K, committed 768K, reserved 1048576K
}
Event: 0.739 GC heap after
{Heap after GC invocations=1 (full 0):
 garbage-first heap   total 192512K, used 4233K [0x0000000080000000, 0x0000000100000000)
  region size 1024K, 2 young (2048K), 2 survivors (2048K)
 Metaspace       used 6778K, capacity 6993K, committed 7168K, reserved 1056768K
  class space    used 585K, capacity 650K, committed 768K, reserved 1048576K
}
Event: 1.569 GC heap before
{Heap before GC invocations=1 (full 0):
 garbage-first heap   total 192512K, used 18569K [0x0000000080000000, 0x0000000100000000)
  region size 1024K, 13 young (13312K), 2 survivors (2048K)
 Metaspace       used 9947K, capacity 10186K, committed 10368K, reserved 1058816K
  class space    used 1029K, capacity 1102K, committed 1152K, reserved 1048576K
}
Event: 1.572 GC heap after
{Heap after GC invocations=2 (full 0):
 garbage-first heap   total 192512K, used 9340K [0x0000000080000000, 0x0000000100000000)
  region size 1024K, 2 young (2048K), 2 survivors (2048K)
 Metaspace       used 9947K, capacity 10186K, committed 10368K, reserved 1058816K
  class space    used 1029K, capacity 1102K, committed 1152K, reserved 1048576K
}
Event: 2.180 GC heap before
{Heap before GC invocations=2 (full 0):
 garbage-first heap   total 192512K, used 38012K [0x0000000080000000, 0x0000000100000000)
  region size 1024K, 30 young (30720K), 2 survivors (2048K)
 Metaspace       used 10915K, capacity 11141K, committed 11264K, reserved 1058816K
  class space    used 1133K, capacity 1207K, committed 1280K, reserved 1048576K
}
Event: 2.183 GC heap after
{Heap after GC invocations=3 (full 0):
 garbage-first heap   total 192512K, used 11594K [0x0000000080000000, 0x0000000100000000)
  region size 1024K, 4 young (4096K), 4 survivors (4096K)
 Metaspace       used 10915K, capacity 11141K, committed 11264K, reserved 1058816K
  class space    used 1133K, capacity 1207K, committed 1280K, reserved 1048576K
}
Event: 3.899 GC heap before
{Heap before GC invocations=3 (full 0):
 garbage-first heap   total 192512K, used 54602K [0x0000000080000000, 0x0000000100000000)
  region size 1024K, 46 young (47104K), 4 survivors (4096K)
 Metaspace       used 17724K, capacity 18107K, committed 18432K, reserved 1064960K
  class space    used 2078K, capacity 2202K, committed 2304K, reserved 1048576K
}
Event: 3.908 GC heap after
{Heap after GC invocations=4 (full 0):
 garbage-first heap   total 192512K, used 15841K [0x0000000080000000, 0x0000000100000000)
  region size 1024K, 6 young (6144K), 6 survivors (6144K)
 Metaspace       used 17724K, capacity 18107K, committed 18432K, reserved 1064960K
  class space    used 2078K, capacity 2202K, committed 2304K, reserved 1048576K
}
Event: 4.310 GC heap before
{Heap before GC invocations=4 (full 0):
 garbage-first heap   total 192512K, used 42465K [0x0000000080000000, 0x0000000100000000)
  region size 1024K, 33 young (33792K), 6 survivors (6144K)
 Metaspace       used 20679K, capacity 21088K, committed 21248K, reserved 1067008K
  class space    used 2534K, capacity 2706K, committed 2816K, reserved 1048576K
}
Event: 4.319 GC heap after
{Heap after GC invocations=5 (full 0):
 garbage-first heap   total 192512K, used 17103K [0x0000000080000000, 0x0000000100000000)
  region size 1024K, 8 young (8192K), 8 survivors (8192K)
 Metaspace       used 20679K, capacity 21088K, committed 21248K, reserved 1067008K
  class space    used 2534K, capacity 2706K, committed 2816K, reserved 1048576K
}
Event: 5.417 GC heap before
{Heap before GC invocations=6 (full 0):
 garbage-first heap   total 192512K, used 67279K [0x0000000080000000, 0x0000000100000000)
  region size 1024K, 57 young (58368K), 8 survivors (8192K)
 Metaspace       used 25904K, capacity 26511K, committed 26624K, reserved 1073152K
  class space    used 3370K, capacity 3583K, committed 3584K, reserved 1048576K
}
Event: 5.430 GC heap after
{Heap after GC invocations=7 (full 0):
 garbage-first heap   total 192512K, used 19493K [0x0000000080000000, 0x0000000100000000)
  region size 1024K, 4 young (4096K), 4 survivors (4096K)
 Metaspace       used 25904K, capacity 26511K, committed 26624K, reserved 1073152K
  class space    used 3370K, capacity 3583K, committed 3584K, reserved 1048576K
}

Deoptimization events (20 events):
Event: 7.200 Thread 0x0000022548067800 Uncommon trap: trap_request=0xffffffc6 fr.pc=0x00000225373131b8 relative=0x0000000000000838
Event: 7.200 Thread 0x0000022548067800 Uncommon trap: reason=bimorphic_or_optimized_type_check action=maybe_recompile pc=0x00000225373131b8 method=java.io.BufferedInputStream.read([BII)I @ 101 c2
Event: 7.200 Thread 0x0000022548067800 DEOPT PACKING pc=0x00000225373131b8 sp=0x00000039192f8420
Event: 7.200 Thread 0x0000022548067800 DEOPT UNPACKING pc=0x000002252f7878af sp=0x00000039192f83d8 mode 2
Event: 7.201 Thread 0x0000022548067800 Uncommon trap: trap_request=0xffffffc6 fr.pc=0x00000225373131b8 relative=0x0000000000000838
Event: 7.201 Thread 0x0000022548067800 Uncommon trap: reason=bimorphic_or_optimized_type_check action=maybe_recompile pc=0x00000225373131b8 method=java.io.BufferedInputStream.read([BII)I @ 101 c2
Event: 7.201 Thread 0x0000022548067800 DEOPT PACKING pc=0x00000225373131b8 sp=0x00000039192f8420
Event: 7.201 Thread 0x0000022548067800 DEOPT UNPACKING pc=0x000002252f7878af sp=0x00000039192f83d8 mode 2
Event: 7.201 Thread 0x0000022548067800 Uncommon trap: trap_request=0xffffffc6 fr.pc=0x00000225373131b8 relative=0x0000000000000838
Event: 7.201 Thread 0x0000022548067800 Uncommon trap: reason=bimorphic_or_optimized_type_check action=maybe_recompile pc=0x00000225373131b8 method=java.io.BufferedInputStream.read([BII)I @ 101 c2
Event: 7.201 Thread 0x0000022548067800 DEOPT PACKING pc=0x00000225373131b8 sp=0x00000039192f8420
Event: 7.201 Thread 0x0000022548067800 DEOPT UNPACKING pc=0x000002252f7878af sp=0x00000039192f83d8 mode 2
Event: 7.201 Thread 0x0000022548067800 DEOPT PACKING pc=0x000002252ff95739 sp=0x00000039192f8530
Event: 7.201 Thread 0x0000022548067800 DEOPT UNPACKING pc=0x000002252f7876ce sp=0x00000039192f7aa0 mode 0
Event: 7.202 Thread 0x0000022548067800 DEOPT PACKING pc=0x000002252ff95739 sp=0x00000039192f8530
Event: 7.202 Thread 0x0000022548067800 DEOPT UNPACKING pc=0x000002252f7876ce sp=0x00000039192f7aa0 mode 0
Event: 7.202 Thread 0x0000022548067800 Uncommon trap: trap_request=0xffffffc6 fr.pc=0x00000225373131b8 relative=0x0000000000000838
Event: 7.202 Thread 0x0000022548067800 Uncommon trap: reason=bimorphic_or_optimized_type_check action=maybe_recompile pc=0x00000225373131b8 method=java.io.BufferedInputStream.read([BII)I @ 101 c2
Event: 7.203 Thread 0x0000022548067800 DEOPT PACKING pc=0x00000225373131b8 sp=0x00000039192f8420
Event: 7.203 Thread 0x0000022548067800 DEOPT UNPACKING pc=0x000002252f7878af sp=0x00000039192f83d8 mode 2

Classes redefined (0 events):
No events

Internal exceptions (20 events):
Event: 6.223 Thread 0x0000022548067800 Exception <a 'java/lang/NoSuchMethodError'{0x000000008a3b0090}: 'java.lang.Object java.lang.invoke.DirectMethodHandle$Holder.invokeSpecial(java.lang.Object, java.lang.Object, java.lang.Object, java.lang.Object, java.lang.Object, java.lang.Object, java.lang.Object, java.lang.Object, java.lang.Object, java.lang.Object, java.lang.Object, java.lang.Object)'> (0x000000008a3b0090) thrown at [./src/hotspot/share/interpreter/linkResolver.cpp, line 773]
Event: 6.224 Thread 0x0000022548067800 Exception <a 'java/lang/NoSuchMethodError'{0x000000008a3b51b8}: 'java.lang.Object java.lang.invoke.Invokers$Holder.linkToTargetMethod(java.lang.Object, java.lang.Object, java.lang.Object, java.lang.Object, java.lang.Object, java.lang.Object, java.lang.Object, java.lang.Object, java.lang.Object, java.lang.Object, java.lang.Object)'> (0x000000008a3b51b8) thrown at [./src/hotspot/share/interpreter/linkResolver.cpp, line 773]
Event: 6.255 Thread 0x0000022548067800 Exception <a 'java/lang/NoSuchMethodError'{0x000000008a103cd0}: 'java.lang.Object java.lang.invoke.DirectMethodHandle$Holder.invokeSpecial(java.lang.Object, java.lang.Object, java.lang.Object, java.lang.Object, java.lang.Object, java.lang.Object, java.lang.Object, java.lang.Object, java.lang.Object, java.lang.Object, java.lang.Object, java.lang.Object, java.lang.Object, java.lang.Object)'> (0x000000008a103cd0) thrown at [./src/hotspot/share/interpreter/linkResolver.cpp, line 773]
Event: 6.256 Thread 0x0000022548067800 Exception <a 'java/lang/NoSuchMethodError'{0x000000008a115348}: 'java.lang.Object java.lang.invoke.Invokers$Holder.linkToTargetMethod(java.lang.Object, java.lang.Object, java.lang.Object, java.lang.Object, java.lang.Object, java.lang.Object, java.lang.Object, java.lang.Object, java.lang.Object, java.lang.Object, java.lang.Object, java.lang.Object)'> (0x000000008a115348) thrown at [./src/hotspot/share/interpreter/linkResolver.cpp, line 773]
Event: 6.268 Thread 0x0000022548067800 Exception <a 'java/lang/NoSuchMethodError'{0x000000008a1a9f80}: 'java.lang.Object java.lang.invoke.DirectMethodHandle$Holder.invokeStaticInit(java.lang.Object, java.lang.Object, java.lang.Object, java.lang.Object)'> (0x000000008a1a9f80) thrown at [./src/hotspot/share/interpreter/linkResolver.cpp, line 773]
Event: 6.413 Thread 0x0000022548067800 Implicit null exception at 0x00000225372df175 to 0x00000225372df34c
Event: 6.413 Thread 0x0000022548067800 Implicit null exception at 0x00000225372e48af to 0x00000225372e491d
Event: 6.704 Thread 0x0000022548067800 Exception <a 'java/lang/NoSuchMethodError'{0x0000000088f856d8}: 'java.lang.Object java.lang.invoke.Invokers$Holder.linkToTargetMethod(java.lang.Object, java.lang.Object, java.lang.Object, java.lang.Object, java.lang.Object, java.lang.Object, java.lang.Object, java.lang.Object)'> (0x0000000088f856d8) thrown at [./src/hotspot/share/interpreter/linkResolver.cpp, line 773]
Event: 6.727 Thread 0x0000022548067800 Exception <a 'java/lang/NoSuchMethodError'{0x0000000088fb9c30}: 'java.lang.Object java.lang.invoke.DirectMethodHandle$Holder.invokeVirtual(java.lang.Object, java.lang.Object, java.lang.Object)'> (0x0000000088fb9c30) thrown at [./src/hotspot/share/interpreter/linkResolver.cpp, line 773]
Event: 6.748 Thread 0x0000022548067800 Exception <a 'java/lang/NoSuchMethodError'{0x0000000088e8b9f8}: 'java.lang.Object java.lang.invoke.Invokers$Holder.linkToTargetMethod(java.lang.Object, java.lang.Object, java.lang.Object, java.lang.Object, java.lang.Object, java.lang.Object, java.lang.Object)'> (0x0000000088e8b9f8) thrown at [./src/hotspot/share/interpreter/linkResolver.cpp, line 773]
Event: 6.752 Thread 0x0000022548067800 Exception <a 'java/lang/IncompatibleClassChangeError'{0x0000000088ec9048}: Found class java.lang.Object, but interface was expected> (0x0000000088ec9048) thrown at [./src/hotspot/share/interpreter/linkResolver.cpp, line 839]
Event: 6.810 Thread 0x0000022548067800 Exception <a 'java/lang/NoSuchMethodError'{0x0000000088a442f8}: 'int java.lang.invoke.DirectMethodHandle$Holder.invokeVirtual(java.lang.Object, java.lang.Object)'> (0x0000000088a442f8) thrown at [./src/hotspot/share/interpreter/linkResolver.cpp, line 773]
Event: 7.020 Thread 0x0000022548067800 Exception <a 'java/lang/NoSuchMethodError'{0x0000000087b738c0}: 'int java.lang.invoke.DirectMethodHandle$Holder.invokeStatic(java.lang.Object, java.lang.Object, java.lang.Object, java.lang.Object, java.lang.Object)'> (0x0000000087b738c0) thrown at [./src/hotspot/share/interpreter/linkResolver.cpp, line 773]
Event: 7.036 Thread 0x000002254805c800 Exception <a 'sun/nio/fs/WindowsException'{0x000000008b65b1d0}> (0x000000008b65b1d0) thrown at [./src/hotspot/share/prims/jni.cpp, line 615]
Event: 7.120 Thread 0x000002254805c800 Exception <a 'sun/nio/fs/WindowsException'{0x000000008798a638}> (0x000000008798a638) thrown at [./src/hotspot/share/prims/jni.cpp, line 615]
Event: 7.121 Thread 0x000002254805c800 Exception <a 'sun/nio/fs/WindowsException'{0x000000008798a858}> (0x000000008798a858) thrown at [./src/hotspot/share/prims/jni.cpp, line 615]
Event: 7.163 Thread 0x0000022548067800 Exception <a 'java/lang/NoSuchMethodError'{0x000000008788f2e0}: 'void java.lang.invoke.DirectMethodHandle$Holder.invokeStaticInit(java.lang.Object, java.lang.Object, java.lang.Object, java.lang.Object)'> (0x000000008788f2e0) thrown at [./src/hotspot/share/interpreter/linkResolver.cpp, line 773]
Event: 7.277 Thread 0x0000022548067800 Exception <a 'java/lang/NoSuchMethodError'{0x00000000874bee30}: 'void java.lang.invoke.DirectMethodHandle$Holder.invokeStaticInit(java.lang.Object, java.lang.Object, java.lang.Object)'> (0x00000000874bee30) thrown at [./src/hotspot/share/interpreter/linkResolver.cpp, line 773]
Event: 7.281 Thread 0x0000022548067800 Exception <a 'java/lang/NoSuchMethodError'{0x00000000874e4640}: 'void java.lang.invoke.DirectMethodHandle$Holder.invokeStaticInit(java.lang.Object, java.lang.Object, java.lang.Object, java.lang.Object, java.lang.Object)'> (0x00000000874e4640) thrown at [./src/hotspot/share/interpreter/linkResolver.cpp, line 773]
Event: 7.322 Thread 0x0000022548067800 Exception <a 'java/lang/NoSuchMethodError'{0x000000008735b688}: 'int java.lang.invoke.DirectMethodHandle$Holder.invokeStaticInit(java.lang.Object, java.lang.Object, java.lang.Object, java.lang.Object)'> (0x000000008735b688) thrown at [./src/hotspot/share/interpreter/linkResolver.cpp, line 773]

Events (20 events):
Event: 7.264 loading class org/codehaus/groovy/ast/stmt/Statement
Event: 7.264 loading class org/codehaus/groovy/ast/stmt/Statement done
Event: 7.265 loading class org/codehaus/groovy/ast/stmt/ReturnStatement
Event: 7.265 loading class org/codehaus/groovy/ast/stmt/ReturnStatement done
Event: 7.266 loading class java/lang/IllegalCallerException
Event: 7.266 loading class java/lang/IllegalCallerException done
Event: 7.267 loading class org/codehaus/groovy/vmplugin/v8/PluginDefaultGroovyMethods
Event: 7.267 loading class org/codehaus/groovy/vmplugin/v8/PluginDefaultGroovyMethods done
Event: 7.268 loading class org/codehaus/groovy/runtime/DefaultGroovyMethodsSupport
Event: 7.268 loading class org/codehaus/groovy/runtime/DefaultGroovyMethodsSupport done
Event: 7.270 loading class jdk/internal/module/SystemModules$all
Event: 7.272 loading class jdk/internal/module/SystemModules$all done
Event: 7.276 loading class java/util/Spliterators$IteratorSpliterator
Event: 7.276 loading class java/util/Spliterators$IteratorSpliterator done
Event: 7.318 loading class groovy/lang/Tuple
Event: 7.318 loading class groovy/lang/Tuple done
Event: 7.319 loading class groovy/lang/Tuple2
Event: 7.319 loading class groovy/lang/Tuple2 done
Event: 7.321 loading class org/codehaus/groovy/reflection/ReflectionUtils$ClassContextHelper
Event: 7.321 loading class org/codehaus/groovy/reflection/ReflectionUtils$ClassContextHelper done


Dynamic libraries:
0x00007ff7d86d0000 - 0x00007ff7d86da000 	C:\Program Files\Android\Android Studio\jre\bin\java.exe
0x00007ff9f4d60000 - 0x00007ff9f4f50000 	C:\WINDOWS\SYSTEM32\ntdll.dll
0x00007ff9f4430000 - 0x00007ff9f44e2000 	C:\WINDOWS\System32\KERNEL32.DLL
0x00007ff9f21a0000 - 0x00007ff9f2446000 	C:\WINDOWS\System32\KERNELBASE.dll
0x00007ff9f20a0000 - 0x00007ff9f219a000 	C:\WINDOWS\System32\ucrtbase.dll
0x00007ff9cc790000 - 0x00007ff9cc7a9000 	C:\Program Files\Android\Android Studio\jre\bin\jli.dll
0x00007ff9cc7b0000 - 0x00007ff9cc7c7000 	C:\Program Files\Android\Android Studio\jre\bin\VCRUNTIME140.dll
0x00007ff9f3f80000 - 0x00007ff9f4114000 	C:\WINDOWS\System32\USER32.dll
0x00007ff9f2590000 - 0x00007ff9f25b1000 	C:\WINDOWS\System32\win32u.dll
0x00007ff9e3c60000 - 0x00007ff9e3ee4000 	C:\WINDOWS\WinSxS\amd64_microsoft.windows.common-controls_6595b64144ccf1df_6.0.18362.1679_none_9e7ff347e45cc1b7\COMCTL32.dll
0x00007ff9f33e0000 - 0x00007ff9f3406000 	C:\WINDOWS\System32\GDI32.dll
0x00007ff9f4380000 - 0x00007ff9f441e000 	C:\WINDOWS\System32\msvcrt.dll
0x00007ff9f1cd0000 - 0x00007ff9f1e68000 	C:\WINDOWS\System32\gdi32full.dll
0x00007ff9f30a0000 - 0x00007ff9f33d6000 	C:\WINDOWS\System32\combase.dll
0x00007ff9f3410000 - 0x00007ff9f352f000 	C:\WINDOWS\System32\RPCRT4.dll
0x00007ff9f1ea0000 - 0x00007ff9f1f3e000 	C:\WINDOWS\System32\msvcp_win.dll
0x00007ff9f2500000 - 0x00007ff9f2584000 	C:\WINDOWS\System32\bcryptPrimitives.dll
0x00007ff9f4660000 - 0x00007ff9f468e000 	C:\WINDOWS\System32\IMM32.DLL
0x00007ff9cc6f0000 - 0x00007ff9cc78d000 	C:\Program Files\Android\Android Studio\jre\bin\msvcp140.dll
0x00007ff997430000 - 0x00007ff997eff000 	C:\Program Files\Android\Android Studio\jre\bin\server\jvm.dll
0x00007ff9f4120000 - 0x00007ff9f41c3000 	C:\WINDOWS\System32\ADVAPI32.dll
0x00007ff9f45c0000 - 0x00007ff9f4657000 	C:\WINDOWS\System32\sechost.dll
0x00007ff9f4420000 - 0x00007ff9f4428000 	C:\WINDOWS\System32\PSAPI.DLL
0x00007ff9ed580000 - 0x00007ff9ed589000 	C:\WINDOWS\SYSTEM32\WSOCK32.dll
0x00007ff9ee4f0000 - 0x00007ff9ee514000 	C:\WINDOWS\SYSTEM32\WINMM.dll
0x00007ff9f06c0000 - 0x00007ff9f06ca000 	C:\WINDOWS\SYSTEM32\VERSION.dll
0x00007ff9f4550000 - 0x00007ff9f45bf000 	C:\WINDOWS\System32\WS2_32.dll
0x00007ff9ee4c0000 - 0x00007ff9ee4ed000 	C:\WINDOWS\SYSTEM32\winmmbase.dll
0x00007ff9f2450000 - 0x00007ff9f249a000 	C:\WINDOWS\System32\cfgmgr32.dll
0x00007ff9f1cb0000 - 0x00007ff9f1cc1000 	C:\WINDOWS\System32\kernel.appcore.dll
0x00007ff9ed3a0000 - 0x00007ff9ed3b1000 	C:\Program Files\Android\Android Studio\jre\bin\verify.dll
0x00007ff9e23e0000 - 0x00007ff9e25d4000 	C:\WINDOWS\SYSTEM32\DBGHELP.DLL
0x00007ff9e2300000 - 0x00007ff9e232a000 	C:\WINDOWS\SYSTEM32\dbgcore.DLL
0x00007ff9ea4d0000 - 0x00007ff9ea4f9000 	C:\Program Files\Android\Android Studio\jre\bin\java.dll
0x00007ff9e30b0000 - 0x00007ff9e30bb000 	C:\Program Files\Android\Android Studio\jre\bin\jimage.dll
0x00007ff9db150000 - 0x00007ff9db168000 	C:\Program Files\Android\Android Studio\jre\bin\zip.dll
0x00007ff9f3680000 - 0x00007ff9f3d67000 	C:\WINDOWS\System32\SHELL32.dll
0x00007ff9f47e0000 - 0x00007ff9f4889000 	C:\WINDOWS\System32\shcore.dll
0x00007ff9f2690000 - 0x00007ff9f2e0b000 	C:\WINDOWS\System32\windows.storage.dll
0x00007ff9f1c90000 - 0x00007ff9f1cae000 	C:\WINDOWS\System32\profapi.dll
0x00007ff9f1c40000 - 0x00007ff9f1c8a000 	C:\WINDOWS\System32\powrprof.dll
0x00007ff9f1c10000 - 0x00007ff9f1c20000 	C:\WINDOWS\System32\UMPDC.dll
0x00007ff9f2f70000 - 0x00007ff9f2fc2000 	C:\WINDOWS\System32\shlwapi.dll
0x00007ff9f2670000 - 0x00007ff9f2687000 	C:\WINDOWS\System32\cryptsp.dll
0x00007ff9db130000 - 0x00007ff9db14a000 	C:\Program Files\Android\Android Studio\jre\bin\net.dll
0x00007ff9e4e30000 - 0x00007ff9e4f29000 	C:\WINDOWS\SYSTEM32\WINHTTP.dll
0x00007ff9f13a0000 - 0x00007ff9f1407000 	C:\WINDOWS\system32\mswsock.dll
0x00007ff9db110000 - 0x00007ff9db124000 	C:\Program Files\Android\Android Studio\jre\bin\nio.dll
0x00007ff9e4200000 - 0x00007ff9e4227000 	C:\Users\Quan Nguyen\.gradle\native\e1d6ef7f7dcc3fd88c89a11ec53ec762bb8ba0a96d01ffa2cd45eb1d1d8dd5c5\windows-amd64\native-platform.dll
0x00007ff9ce900000 - 0x00007ff9cea44000 	C:\Users\Quan Nguyen\.gradle\native\5664cfc778a61ccfe75a443a1ab52a65af34e5dc3c78e0209fed803814484fcb\windows-amd64\native-platform-file-events.dll
0x00007ff9e30a0000 - 0x00007ff9e30aa000 	C:\Program Files\Android\Android Studio\jre\bin\management.dll
0x00007ff9db100000 - 0x00007ff9db10c000 	C:\Program Files\Android\Android Studio\jre\bin\management_ext.dll
0x00007ff9f0f30000 - 0x00007ff9f0f63000 	C:\WINDOWS\system32\rsaenh.dll
0x00007ff9f1e70000 - 0x00007ff9f1e96000 	C:\WINDOWS\System32\bcrypt.dll
0x00007ff9f1b30000 - 0x00007ff9f1b55000 	C:\WINDOWS\SYSTEM32\USERENV.dll
0x00007ff9f1520000 - 0x00007ff9f152c000 	C:\WINDOWS\SYSTEM32\CRYPTBASE.dll
0x00007ff9f10c0000 - 0x00007ff9f10fa000 	C:\WINDOWS\SYSTEM32\IPHLPAPI.DLL
0x00007ff9f4690000 - 0x00007ff9f4698000 	C:\WINDOWS\System32\NSI.dll
0x00007ff9e9410000 - 0x00007ff9e9426000 	C:\WINDOWS\SYSTEM32\dhcpcsvc6.DLL
0x00007ff9e93f0000 - 0x00007ff9e940c000 	C:\WINDOWS\SYSTEM32\dhcpcsvc.DLL
0x00007ff9f1100000 - 0x00007ff9f11ca000 	C:\WINDOWS\SYSTEM32\DNSAPI.dll

dbghelp: loaded successfully - version: 4.0.5 - missing functions: none
symbol engine: initialized successfully - sym options: 0x614 - pdb path: .;C:\Program Files\Android\Android Studio\jre\bin;C:\WINDOWS\SYSTEM32;C:\WINDOWS\WinSxS\amd64_microsoft.windows.common-controls_6595b64144ccf1df_6.0.18362.1679_none_9e7ff347e45cc1b7;C:\Program Files\Android\Android Studio\jre\bin\server;C:\Users\Quan Nguyen\.gradle\native\e1d6ef7f7dcc3fd88c89a11ec53ec762bb8ba0a96d01ffa2cd45eb1d1d8dd5c5\windows-amd64;C:\Users\Quan Nguyen\.gradle\native\5664cfc778a61ccfe75a443a1ab52a65af34e5dc3c78e0209fed803814484fcb\windows-amd64

VM Arguments:
jvm_args: --add-opens=java.base/java.util=ALL-UNNAMED --add-opens=java.base/java.lang=ALL-UNNAMED --add-opens=java.base/java.lang.invoke=ALL-UNNAMED --add-opens=java.base/java.util=ALL-UNNAMED --add-opens=java.prefs/java.util.prefs=ALL-UNNAMED --add-opens=java.prefs/java.util.prefs=ALL-UNNAMED --add-opens=java.base/java.nio.charset=ALL-UNNAMED --add-opens=java.base/java.net=ALL-UNNAMED --add-opens=java.base/java.util.concurrent.atomic=ALL-UNNAMED -Xmx2048m -Dfile.encoding=windows-1252 -Duser.country=US -Duser.language=en -Duser.variant 
java_command: org.gradle.launcher.daemon.bootstrap.GradleDaemon 7.2-rc-2
java_class_path (initial): C:\Users\Quan Nguyen\.gradle\wrapper\dists\gradle-7.2-rc-2-bin\eyi787cxrquwsgw2xezsjd2hx\gradle-7.2-rc-2\lib\gradle-launcher-7.2.jar
Launcher Type: SUN_STANDARD

[Global flags]
     intx CICompilerCount                          = 3                                         {product} {ergonomic}
     uint ConcGCThreads                            = 1                                         {product} {ergonomic}
     uint G1ConcRefinementThreads                  = 4                                         {product} {ergonomic}
   size_t G1HeapRegionSize                         = 1048576                                   {product} {ergonomic}
    uintx GCDrainStackTargetSize                   = 64                                        {product} {ergonomic}
   size_t InitialHeapSize                          = 197132288                                 {product} {ergonomic}
   size_t MarkStackSize                            = 4194304                                   {product} {ergonomic}
   size_t MaxHeapSize                              = 2147483648                                {product} {command line}
   size_t MaxNewSize                               = 1287651328                                {product} {ergonomic}
   size_t MinHeapDeltaBytes                        = 1048576                                   {product} {ergonomic}
    uintx NonNMethodCodeHeapSize                   = 5830732                                {pd product} {ergonomic}
    uintx NonProfiledCodeHeapSize                  = 122913754                              {pd product} {ergonomic}
    uintx ProfiledCodeHeapSize                     = 122913754                              {pd product} {ergonomic}
    uintx ReservedCodeCacheSize                    = 251658240                              {pd product} {ergonomic}
     bool SegmentedCodeCache                       = true                                      {product} {ergonomic}
     bool UseCompressedClassPointers               = true                                 {lp64_product} {ergonomic}
     bool UseCompressedOops                        = true                                 {lp64_product} {ergonomic}
     bool UseG1GC                                  = true                                      {product} {ergonomic}
     bool UseLargePagesIndividualAllocation        = false                                  {pd product} {ergonomic}

Logging:
Log output configuration:
 #0: stdout all=warning uptime,level,tags
 #1: stderr all=off uptime,level,tags

Environment Variables:
JAVA_HOME=C:\Program Files\Java\jdk-15.0.2\bin
PATH=C:\Program Files (x86)\Common Files\Oracle\Java\javapath;C:\Program Files\Common Files\Oracle\Java\javapath;C:\WINDOWS\system32;C:\WINDOWS;C:\WINDOWS\System32\Wbem;C:\WINDOWS\System32\WindowsPowerShell\v1.0\;C:\WINDOWS\System32\OpenSSH\;C:\Program Files\Git\cmd;C:\Users\Quan Nguyen\AppData\Local\Microsoft\WindowsApps;;C:\Users\Quan Nguyen\AppData\Local\Programs\Microsoft VS Code\bin
USERNAME=Quan Nguyen
OS=Windows_NT
PROCESSOR_IDENTIFIER=Intel64 Family 6 Model 78 Stepping 3, GenuineIntel



---------------  S Y S T E M  ---------------

OS: Windows 10 , 64 bit Build 18362 (10.0.18362.1645)
OS uptime: 0 days 1:21 hours
Hyper-V role detected

CPU:total 4 (initial active 4) (2 cores per cpu, 2 threads per core) family 6 model 78 stepping 3 microcode 0xc6, cmov, cx8, fxsr, mmx, sse, sse2, sse3, ssse3, sse4.1, sse4.2, popcnt, avx, avx2, aes, clmul, erms, 3dnowpref, lzcnt, ht, tsc, tscinvbit, bmi1, bmi2, adx, fma

Memory: 4k page, system-wide physical 11987M (262M free)
TotalPageFile size 27192M (AvailPageFile size 4M)
current process WorkingSet (physical memory assigned to process): 225M, peak: 225M
current process commit charge ("private bytes"): 349M, peak: 350M

vm_info: OpenJDK 64-Bit Server VM (11.0.10+0-b96-7249189) for windows-amd64 JRE (11.0.10+0-b96-7249189), built on Mar 31 2021 21:44:00 by "builder" with MS VC++ 14.0 (VS2015)

END.
