#
# There is insufficient memory for the Java Runtime Environment to continue.
# Native memory allocation (malloc) failed to allocate 510736 bytes for Chunk::new
# Possible reasons:
#   The system is out of physical RAM or swap space
#   The process is running with CompressedOops enabled, and the Java Heap may be blocking the growth of the native heap
# Possible solutions:
#   Reduce memory load on the system
#   Increase physical memory or swap space
#   Check if swap backing store is full
#   Decrease Java heap size (-Xmx/-Xms)
#   Decrease number of Java threads
#   Decrease Java thread stack sizes (-Xss)
#   Set larger code cache with -XX:ReservedCodeCacheSize=
#   JVM is running with Unscaled Compressed Oops mode in which the Java heap is
#     placed in the first 4GB address space. The Java Heap base address is the
#     maximum limit for the native heap growth. Please use -XX:HeapBaseMinAddress
#     to set the Java Heap base and to place the Java Heap above 4GB virtual address.
# This output file may be truncated or incomplete.
#
#  Out of Memory Error (./src/hotspot/share/memory/arena.cpp:197), pid=4212, tid=3200
#
# JRE version: OpenJDK Runtime Environment (11.0.10) (build 11.0.10+0-b96-7249189)
# Java VM: OpenJDK 64-Bit Server VM (11.0.10+0-b96-7249189, mixed mode, tiered, compressed oops, g1 gc, windows-amd64)
# No core dump will be written. Minidumps are not enabled by default on client versions of Windows
#

---------------  S U M M A R Y ------------

Command Line: --add-opens=java.base/java.util=ALL-UNNAMED --add-opens=java.base/java.lang=ALL-UNNAMED --add-opens=java.base/java.lang.invoke=ALL-UNNAMED --add-opens=java.base/java.util=ALL-UNNAMED --add-opens=java.prefs/java.util.prefs=ALL-UNNAMED --add-opens=java.prefs/java.util.prefs=ALL-UNNAMED --add-opens=java.base/java.nio.charset=ALL-UNNAMED --add-opens=java.base/java.net=ALL-UNNAMED --add-opens=java.base/java.util.concurrent.atomic=ALL-UNNAMED -Xmx2048m -Dfile.encoding=windows-1252 -Duser.country=US -Duser.language=en -Duser.variant org.gradle.launcher.daemon.bootstrap.GradleDaemon 7.2-rc-2

Host: Intel(R) Core(TM) i5-6200U CPU @ 2.30GHz, 4 cores, 11G,  Windows 10 , 64 bit Build 18362 (10.0.18362.1645)
Time: Sat Aug  7 14:30:18 2021 SE Asia Standard Time elapsed time: 7.803178 seconds (0d 0h 0m 7s)

---------------  T H R E A D  ---------------

Current thread (0x00000205f6abf800):  JavaThread "C2 CompilerThread0" daemon [_thread_in_native, id=3200, stack(0x000000d04b900000,0x000000d04ba00000)]


Current CompileTask:
C2:   7803 2306       4       java.lang.reflect.ProxyGenerator$ConstantPool::getUtf8 (18 bytes)

Stack: [0x000000d04b900000,0x000000d04ba00000]
Native frames: (J=compiled Java code, j=interpreted, Vv=VM code, C=native code)
V  [jvm.dll+0x5ecfaa]
V  [jvm.dll+0x722bd5]
V  [jvm.dll+0x72412d]
V  [jvm.dll+0x7247e3]
V  [jvm.dll+0x242928]
V  [jvm.dll+0xbc4fc]
V  [jvm.dll+0xbca0c]
V  [jvm.dll+0x352d7d]
V  [jvm.dll+0x320ad3]
V  [jvm.dll+0x31ffca]
V  [jvm.dll+0x1fb602]
V  [jvm.dll+0x1fa7f4]
V  [jvm.dll+0x18354c]
V  [jvm.dll+0x208ee7]
V  [jvm.dll+0x207731]
V  [jvm.dll+0x6eb1cf]
V  [jvm.dll+0x6e3d45]
V  [jvm.dll+0x5ebe96]
C  [ucrtbase.dll+0x210b2]
C  [KERNEL32.DLL+0x17c24]
C  [ntdll.dll+0x6d721]


---------------  P R O C E S S  ---------------

Threads class SMR info:
_java_thread_list=0x00000205f90b9840, length=25, elements={
0x00000205da6ad800, 0x00000205f624a000, 0x00000205f624c000, 0x00000205f6ab6000,
0x00000205f6ab8000, 0x00000205f6ab9800, 0x00000205f6abf800, 0x00000205f6ac6800,
0x00000205f6ac9000, 0x00000205f6aca800, 0x00000205f6ac9800, 0x00000205f6acd000,
0x00000205f6ac8000, 0x00000205f6acb800, 0x00000205f6acc000, 0x00000205f6acd800,
0x00000205f6ace800, 0x00000205f8bf3000, 0x00000205f8bef000, 0x00000205f8bed800,
0x00000205f8bf2800, 0x00000205f8bf4000, 0x00000205f8bf1800, 0x00000205f8bee000,
0x00000205f8bf4800
}

Java Threads: ( => current thread )
  0x00000205da6ad800 JavaThread "main" [_thread_blocked, id=1800, stack(0x000000d04ad00000,0x000000d04ae00000)]
  0x00000205f624a000 JavaThread "Reference Handler" daemon [_thread_blocked, id=2700, stack(0x000000d04b400000,0x000000d04b500000)]
  0x00000205f624c000 JavaThread "Finalizer" daemon [_thread_blocked, id=17628, stack(0x000000d04b500000,0x000000d04b600000)]
  0x00000205f6ab6000 JavaThread "Signal Dispatcher" daemon [_thread_blocked, id=13200, stack(0x000000d04b600000,0x000000d04b700000)]
  0x00000205f6ab8000 JavaThread "Attach Listener" daemon [_thread_blocked, id=11820, stack(0x000000d04b700000,0x000000d04b800000)]
  0x00000205f6ab9800 JavaThread "Service Thread" daemon [_thread_blocked, id=14716, stack(0x000000d04b800000,0x000000d04b900000)]
=>0x00000205f6abf800 JavaThread "C2 CompilerThread0" daemon [_thread_in_native, id=3200, stack(0x000000d04b900000,0x000000d04ba00000)]
  0x00000205f6ac6800 JavaThread "C1 CompilerThread0" daemon [_thread_blocked, id=3412, stack(0x000000d04ba00000,0x000000d04bb00000)]
  0x00000205f6ac9000 JavaThread "Sweeper thread" daemon [_thread_blocked, id=1680, stack(0x000000d04bb00000,0x000000d04bc00000)]
  0x00000205f6aca800 JavaThread "Common-Cleaner" daemon [_thread_blocked, id=5220, stack(0x000000d04bc00000,0x000000d04bd00000)]
  0x00000205f6ac9800 JavaThread "Daemon health stats" [_thread_blocked, id=3832, stack(0x000000d04c100000,0x000000d04c200000)]
  0x00000205f6acd000 JavaThread "Incoming local TCP Connector on port 63600" [_thread_in_native, id=15676, stack(0x000000d04c200000,0x000000d04c300000)]
  0x00000205f6ac8000 JavaThread "Daemon periodic checks" [_thread_blocked, id=2592, stack(0x000000d04c300000,0x000000d04c400000)]
  0x00000205f6acb800 JavaThread "Daemon" [_thread_blocked, id=13456, stack(0x000000d04c400000,0x000000d04c500000)]
  0x00000205f6acc000 JavaThread "Handler for socket connection from /127.0.0.1:63600 to /127.0.0.1:63601" [_thread_in_native, id=476, stack(0x000000d04c500000,0x000000d04c600000)]
  0x00000205f6acd800 JavaThread "Cancel handler" [_thread_blocked, id=17732, stack(0x000000d04c600000,0x000000d04c700000)]
  0x00000205f6ace800 JavaThread "Daemon worker" [_thread_in_Java, id=2480, stack(0x000000d04c700000,0x000000d04c800000)]
  0x00000205f8bf3000 JavaThread "Asynchronous log dispatcher for DefaultDaemonConnection: socket connection from /127.0.0.1:63600 to /127.0.0.1:63601" [_thread_blocked, id=18404, stack(0x000000d04c800000,0x000000d04c900000)]
  0x00000205f8bef000 JavaThread "Stdin handler" [_thread_blocked, id=15140, stack(0x000000d04c900000,0x000000d04ca00000)]
  0x00000205f8bed800 JavaThread "Daemon client event forwarder" [_thread_blocked, id=16080, stack(0x000000d04ca00000,0x000000d04cb00000)]
  0x00000205f8bf2800 JavaThread "Cache worker for journal cache (C:\Users\Quan Nguyen\.gradle\caches\journal-1)" [_thread_blocked, id=4792, stack(0x000000d04cb00000,0x000000d04cc00000)]
  0x00000205f8bf4000 JavaThread "File lock request listener" [_thread_in_native, id=17140, stack(0x000000d04cc00000,0x000000d04cd00000)]
  0x00000205f8bf1800 JavaThread "Cache worker for file hash cache (C:\Users\Quan Nguyen\.gradle\caches\7.2-rc-2\fileHashes)" [_thread_blocked, id=1436, stack(0x000000d04cd00000,0x000000d04ce00000)]
  0x00000205f8bee000 JavaThread "Cache worker for file hash cache (F:\ProjectAndroid\AssigmentAndroidNC\.gradle\7.2-rc-2\fileHashes)" [_thread_blocked, id=16208, stack(0x000000d04ce00000,0x000000d04cf00000)]
  0x00000205f8bf4800 JavaThread "File watcher server" daemon [_thread_in_native, id=944, stack(0x000000d04cf00000,0x000000d04d000000)]

Other Threads:
  0x00000205f6a63800 VMThread "VM Thread" [stack: 0x000000d04b300000,0x000000d04b400000] [id=17556]
  0x00000205f6c49000 WatcherThread [stack: 0x000000d04bd00000,0x000000d04be00000] [id=12968]
  0x00000205da6c6800 GCTaskThread "GC Thread#0" [stack: 0x000000d04ae00000,0x000000d04af00000] [id=13420]
  0x00000205f75be800 GCTaskThread "GC Thread#1" [stack: 0x000000d04be00000,0x000000d04bf00000] [id=18136]
  0x00000205f760f800 GCTaskThread "GC Thread#2" [stack: 0x000000d04bf00000,0x000000d04c000000] [id=2092]
  0x00000205f7650000 GCTaskThread "GC Thread#3" [stack: 0x000000d04c000000,0x000000d04c100000] [id=18092]
  0x00000205da6f8000 ConcurrentGCThread "G1 Main Marker" [stack: 0x000000d04af00000,0x000000d04b000000] [id=15744]
  0x00000205da6f9800 ConcurrentGCThread "G1 Conc#0" [stack: 0x000000d04b000000,0x000000d04b100000] [id=8800]
  0x00000205f609e800 ConcurrentGCThread "G1 Refine#0" [stack: 0x000000d04b100000,0x000000d04b200000] [id=17740]
  0x00000205f609f800 ConcurrentGCThread "G1 Young RemSet Sampling" [stack: 0x000000d04b200000,0x000000d04b300000] [id=17772]

Threads with active compile tasks:
C2 CompilerThread0   7871 2306       4       java.lang.reflect.ProxyGenerator$ConstantPool::getUtf8 (18 bytes)

VM state:not at safepoint (normal execution)

VM Mutex/Monitor currently owned by a thread: None

Heap address: 0x0000000080000000, size: 2048 MB, Compressed Oops mode: 32-bit
Narrow klass base: 0x0000000000000000, Narrow klass shift: 3
Compressed class space size: 1073741824 Address: 0x0000000100000000

Heap:
 garbage-first heap   total 192512K, used 68583K [0x0000000080000000, 0x0000000100000000)
  region size 1024K, 55 young (56320K), 4 survivors (4096K)
 Metaspace       used 25997K, capacity 26589K, committed 26752K, reserved 1075200K
  class space    used 3375K, capacity 3588K, committed 3712K, reserved 1048576K
Heap Regions: E=young(eden), S=young(survivor), O=old, HS=humongous(starts), HC=humongous(continues), CS=collection set, F=free, A=archive, TAMS=top-at-mark-start (previous, next)
|   0|0x0000000080000000, 0x0000000080100000, 0x0000000080100000|100%|HS|  |TAMS 0x0000000080100000, 0x0000000080000000| Complete 
|   1|0x0000000080100000, 0x0000000080200000, 0x0000000080200000|100%|HC|  |TAMS 0x0000000080200000, 0x0000000080100000| Complete 
|   2|0x0000000080200000, 0x0000000080300000, 0x0000000080300000|100%|HC|  |TAMS 0x0000000080300000, 0x0000000080200000| Complete 
|   3|0x0000000080300000, 0x0000000080400000, 0x0000000080400000|100%| O|  |TAMS 0x0000000080400000, 0x0000000080300000| Untracked 
|   4|0x0000000080400000, 0x0000000080500000, 0x0000000080500000|100%| O|  |TAMS 0x0000000080500000, 0x0000000080400000| Untracked 
|   5|0x0000000080500000, 0x0000000080600000, 0x0000000080600000|100%| O|  |TAMS 0x0000000080600000, 0x0000000080500000| Untracked 
|   6|0x0000000080600000, 0x0000000080700000, 0x0000000080700000|100%| O|  |TAMS 0x0000000080700000, 0x0000000080600000| Untracked 
|   7|0x0000000080700000, 0x0000000080800000, 0x0000000080800000|100%| O|  |TAMS 0x0000000080800000, 0x0000000080700000| Untracked 
|   8|0x0000000080800000, 0x0000000080900000, 0x0000000080900000|100%| O|  |TAMS 0x0000000080900000, 0x0000000080800000| Untracked 
|   9|0x0000000080900000, 0x0000000080a00000, 0x0000000080a00000|100%| O|  |TAMS 0x0000000080a00000, 0x0000000080900000| Untracked 
|  10|0x0000000080a00000, 0x0000000080b00000, 0x0000000080b00000|100%| O|  |TAMS 0x0000000080b00000, 0x0000000080a00000| Untracked 
|  11|0x0000000080b00000, 0x0000000080c00000, 0x0000000080c00000|100%| O|  |TAMS 0x0000000080c00000, 0x0000000080b00000| Untracked 
|  12|0x0000000080c00000, 0x0000000080cf9e00, 0x0000000080d00000| 97%| O|  |TAMS 0x0000000080cf9e00, 0x0000000080c00000| Untracked 
|  13|0x0000000080d00000, 0x0000000080d00000, 0x0000000080e00000|  0%| F|  |TAMS 0x0000000080d00000, 0x0000000080d00000| Untracked 
|  14|0x0000000080e00000, 0x0000000080e00000, 0x0000000080f00000|  0%| F|  |TAMS 0x0000000080e00000, 0x0000000080e00000| Untracked 
|  15|0x0000000080f00000, 0x0000000080f00000, 0x0000000081000000|  0%| F|  |TAMS 0x0000000080f00000, 0x0000000080f00000| Untracked 
|  16|0x0000000081000000, 0x0000000081000000, 0x0000000081100000|  0%| F|  |TAMS 0x0000000081000000, 0x0000000081000000| Untracked 
|  17|0x0000000081100000, 0x0000000081100000, 0x0000000081200000|  0%| F|  |TAMS 0x0000000081100000, 0x0000000081100000| Untracked 
|  18|0x0000000081200000, 0x0000000081200000, 0x0000000081300000|  0%| F|  |TAMS 0x0000000081200000, 0x0000000081200000| Untracked 
|  19|0x0000000081300000, 0x0000000081300000, 0x0000000081400000|  0%| F|  |TAMS 0x0000000081300000, 0x0000000081300000| Untracked 
|  20|0x0000000081400000, 0x0000000081400000, 0x0000000081500000|  0%| F|  |TAMS 0x0000000081400000, 0x0000000081400000| Untracked 
|  21|0x0000000081500000, 0x0000000081500000, 0x0000000081600000|  0%| F|  |TAMS 0x0000000081500000, 0x0000000081500000| Untracked 
|  22|0x0000000081600000, 0x0000000081600000, 0x0000000081700000|  0%| F|  |TAMS 0x0000000081600000, 0x0000000081600000| Untracked 
|  23|0x0000000081700000, 0x0000000081700000, 0x0000000081800000|  0%| F|  |TAMS 0x0000000081700000, 0x0000000081700000| Untracked 
|  24|0x0000000081800000, 0x0000000081800000, 0x0000000081900000|  0%| F|  |TAMS 0x0000000081800000, 0x0000000081800000| Untracked 
|  25|0x0000000081900000, 0x0000000081900000, 0x0000000081a00000|  0%| F|  |TAMS 0x0000000081900000, 0x0000000081900000| Untracked 
|  26|0x0000000081a00000, 0x0000000081a00000, 0x0000000081b00000|  0%| F|  |TAMS 0x0000000081a00000, 0x0000000081a00000| Untracked 
|  27|0x0000000081b00000, 0x0000000081b00000, 0x0000000081c00000|  0%| F|  |TAMS 0x0000000081b00000, 0x0000000081b00000| Untracked 
|  28|0x0000000081c00000, 0x0000000081c00000, 0x0000000081d00000|  0%| F|  |TAMS 0x0000000081c00000, 0x0000000081c00000| Untracked 
|  29|0x0000000081d00000, 0x0000000081d00000, 0x0000000081e00000|  0%| F|  |TAMS 0x0000000081d00000, 0x0000000081d00000| Untracked 
|  30|0x0000000081e00000, 0x0000000081e00000, 0x0000000081f00000|  0%| F|  |TAMS 0x0000000081e00000, 0x0000000081e00000| Untracked 
|  31|0x0000000081f00000, 0x0000000081f00000, 0x0000000082000000|  0%| F|  |TAMS 0x0000000081f00000, 0x0000000081f00000| Untracked 
|  32|0x0000000082000000, 0x0000000082000000, 0x0000000082100000|  0%| F|  |TAMS 0x0000000082000000, 0x0000000082000000| Untracked 
|  33|0x0000000082100000, 0x0000000082100000, 0x0000000082200000|  0%| F|  |TAMS 0x0000000082100000, 0x0000000082100000| Untracked 
|  34|0x0000000082200000, 0x0000000082200000, 0x0000000082300000|  0%| F|  |TAMS 0x0000000082200000, 0x0000000082200000| Untracked 
|  35|0x0000000082300000, 0x0000000082300000, 0x0000000082400000|  0%| F|  |TAMS 0x0000000082300000, 0x0000000082300000| Untracked 
|  36|0x0000000082400000, 0x0000000082400000, 0x0000000082500000|  0%| F|  |TAMS 0x0000000082400000, 0x0000000082400000| Untracked 
|  37|0x0000000082500000, 0x0000000082500000, 0x0000000082600000|  0%| F|  |TAMS 0x0000000082500000, 0x0000000082500000| Untracked 
|  38|0x0000000082600000, 0x0000000082600000, 0x0000000082700000|  0%| F|  |TAMS 0x0000000082600000, 0x0000000082600000| Untracked 
|  39|0x0000000082700000, 0x0000000082700000, 0x0000000082800000|  0%| F|  |TAMS 0x0000000082700000, 0x0000000082700000| Untracked 
|  40|0x0000000082800000, 0x0000000082800000, 0x0000000082900000|  0%| F|  |TAMS 0x0000000082800000, 0x0000000082800000| Untracked 
|  41|0x0000000082900000, 0x0000000082900000, 0x0000000082a00000|  0%| F|  |TAMS 0x0000000082900000, 0x0000000082900000| Untracked 
|  42|0x0000000082a00000, 0x0000000082a00000, 0x0000000082b00000|  0%| F|  |TAMS 0x0000000082a00000, 0x0000000082a00000| Untracked 
|  43|0x0000000082b00000, 0x0000000082b00000, 0x0000000082c00000|  0%| F|  |TAMS 0x0000000082b00000, 0x0000000082b00000| Untracked 
|  44|0x0000000082c00000, 0x0000000082c00000, 0x0000000082d00000|  0%| F|  |TAMS 0x0000000082c00000, 0x0000000082c00000| Untracked 
|  45|0x0000000082d00000, 0x0000000082d00000, 0x0000000082e00000|  0%| F|  |TAMS 0x0000000082d00000, 0x0000000082d00000| Untracked 
|  46|0x0000000082e00000, 0x0000000082e00000, 0x0000000082f00000|  0%| F|  |TAMS 0x0000000082e00000, 0x0000000082e00000| Untracked 
|  47|0x0000000082f00000, 0x0000000082f00000, 0x0000000083000000|  0%| F|  |TAMS 0x0000000082f00000, 0x0000000082f00000| Untracked 
|  48|0x0000000083000000, 0x0000000083000000, 0x0000000083100000|  0%| F|  |TAMS 0x0000000083000000, 0x0000000083000000| Untracked 
|  49|0x0000000083100000, 0x0000000083100000, 0x0000000083200000|  0%| F|  |TAMS 0x0000000083100000, 0x0000000083100000| Untracked 
|  50|0x0000000083200000, 0x0000000083200000, 0x0000000083300000|  0%| F|  |TAMS 0x0000000083200000, 0x0000000083200000| Untracked 
|  51|0x0000000083300000, 0x0000000083300000, 0x0000000083400000|  0%| F|  |TAMS 0x0000000083300000, 0x0000000083300000| Untracked 
|  52|0x0000000083400000, 0x0000000083400000, 0x0000000083500000|  0%| F|  |TAMS 0x0000000083400000, 0x0000000083400000| Untracked 
|  53|0x0000000083500000, 0x0000000083500000, 0x0000000083600000|  0%| F|  |TAMS 0x0000000083500000, 0x0000000083500000| Untracked 
|  54|0x0000000083600000, 0x0000000083600000, 0x0000000083700000|  0%| F|  |TAMS 0x0000000083600000, 0x0000000083600000| Untracked 
|  55|0x0000000083700000, 0x0000000083700000, 0x0000000083800000|  0%| F|  |TAMS 0x0000000083700000, 0x0000000083700000| Untracked 
|  56|0x0000000083800000, 0x0000000083800000, 0x0000000083900000|  0%| F|  |TAMS 0x0000000083800000, 0x0000000083800000| Untracked 
|  57|0x0000000083900000, 0x0000000083900000, 0x0000000083a00000|  0%| F|  |TAMS 0x0000000083900000, 0x0000000083900000| Untracked 
|  58|0x0000000083a00000, 0x0000000083a00000, 0x0000000083b00000|  0%| F|  |TAMS 0x0000000083a00000, 0x0000000083a00000| Untracked 
|  59|0x0000000083b00000, 0x0000000083b00000, 0x0000000083c00000|  0%| F|  |TAMS 0x0000000083b00000, 0x0000000083b00000| Untracked 
|  60|0x0000000083c00000, 0x0000000083c00000, 0x0000000083d00000|  0%| F|  |TAMS 0x0000000083c00000, 0x0000000083c00000| Untracked 
|  61|0x0000000083d00000, 0x0000000083d00000, 0x0000000083e00000|  0%| F|  |TAMS 0x0000000083d00000, 0x0000000083d00000| Untracked 
|  62|0x0000000083e00000, 0x0000000083e00000, 0x0000000083f00000|  0%| F|  |TAMS 0x0000000083e00000, 0x0000000083e00000| Untracked 
|  63|0x0000000083f00000, 0x0000000083f00000, 0x0000000084000000|  0%| F|  |TAMS 0x0000000083f00000, 0x0000000083f00000| Untracked 
|  64|0x0000000084000000, 0x0000000084000000, 0x0000000084100000|  0%| F|  |TAMS 0x0000000084000000, 0x0000000084000000| Untracked 
|  65|0x0000000084100000, 0x0000000084100000, 0x0000000084200000|  0%| F|  |TAMS 0x0000000084100000, 0x0000000084100000| Untracked 
|  66|0x0000000084200000, 0x0000000084200000, 0x0000000084300000|  0%| F|  |TAMS 0x0000000084200000, 0x0000000084200000| Untracked 
|  67|0x0000000084300000, 0x0000000084300000, 0x0000000084400000|  0%| F|  |TAMS 0x0000000084300000, 0x0000000084300000| Untracked 
|  68|0x0000000084400000, 0x0000000084400000, 0x0000000084500000|  0%| F|  |TAMS 0x0000000084400000, 0x0000000084400000| Untracked 
|  69|0x0000000084500000, 0x0000000084500000, 0x0000000084600000|  0%| F|  |TAMS 0x0000000084500000, 0x0000000084500000| Untracked 
|  70|0x0000000084600000, 0x0000000084600000, 0x0000000084700000|  0%| F|  |TAMS 0x0000000084600000, 0x0000000084600000| Untracked 
|  71|0x0000000084700000, 0x0000000084700000, 0x0000000084800000|  0%| F|  |TAMS 0x0000000084700000, 0x0000000084700000| Untracked 
|  72|0x0000000084800000, 0x0000000084800000, 0x0000000084900000|  0%| F|  |TAMS 0x0000000084800000, 0x0000000084800000| Untracked 
|  73|0x0000000084900000, 0x0000000084900000, 0x0000000084a00000|  0%| F|  |TAMS 0x0000000084900000, 0x0000000084900000| Untracked 
|  74|0x0000000084a00000, 0x0000000084a00000, 0x0000000084b00000|  0%| F|  |TAMS 0x0000000084a00000, 0x0000000084a00000| Untracked 
|  75|0x0000000084b00000, 0x0000000084b00000, 0x0000000084c00000|  0%| F|  |TAMS 0x0000000084b00000, 0x0000000084b00000| Untracked 
|  76|0x0000000084c00000, 0x0000000084c00000, 0x0000000084d00000|  0%| F|  |TAMS 0x0000000084c00000, 0x0000000084c00000| Untracked 
|  77|0x0000000084d00000, 0x0000000084d00000, 0x0000000084e00000|  0%| F|  |TAMS 0x0000000084d00000, 0x0000000084d00000| Untracked 
|  78|0x0000000084e00000, 0x0000000084e00000, 0x0000000084f00000|  0%| F|  |TAMS 0x0000000084e00000, 0x0000000084e00000| Untracked 
|  79|0x0000000084f00000, 0x0000000084f00000, 0x0000000085000000|  0%| F|  |TAMS 0x0000000084f00000, 0x0000000084f00000| Untracked 
|  80|0x0000000085000000, 0x0000000085000000, 0x0000000085100000|  0%| F|  |TAMS 0x0000000085000000, 0x0000000085000000| Untracked 
|  81|0x0000000085100000, 0x0000000085100000, 0x0000000085200000|  0%| F|  |TAMS 0x0000000085100000, 0x0000000085100000| Untracked 
|  82|0x0000000085200000, 0x0000000085200000, 0x0000000085300000|  0%| F|  |TAMS 0x0000000085200000, 0x0000000085200000| Untracked 
|  83|0x0000000085300000, 0x0000000085300000, 0x0000000085400000|  0%| F|  |TAMS 0x0000000085300000, 0x0000000085300000| Untracked 
|  84|0x0000000085400000, 0x0000000085400000, 0x0000000085500000|  0%| F|  |TAMS 0x0000000085400000, 0x0000000085400000| Untracked 
|  85|0x0000000085500000, 0x0000000085500000, 0x0000000085600000|  0%| F|  |TAMS 0x0000000085500000, 0x0000000085500000| Untracked 
|  86|0x0000000085600000, 0x0000000085600000, 0x0000000085700000|  0%| F|  |TAMS 0x0000000085600000, 0x0000000085600000| Untracked 
|  87|0x0000000085700000, 0x0000000085700000, 0x0000000085800000|  0%| F|  |TAMS 0x0000000085700000, 0x0000000085700000| Untracked 
|  88|0x0000000085800000, 0x0000000085800000, 0x0000000085900000|  0%| F|  |TAMS 0x0000000085800000, 0x0000000085800000| Untracked 
|  89|0x0000000085900000, 0x0000000085900000, 0x0000000085a00000|  0%| F|  |TAMS 0x0000000085900000, 0x0000000085900000| Untracked 
|  90|0x0000000085a00000, 0x0000000085a00000, 0x0000000085b00000|  0%| F|  |TAMS 0x0000000085a00000, 0x0000000085a00000| Untracked 
|  91|0x0000000085b00000, 0x0000000085b00000, 0x0000000085c00000|  0%| F|  |TAMS 0x0000000085b00000, 0x0000000085b00000| Untracked 
|  92|0x0000000085c00000, 0x0000000085c00000, 0x0000000085d00000|  0%| F|  |TAMS 0x0000000085c00000, 0x0000000085c00000| Untracked 
|  93|0x0000000085d00000, 0x0000000085d00000, 0x0000000085e00000|  0%| F|  |TAMS 0x0000000085d00000, 0x0000000085d00000| Untracked 
|  94|0x0000000085e00000, 0x0000000085e00000, 0x0000000085f00000|  0%| F|  |TAMS 0x0000000085e00000, 0x0000000085e00000| Untracked 
|  95|0x0000000085f00000, 0x0000000085f00000, 0x0000000086000000|  0%| F|  |TAMS 0x0000000085f00000, 0x0000000085f00000| Untracked 
|  96|0x0000000086000000, 0x0000000086000000, 0x0000000086100000|  0%| F|  |TAMS 0x0000000086000000, 0x0000000086000000| Untracked 
|  97|0x0000000086100000, 0x0000000086100000, 0x0000000086200000|  0%| F|  |TAMS 0x0000000086100000, 0x0000000086100000| Untracked 
|  98|0x0000000086200000, 0x0000000086200000, 0x0000000086300000|  0%| F|  |TAMS 0x0000000086200000, 0x0000000086200000| Untracked 
|  99|0x0000000086300000, 0x0000000086300000, 0x0000000086400000|  0%| F|  |TAMS 0x0000000086300000, 0x0000000086300000| Untracked 
| 100|0x0000000086400000, 0x0000000086400000, 0x0000000086500000|  0%| F|  |TAMS 0x0000000086400000, 0x0000000086400000| Untracked 
| 101|0x0000000086500000, 0x0000000086500000, 0x0000000086600000|  0%| F|  |TAMS 0x0000000086500000, 0x0000000086500000| Untracked 
| 102|0x0000000086600000, 0x0000000086600000, 0x0000000086700000|  0%| F|  |TAMS 0x0000000086600000, 0x0000000086600000| Untracked 
| 103|0x0000000086700000, 0x0000000086700000, 0x0000000086800000|  0%| F|  |TAMS 0x0000000086700000, 0x0000000086700000| Untracked 
| 104|0x0000000086800000, 0x0000000086800000, 0x0000000086900000|  0%| F|  |TAMS 0x0000000086800000, 0x0000000086800000| Untracked 
| 105|0x0000000086900000, 0x0000000086900000, 0x0000000086a00000|  0%| F|  |TAMS 0x0000000086900000, 0x0000000086900000| Untracked 
| 106|0x0000000086a00000, 0x0000000086a00000, 0x0000000086b00000|  0%| F|  |TAMS 0x0000000086a00000, 0x0000000086a00000| Untracked 
| 107|0x0000000086b00000, 0x0000000086b00000, 0x0000000086c00000|  0%| F|  |TAMS 0x0000000086b00000, 0x0000000086b00000| Untracked 
| 108|0x0000000086c00000, 0x0000000086c00000, 0x0000000086d00000|  0%| F|  |TAMS 0x0000000086c00000, 0x0000000086c00000| Untracked 
| 109|0x0000000086d00000, 0x0000000086d00000, 0x0000000086e00000|  0%| F|  |TAMS 0x0000000086d00000, 0x0000000086d00000| Untracked 
| 110|0x0000000086e00000, 0x0000000086e00000, 0x0000000086f00000|  0%| F|  |TAMS 0x0000000086e00000, 0x0000000086e00000| Untracked 
| 111|0x0000000086f00000, 0x0000000086f00000, 0x0000000087000000|  0%| F|  |TAMS 0x0000000086f00000, 0x0000000086f00000| Untracked 
| 112|0x0000000087000000, 0x0000000087000000, 0x0000000087100000|  0%| F|  |TAMS 0x0000000087000000, 0x0000000087000000| Untracked 
| 113|0x0000000087100000, 0x0000000087100000, 0x0000000087200000|  0%| F|  |TAMS 0x0000000087100000, 0x0000000087100000| Untracked 
| 114|0x0000000087200000, 0x0000000087200000, 0x0000000087300000|  0%| F|  |TAMS 0x0000000087200000, 0x0000000087200000| Untracked 
| 115|0x0000000087300000, 0x0000000087300000, 0x0000000087400000|  0%| F|  |TAMS 0x0000000087300000, 0x0000000087300000| Untracked 
| 116|0x0000000087400000, 0x0000000087400000, 0x0000000087500000|  0%| F|  |TAMS 0x0000000087400000, 0x0000000087400000| Untracked 
| 117|0x0000000087500000, 0x0000000087500000, 0x0000000087600000|  0%| F|  |TAMS 0x0000000087500000, 0x0000000087500000| Untracked 
| 118|0x0000000087600000, 0x0000000087600000, 0x0000000087700000|  0%| F|  |TAMS 0x0000000087600000, 0x0000000087600000| Untracked 
| 119|0x0000000087700000, 0x0000000087700000, 0x0000000087800000|  0%| F|  |TAMS 0x0000000087700000, 0x0000000087700000| Untracked 
| 120|0x0000000087800000, 0x0000000087800000, 0x0000000087900000|  0%| F|  |TAMS 0x0000000087800000, 0x0000000087800000| Untracked 
| 121|0x0000000087900000, 0x0000000087900000, 0x0000000087a00000|  0%| F|  |TAMS 0x0000000087900000, 0x0000000087900000| Untracked 
| 122|0x0000000087a00000, 0x0000000087a00000, 0x0000000087b00000|  0%| F|  |TAMS 0x0000000087a00000, 0x0000000087a00000| Untracked 
| 123|0x0000000087b00000, 0x0000000087b00000, 0x0000000087c00000|  0%| F|  |TAMS 0x0000000087b00000, 0x0000000087b00000| Untracked 
| 124|0x0000000087c00000, 0x0000000087c00000, 0x0000000087d00000|  0%| F|  |TAMS 0x0000000087c00000, 0x0000000087c00000| Untracked 
| 125|0x0000000087d00000, 0x0000000087d00000, 0x0000000087e00000|  0%| F|  |TAMS 0x0000000087d00000, 0x0000000087d00000| Untracked 
| 126|0x0000000087e00000, 0x0000000087e00000, 0x0000000087f00000|  0%| F|  |TAMS 0x0000000087e00000, 0x0000000087e00000| Untracked 
| 127|0x0000000087f00000, 0x0000000087f00000, 0x0000000088000000|  0%| F|  |TAMS 0x0000000087f00000, 0x0000000087f00000| Untracked 
| 128|0x0000000088000000, 0x0000000088000000, 0x0000000088100000|  0%| F|  |TAMS 0x0000000088000000, 0x0000000088000000| Untracked 
| 129|0x0000000088100000, 0x0000000088100000, 0x0000000088200000|  0%| F|  |TAMS 0x0000000088100000, 0x0000000088100000| Untracked 
| 130|0x0000000088200000, 0x0000000088200000, 0x0000000088300000|  0%| F|  |TAMS 0x0000000088200000, 0x0000000088200000| Untracked 
| 131|0x0000000088300000, 0x0000000088300000, 0x0000000088400000|  0%| F|  |TAMS 0x0000000088300000, 0x0000000088300000| Untracked 
| 132|0x0000000088400000, 0x0000000088400000, 0x0000000088500000|  0%| F|  |TAMS 0x0000000088400000, 0x0000000088400000| Untracked 
| 133|0x0000000088500000, 0x00000000885c7290, 0x0000000088600000| 77%| E|  |TAMS 0x0000000088500000, 0x0000000088500000| Complete 
| 134|0x0000000088600000, 0x0000000088700000, 0x0000000088700000|100%| E|CS|TAMS 0x0000000088600000, 0x0000000088600000| Complete 
| 135|0x0000000088700000, 0x0000000088800000, 0x0000000088800000|100%| E|CS|TAMS 0x0000000088700000, 0x0000000088700000| Complete 
| 136|0x0000000088800000, 0x0000000088900000, 0x0000000088900000|100%| E|CS|TAMS 0x0000000088800000, 0x0000000088800000| Complete 
| 137|0x0000000088900000, 0x0000000088a00000, 0x0000000088a00000|100%| E|CS|TAMS 0x0000000088900000, 0x0000000088900000| Complete 
| 138|0x0000000088a00000, 0x0000000088b00000, 0x0000000088b00000|100%| E|CS|TAMS 0x0000000088a00000, 0x0000000088a00000| Complete 
| 139|0x0000000088b00000, 0x0000000088c00000, 0x0000000088c00000|100%| E|CS|TAMS 0x0000000088b00000, 0x0000000088b00000| Complete 
| 140|0x0000000088c00000, 0x0000000088d00000, 0x0000000088d00000|100%| E|CS|TAMS 0x0000000088c00000, 0x0000000088c00000| Complete 
| 141|0x0000000088d00000, 0x0000000088e00000, 0x0000000088e00000|100%| E|CS|TAMS 0x0000000088d00000, 0x0000000088d00000| Complete 
| 142|0x0000000088e00000, 0x0000000088f00000, 0x0000000088f00000|100%| E|CS|TAMS 0x0000000088e00000, 0x0000000088e00000| Complete 
| 143|0x0000000088f00000, 0x0000000089000000, 0x0000000089000000|100%| E|CS|TAMS 0x0000000088f00000, 0x0000000088f00000| Complete 
| 144|0x0000000089000000, 0x0000000089100000, 0x0000000089100000|100%| E|CS|TAMS 0x0000000089000000, 0x0000000089000000| Complete 
| 145|0x0000000089100000, 0x0000000089200000, 0x0000000089200000|100%| E|CS|TAMS 0x0000000089100000, 0x0000000089100000| Complete 
| 146|0x0000000089200000, 0x0000000089300000, 0x0000000089300000|100%| E|CS|TAMS 0x0000000089200000, 0x0000000089200000| Complete 
| 147|0x0000000089300000, 0x0000000089400000, 0x0000000089400000|100%| E|CS|TAMS 0x0000000089300000, 0x0000000089300000| Complete 
| 148|0x0000000089400000, 0x0000000089500000, 0x0000000089500000|100%| E|CS|TAMS 0x0000000089400000, 0x0000000089400000| Complete 
| 149|0x0000000089500000, 0x0000000089600000, 0x0000000089600000|100%| E|CS|TAMS 0x0000000089500000, 0x0000000089500000| Complete 
| 150|0x0000000089600000, 0x0000000089700000, 0x0000000089700000|100%| E|CS|TAMS 0x0000000089600000, 0x0000000089600000| Complete 
| 151|0x0000000089700000, 0x0000000089800000, 0x0000000089800000|100%| E|CS|TAMS 0x0000000089700000, 0x0000000089700000| Complete 
| 152|0x0000000089800000, 0x0000000089900000, 0x0000000089900000|100%| E|CS|TAMS 0x0000000089800000, 0x0000000089800000| Complete 
| 153|0x0000000089900000, 0x0000000089a00000, 0x0000000089a00000|100%| E|CS|TAMS 0x0000000089900000, 0x0000000089900000| Complete 
| 154|0x0000000089a00000, 0x0000000089b00000, 0x0000000089b00000|100%| E|CS|TAMS 0x0000000089a00000, 0x0000000089a00000| Complete 
| 155|0x0000000089b00000, 0x0000000089c00000, 0x0000000089c00000|100%| E|CS|TAMS 0x0000000089b00000, 0x0000000089b00000| Complete 
| 156|0x0000000089c00000, 0x0000000089d00000, 0x0000000089d00000|100%| E|CS|TAMS 0x0000000089c00000, 0x0000000089c00000| Complete 
| 157|0x0000000089d00000, 0x0000000089e00000, 0x0000000089e00000|100%| E|CS|TAMS 0x0000000089d00000, 0x0000000089d00000| Complete 
| 158|0x0000000089e00000, 0x0000000089f00000, 0x0000000089f00000|100%| E|CS|TAMS 0x0000000089e00000, 0x0000000089e00000| Complete 
| 159|0x0000000089f00000, 0x000000008a000000, 0x000000008a000000|100%| E|CS|TAMS 0x0000000089f00000, 0x0000000089f00000| Complete 
| 160|0x000000008a000000, 0x000000008a100000, 0x000000008a100000|100%| E|CS|TAMS 0x000000008a000000, 0x000000008a000000| Complete 
| 161|0x000000008a100000, 0x000000008a200000, 0x000000008a200000|100%| E|CS|TAMS 0x000000008a100000, 0x000000008a100000| Complete 
| 162|0x000000008a200000, 0x000000008a300000, 0x000000008a300000|100%| E|CS|TAMS 0x000000008a200000, 0x000000008a200000| Complete 
| 163|0x000000008a300000, 0x000000008a400000, 0x000000008a400000|100%| E|CS|TAMS 0x000000008a300000, 0x000000008a300000| Complete 
| 164|0x000000008a400000, 0x000000008a500000, 0x000000008a500000|100%| E|CS|TAMS 0x000000008a400000, 0x000000008a400000| Complete 
| 165|0x000000008a500000, 0x000000008a600000, 0x000000008a600000|100%| E|CS|TAMS 0x000000008a500000, 0x000000008a500000| Complete 
| 166|0x000000008a600000, 0x000000008a700000, 0x000000008a700000|100%| E|CS|TAMS 0x000000008a600000, 0x000000008a600000| Complete 
| 167|0x000000008a700000, 0x000000008a800000, 0x000000008a800000|100%| E|CS|TAMS 0x000000008a700000, 0x000000008a700000| Complete 
| 168|0x000000008a800000, 0x000000008a900000, 0x000000008a900000|100%| E|CS|TAMS 0x000000008a800000, 0x000000008a800000| Complete 
| 169|0x000000008a900000, 0x000000008aa00000, 0x000000008aa00000|100%| S|CS|TAMS 0x000000008a900000, 0x000000008a900000| Complete 
| 170|0x000000008aa00000, 0x000000008ab00000, 0x000000008ab00000|100%| S|CS|TAMS 0x000000008aa00000, 0x000000008aa00000| Complete 
| 171|0x000000008ab00000, 0x000000008ac00000, 0x000000008ac00000|100%| S|CS|TAMS 0x000000008ab00000, 0x000000008ab00000| Complete 
| 172|0x000000008ac00000, 0x000000008ad00000, 0x000000008ad00000|100%| S|CS|TAMS 0x000000008ac00000, 0x000000008ac00000| Complete 
| 173|0x000000008ad00000, 0x000000008ae00000, 0x000000008ae00000|100%| E|CS|TAMS 0x000000008ad00000, 0x000000008ad00000| Complete 
| 174|0x000000008ae00000, 0x000000008af00000, 0x000000008af00000|100%| E|CS|TAMS 0x000000008ae00000, 0x000000008ae00000| Complete 
| 175|0x000000008af00000, 0x000000008b000000, 0x000000008b000000|100%| E|CS|TAMS 0x000000008af00000, 0x000000008af00000| Complete 
| 176|0x000000008b000000, 0x000000008b100000, 0x000000008b100000|100%| E|CS|TAMS 0x000000008b000000, 0x000000008b000000| Complete 
| 177|0x000000008b100000, 0x000000008b200000, 0x000000008b200000|100%| E|CS|TAMS 0x000000008b100000, 0x000000008b100000| Complete 
| 178|0x000000008b200000, 0x000000008b300000, 0x000000008b300000|100%| E|CS|TAMS 0x000000008b200000, 0x000000008b200000| Complete 
| 179|0x000000008b300000, 0x000000008b400000, 0x000000008b400000|100%| E|CS|TAMS 0x000000008b300000, 0x000000008b300000| Complete 
| 180|0x000000008b400000, 0x000000008b500000, 0x000000008b500000|100%| E|CS|TAMS 0x000000008b400000, 0x000000008b400000| Complete 
| 181|0x000000008b500000, 0x000000008b600000, 0x000000008b600000|100%| E|CS|TAMS 0x000000008b500000, 0x000000008b500000| Complete 
| 182|0x000000008b600000, 0x000000008b700000, 0x000000008b700000|100%| E|CS|TAMS 0x000000008b600000, 0x000000008b600000| Complete 
| 183|0x000000008b700000, 0x000000008b800000, 0x000000008b800000|100%| E|CS|TAMS 0x000000008b700000, 0x000000008b700000| Complete 
| 184|0x000000008b800000, 0x000000008b900000, 0x000000008b900000|100%| E|CS|TAMS 0x000000008b800000, 0x000000008b800000| Complete 
| 185|0x000000008b900000, 0x000000008ba00000, 0x000000008ba00000|100%| E|CS|TAMS 0x000000008b900000, 0x000000008b900000| Complete 
| 186|0x000000008ba00000, 0x000000008bb00000, 0x000000008bb00000|100%| E|CS|TAMS 0x000000008ba00000, 0x000000008ba00000| Complete 
| 187|0x000000008bb00000, 0x000000008bc00000, 0x000000008bc00000|100%| E|CS|TAMS 0x000000008bb00000, 0x000000008bb00000| Complete 

Card table byte_map: [0x00000205ef3d0000,0x00000205ef7d0000] _byte_map_base: 0x00000205eefd0000

Marking Bits (Prev, Next): (CMBitMap*) 0x00000205da6ef140, (CMBitMap*) 0x00000205da6ef108
 Prev Bits: [0x00000205f1bd0000, 0x00000205f3bd0000)
 Next Bits: [0x00000205efbd0000, 0x00000205f1bd0000)

Polling page: 0x00000205da780000

Metaspace:

Usage:
  Non-class:     22.47 MB capacity,    22.12 MB ( 98%) used,   314.33 KB (  1%) free+waste,    49.75 KB ( <1%) overhead. 
      Class:      3.51 MB capacity,     3.30 MB ( 94%) used,   185.91 KB (  5%) free+waste,    25.00 KB ( <1%) overhead. 
       Both:     25.98 MB capacity,    25.42 MB ( 98%) used,   500.24 KB (  2%) free+waste,    74.75 KB ( <1%) overhead. 

Virtual space:
  Non-class space:       26.00 MB reserved,      22.50 MB ( 87%) committed 
      Class space:        1.00 GB reserved,       3.63 MB ( <1%) committed 
             Both:        1.03 GB reserved,      26.13 MB (  2%) committed 

Chunk freelists:
   Non-Class:  29.00 KB
       Class:  0 bytes
        Both:  29.00 KB

MaxMetaspaceSize: 17179869184.00 GB
CompressedClassSpaceSize: 1.00 GB

CodeHeap 'non-profiled nmethods': size=120064Kb used=1005Kb max_used=1005Kb free=119058Kb
 bounds [0x00000205e7460000, 0x00000205e76d0000, 0x00000205ee9a0000]
CodeHeap 'profiled nmethods': size=120000Kb used=5070Kb max_used=5070Kb free=114929Kb
 bounds [0x00000205dff30000, 0x00000205e0430000, 0x00000205e7460000]
CodeHeap 'non-nmethods': size=5696Kb used=1157Kb max_used=1192Kb free=4538Kb
 bounds [0x00000205df9a0000, 0x00000205dfc10000, 0x00000205dff30000]
 total_blobs=2816 nmethods=2318 adapters=409
 compilation: enabled
              stopped_count=0, restarted_count=0
 full_count=0

Compilation events (20 events):
Event: 7.750 Thread 0x00000205f6ac6800 nmethod 2305 0x00000205e040b310 code [0x00000205e040b4c0, 0x00000205e040b618]
Event: 7.750 Thread 0x00000205f6ac6800 2304       3       java.lang.Class::forName (15 bytes)
Event: 7.750 Thread 0x00000205f6ac6800 nmethod 2304 0x00000205e040b710 code [0x00000205e040b8e0, 0x00000205e040baf8]
Event: 7.750 Thread 0x00000205f6abf800 2306       4       java.lang.reflect.ProxyGenerator$ConstantPool::getUtf8 (18 bytes)
Event: 7.752 Thread 0x00000205f6ac6800 2308       3       jdk.internal.loader.AbstractClassLoaderValue::<init> (5 bytes)
Event: 7.752 Thread 0x00000205f6ac6800 nmethod 2308 0x00000205e040bc10 code [0x00000205e040bdc0, 0x00000205e040bf18]
Event: 7.753 Thread 0x00000205f6ac6800 2309       3       jdk.internal.loader.AbstractClassLoaderValue::sub (10 bytes)
Event: 7.753 Thread 0x00000205f6ac6800 nmethod 2309 0x00000205e040c010 code [0x00000205e040c1e0, 0x00000205e040c518]
Event: 7.753 Thread 0x00000205f6ac6800 2310       3       jdk.internal.loader.AbstractClassLoaderValue$Sub::<init> (15 bytes)
Event: 7.753 Thread 0x00000205f6ac6800 nmethod 2310 0x00000205e040c690 code [0x00000205e040c860, 0x00000205e040cad8]
Event: 7.776 Thread 0x00000205f6ac6800 2312       3       jdk.internal.misc.VM::isSystemDomainLoader (17 bytes)
Event: 7.777 Thread 0x00000205f6ac6800 nmethod 2312 0x00000205e040cb90 code [0x00000205e040cde0, 0x00000205e040d758]
Event: 7.777 Thread 0x00000205f6ac6800 2313       3       java.util.concurrent.ConcurrentLinkedQueue::poll (84 bytes)
Event: 7.781 Thread 0x00000205f6ac6800 nmethod 2313 0x00000205e040da90 code [0x00000205e040e0e0, 0x00000205e0411528]
Event: 7.781 Thread 0x00000205f6ac6800 2314       3       java.util.concurrent.ConcurrentLinkedQueue::updateHead (26 bytes)
Event: 7.783 Thread 0x00000205f6ac6800 nmethod 2314 0x00000205e0412410 code [0x00000205e0412780, 0x00000205e0413be8]
Event: 7.795 Thread 0x00000205f6ac6800 2315       3       java.util.LinkedHashMap::values (25 bytes)
Event: 7.796 Thread 0x00000205f6ac6800 nmethod 2315 0x00000205e0414210 code [0x00000205e04143e0, 0x00000205e0414758]
Event: 7.796 Thread 0x00000205f6ac6800 2316       3       java.util.LinkedHashMap$LinkedValues::iterator (12 bytes)
Event: 7.796 Thread 0x00000205f6ac6800 nmethod 2316 0x00000205e0414890 code [0x00000205e0414a60, 0x00000205e0414df8]

GC Heap History (10 events):
Event: 0.926 GC heap before
{Heap before GC invocations=0 (full 0):
 garbage-first heap   total 192512K, used 17408K [0x0000000080000000, 0x0000000100000000)
  region size 1024K, 14 young (14336K), 0 survivors (0K)
 Metaspace       used 6774K, capacity 6993K, committed 7168K, reserved 1056768K
  class space    used 585K, capacity 650K, committed 768K, reserved 1048576K
}
Event: 0.934 GC heap after
{Heap after GC invocations=1 (full 0):
 garbage-first heap   total 192512K, used 4491K [0x0000000080000000, 0x0000000100000000)
  region size 1024K, 2 young (2048K), 2 survivors (2048K)
 Metaspace       used 6774K, capacity 6993K, committed 7168K, reserved 1056768K
  class space    used 585K, capacity 650K, committed 768K, reserved 1048576K
}
Event: 1.422 GC heap before
{Heap before GC invocations=1 (full 0):
 garbage-first heap   total 192512K, used 19851K [0x0000000080000000, 0x0000000100000000)
  region size 1024K, 14 young (14336K), 2 survivors (2048K)
 Metaspace       used 9953K, capacity 10186K, committed 10368K, reserved 1058816K
  class space    used 1030K, capacity 1102K, committed 1152K, reserved 1048576K
}
Event: 1.426 GC heap after
{Heap after GC invocations=2 (full 0):
 garbage-first heap   total 192512K, used 9394K [0x0000000080000000, 0x0000000100000000)
  region size 1024K, 2 young (2048K), 2 survivors (2048K)
 Metaspace       used 9953K, capacity 10186K, committed 10368K, reserved 1058816K
  class space    used 1030K, capacity 1102K, committed 1152K, reserved 1048576K
}
Event: 2.059 GC heap before
{Heap before GC invocations=2 (full 0):
 garbage-first heap   total 192512K, used 45234K [0x0000000080000000, 0x0000000100000000)
  region size 1024K, 37 young (37888K), 2 survivors (2048K)
 Metaspace       used 10943K, capacity 11141K, committed 11264K, reserved 1058816K
  class space    used 1134K, capacity 1207K, committed 1280K, reserved 1048576K
}
Event: 2.064 GC heap after
{Heap after GC invocations=3 (full 0):
 garbage-first heap   total 192512K, used 13560K [0x0000000080000000, 0x0000000100000000)
  region size 1024K, 5 young (5120K), 5 survivors (5120K)
 Metaspace       used 10943K, capacity 11141K, committed 11264K, reserved 1058816K
  class space    used 1134K, capacity 1207K, committed 1280K, reserved 1048576K
}
Event: 5.167 GC heap before
{Heap before GC invocations=3 (full 0):
 garbage-first heap   total 192512K, used 61688K [0x0000000080000000, 0x0000000100000000)
  region size 1024K, 52 young (53248K), 5 survivors (5120K)
 Metaspace       used 19219K, capacity 19630K, committed 19968K, reserved 1067008K
  class space    used 2310K, capacity 2433K, committed 2560K, reserved 1048576K
}
Event: 5.177 GC heap after
{Heap after GC invocations=4 (full 0):
 garbage-first heap   total 192512K, used 16471K [0x0000000080000000, 0x0000000100000000)
  region size 1024K, 7 young (7168K), 7 survivors (7168K)
 Metaspace       used 19219K, capacity 19630K, committed 19968K, reserved 1067008K
  class space    used 2310K, capacity 2433K, committed 2560K, reserved 1048576K
}
Event: 5.843 GC heap before
{Heap before GC invocations=4 (full 0):
 garbage-first heap   total 192512K, used 30807K [0x0000000080000000, 0x0000000100000000)
  region size 1024K, 22 young (22528K), 7 survivors (7168K)
 Metaspace       used 20728K, capacity 21184K, committed 21296K, reserved 1069056K
  class space    used 2531K, capacity 2674K, committed 2688K, reserved 1048576K
}
Event: 5.850 GC heap after
{Heap after GC invocations=5 (full 0):
 garbage-first heap   total 192512K, used 17383K [0x0000000080000000, 0x0000000100000000)
  region size 1024K, 4 young (4096K), 4 survivors (4096K)
 Metaspace       used 20728K, capacity 21184K, committed 21296K, reserved 1069056K
  class space    used 2531K, capacity 2674K, committed 2688K, reserved 1048576K
}

Deoptimization events (20 events):
Event: 5.900 Thread 0x00000205f6ace800 Uncommon trap: trap_request=0xffffffc6 fr.pc=0x00000205e74d0cf4 relative=0x0000000000000134
Event: 5.900 Thread 0x00000205f6ace800 Uncommon trap: reason=bimorphic_or_optimized_type_check action=maybe_recompile pc=0x00000205e74d0cf4 method=java.util.AbstractList$Itr.next()Ljava/lang/Object; @ 14 c2
Event: 5.900 Thread 0x00000205f6ace800 DEOPT PACKING pc=0x00000205e74d0cf4 sp=0x000000d04c7fa640
Event: 5.900 Thread 0x00000205f6ace800 DEOPT UNPACKING pc=0x00000205df9c78af sp=0x000000d04c7fa5d8 mode 2
Event: 5.901 Thread 0x00000205f6ace800 Uncommon trap: trap_request=0xffffff4d fr.pc=0x00000205e7501310 relative=0x0000000000000450
Event: 5.901 Thread 0x00000205f6ace800 Uncommon trap: reason=unstable_if action=reinterpret pc=0x00000205e7501310 method=java.lang.String.substring(I)Ljava/lang/String; @ 34 c2
Event: 5.901 Thread 0x00000205f6ace800 DEOPT PACKING pc=0x00000205e7501310 sp=0x000000d04c7faf70
Event: 5.901 Thread 0x00000205f6ace800 DEOPT UNPACKING pc=0x00000205df9c78af sp=0x000000d04c7faf38 mode 2
Event: 6.364 Thread 0x00000205f6ace800 Uncommon trap: trap_request=0xffffff4d fr.pc=0x00000205e752e158 relative=0x0000000000000398
Event: 6.364 Thread 0x00000205f6ace800 Uncommon trap: reason=unstable_if action=reinterpret pc=0x00000205e752e158 method=jdk.internal.org.objectweb.asm.Type.getArgumentsAndReturnSizes(Ljava/lang/String;)I @ 88 c2
Event: 6.364 Thread 0x00000205f6ace800 DEOPT PACKING pc=0x00000205e752e158 sp=0x000000d04c7f9520
Event: 6.364 Thread 0x00000205f6ace800 DEOPT UNPACKING pc=0x00000205df9c78af sp=0x000000d04c7f94a8 mode 2
Event: 6.379 Thread 0x00000205f6ace800 Uncommon trap: trap_request=0xffffffcc fr.pc=0x00000205e7528078 relative=0x00000000000002b8
Event: 6.379 Thread 0x00000205f6ace800 Uncommon trap: reason=intrinsic_or_type_checked_inlining action=make_not_entrant pc=0x00000205e7528078 method=java.util.Arrays.copyOf([Ljava/lang/Object;ILjava/lang/Class;)[Ljava/lang/Object; @ 35 c2
Event: 6.379 Thread 0x00000205f6ace800 DEOPT PACKING pc=0x00000205e7528078 sp=0x000000d04c7fb670
Event: 6.379 Thread 0x00000205f6ace800 DEOPT UNPACKING pc=0x00000205df9c78af sp=0x000000d04c7fb600 mode 2
Event: 7.021 Thread 0x00000205f6ace800 Uncommon trap: trap_request=0xffffff4d fr.pc=0x00000205e74e386c relative=0x000000000000022c
Event: 7.021 Thread 0x00000205f6ace800 Uncommon trap: reason=unstable_if action=reinterpret pc=0x00000205e74e386c method=java.util.concurrent.ConcurrentHashMap.get(Ljava/lang/Object;)Ljava/lang/Object; @ 76 c2
Event: 7.021 Thread 0x00000205f6ace800 DEOPT PACKING pc=0x00000205e74e386c sp=0x000000d04c7f96e0
Event: 7.021 Thread 0x00000205f6ace800 DEOPT UNPACKING pc=0x00000205df9c78af sp=0x000000d04c7f9648 mode 2

Classes redefined (0 events):
No events

Internal exceptions (20 events):
Event: 4.702 Thread 0x00000205f6acc000 Exception <a 'java/lang/NoSuchMethodError'{0x0000000089e033d8}: <clinit>> (0x0000000089e033d8) thrown at [./src/hotspot/share/prims/jni.cpp, line 1362]
Event: 4.901 Thread 0x00000205f6ace800 Exception <a 'java/lang/NoSuchMethodError'{0x0000000089b753d8}: 'void java.lang.invoke.DirectMethodHandle$Holder.invokeVirtual(java.lang.Object, java.lang.Object, java.lang.Object, java.lang.Object)'> (0x0000000089b753d8) thrown at [./src/hotspot/share/interpreter/linkResolver.cpp, line 773]
Event: 4.903 Thread 0x00000205f6ace800 Exception <a 'java/lang/NoSuchMethodError'{0x0000000089b846a0}: 'void java.lang.invoke.DelegatingMethodHandle$Holder.reinvoke_L(java.lang.Object, java.lang.Object, java.lang.Object, java.lang.Object)'> (0x0000000089b846a0) thrown at [./src/hotspot/share/interpreter/linkResolver.cpp, line 773]
Event: 4.919 Thread 0x00000205f6ace800 Exception <a 'java/lang/NoSuchMethodError'{0x0000000089bb5928}: 'long java.lang.invoke.DirectMethodHandle$Holder.invokeInterface(java.lang.Object, java.lang.Object)'> (0x0000000089bb5928) thrown at [./src/hotspot/share/interpreter/linkResolver.cpp, line 773]
Event: 4.924 Thread 0x00000205f6ace800 Exception <a 'java/lang/NoSuchMethodError'{0x0000000089bd9230}: 'void java.lang.invoke.DelegatingMethodHandle$Holder.reinvoke_L(java.lang.Object, java.lang.Object, java.lang.Object, java.lang.Object, java.lang.Object, java.lang.Object, java.lang.Object)'> (0x0000000089bd9230) thrown at [./src/hotspot/share/interpreter/linkResolver.cpp, line 773]
Event: 5.758 Thread 0x00000205f6ace800 Exception <a 'java/lang/NoSuchMethodError'{0x000000008b1ffd58}: 'void java.lang.invoke.DirectMethodHandle$Holder.invokeStaticInit(java.lang.Object)'> (0x000000008b1ffd58) thrown at [./src/hotspot/share/interpreter/linkResolver.cpp, line 773]
Event: 5.814 Thread 0x00000205f6ace800 Exception <a 'java/lang/NoSuchMethodError'{0x000000008ae2d7f0}: 'java.lang.Object java.lang.invoke.DirectMethodHandle$Holder.invokeStatic(java.lang.Object, java.lang.Object, java.lang.Object, int)'> (0x000000008ae2d7f0) thrown at [./src/hotspot/share/interpreter/linkResolver.cpp, line 773]
Event: 5.815 Thread 0x00000205f6ace800 Exception <a 'java/lang/NoSuchMethodError'{0x000000008ae31c60}: 'java.lang.Object java.lang.invoke.DirectMethodHandle$Holder.invokeSpecial(java.lang.Object, java.lang.Object, java.lang.Object, java.lang.Object, int)'> (0x000000008ae31c60) thrown at [./src/hotspot/share/interpreter/linkResolver.cpp, line 773]
Event: 5.815 Thread 0x00000205f6ace800 Exception <a 'java/lang/NoSuchMethodError'{0x000000008ae358f0}: 'java.lang.Object java.lang.invoke.Invokers$Holder.linkToTargetMethod(java.lang.Object, java.lang.Object, int, java.lang.Object)'> (0x000000008ae358f0) thrown at [./src/hotspot/share/interpreter/linkResolver.cpp, line 773]
Event: 6.155 Thread 0x00000205f6ace800 Exception <a 'java/lang/NoSuchMethodError'{0x000000008b719e60}: 'int java.lang.invoke.DirectMethodHandle$Holder.invokeSpecialIFC(java.lang.Object, java.lang.Object, java.lang.Object, java.lang.Object)'> (0x000000008b719e60) thrown at [./src/hotspot/share/interpreter/linkResolver.cpp, line 773]
Event: 6.197 Thread 0x00000205f6ace800 Exception <a 'java/lang/NoSuchMethodError'{0x000000008b727e18}: 'java.lang.Object java.lang.invoke.DirectMethodHandle$Holder.invokeInterface(java.lang.Object, java.lang.Object, java.lang.Object)'> (0x000000008b727e18) thrown at [./src/hotspot/share/interpreter/linkResolver.cpp, line 773]
Event: 6.197 Thread 0x00000205f6ace800 Exception <a 'java/lang/IncompatibleClassChangeError'{0x000000008b72b2f0}: Found class java.lang.Object, but interface was expected> (0x000000008b72b2f0) thrown at [./src/hotspot/share/interpreter/linkResolver.cpp, line 839]
Event: 6.281 Thread 0x00000205f6ace800 Exception <a 'java/lang/NoSuchMethodError'{0x000000008b522330}: 'void java.lang.invoke.DirectMethodHandle$Holder.invokeStatic(java.lang.Object, java.lang.Object, java.lang.Object, java.lang.Object, java.lang.Object)'> (0x000000008b522330) thrown at [./src/hotspot/share/interpreter/linkResolver.cpp, line 773]
Event: 6.480 Thread 0x00000205f6ace800 Exception <a 'java/lang/NoSuchMethodError'{0x000000008ae0a218}: 'java.lang.Object java.lang.invoke.DirectMethodHandle$Holder.invokeSpecial(java.lang.Object, java.lang.Object, java.lang.Object, java.lang.Object, java.lang.Object, java.lang.Object, java.lang.Object, java.lang.Object, java.lang.Object)'> (0x000000008ae0a218) thrown at [./src/hotspot/share/interpreter/linkResolver.cpp, line 773]
Event: 6.839 Thread 0x00000205f6ace800 Exception <a 'java/lang/NoSuchMethodError'{0x000000008a0366a0}: 'java.lang.Object java.lang.invoke.DirectMethodHandle$Holder.invokeVirtual(java.lang.Object, java.lang.Object, java.lang.Object, java.lang.Object)'> (0x000000008a0366a0) thrown at [./src/hotspot/share/interpreter/linkResolver.cpp, line 773]
Event: 7.106 Thread 0x00000205f6ace800 Exception <a 'java/lang/NoSuchMethodError'{0x0000000089ae1fc8}: 'void java.lang.invoke.DirectMethodHandle$Holder.invokeSpecial(java.lang.Object, java.lang.Object, java.lang.Object, java.lang.Object, java.lang.Object, java.lang.Object)'> (0x0000000089ae1fc8) thrown at [./src/hotspot/share/interpreter/linkResolver.cpp, line 773]
Event: 7.139 Thread 0x00000205f6ace800 Exception <a 'java/lang/NoSuchMethodError'{0x00000000899517f0}: 'void java.lang.invoke.DirectMethodHandle$Holder.invokeSpecial(java.lang.Object, java.lang.Object, java.lang.Object, java.lang.Object, java.lang.Object, java.lang.Object, java.lang.Object)'> (0x00000000899517f0) thrown at [./src/hotspot/share/interpreter/linkResolver.cpp, line 773]
Event: 7.140 Thread 0x00000205f6ace800 Exception <a 'java/lang/NoSuchMethodError'{0x0000000089959ce0}: 'java.lang.Object java.lang.invoke.Invokers$Holder.linkToTargetMethod(java.lang.Object, java.lang.Object, java.lang.Object, java.lang.Object, java.lang.Object, java.lang.Object)'> (0x0000000089959ce0) thrown at [./src/hotspot/share/interpreter/linkResolver.cpp, line 773]
Event: 7.497 Thread 0x00000205f6ace800 Exception <a 'java/lang/NoSuchMethodError'{0x0000000089096ab0}: 'int java.lang.invoke.DirectMethodHandle$Holder.invokeStaticInit(java.lang.Object, java.lang.Object, java.lang.Object)'> (0x0000000089096ab0) thrown at [./src/hotspot/share/interpreter/linkResolver.cpp, line 773]
Event: 7.698 Thread 0x00000205f6ace800 Exception <a 'java/lang/NoSuchMethodError'{0x0000000088bd29a8}: 'void java.lang.invoke.DirectMethodHandle$Holder.invokeStaticInit(java.lang.Object, java.lang.Object)'> (0x0000000088bd29a8) thrown at [./src/hotspot/share/interpreter/linkResolver.cpp, line 773]

Events (20 events):
Event: 7.786 loading class org/gradle/internal/graph/CachingDirectedGraphWalker$GraphWithEmptyEdges done
Event: 7.787 loading class org/gradle/execution/plan/DefaultExecutionPlan
Event: 7.787 loading class org/gradle/execution/plan/DefaultExecutionPlan done
Event: 7.789 loading class org/gradle/api/CircularReferenceException
Event: 7.789 loading class org/gradle/api/CircularReferenceException done
Event: 7.791 Loaded shared library C:\Program Files\Android\Android Studio\jre\bin\java.dll
Event: 7.791 loading class org/gradle/execution/plan/DefaultNodeValidator
Event: 7.791 loading class org/gradle/execution/plan/DefaultNodeValidator done
Event: 7.792 loading class org/gradle/execution/plan/DefaultExecutionPlan$NodeMapping
Event: 7.792 loading class org/gradle/execution/plan/DefaultExecutionPlan$NodeMapping done
Event: 7.793 loading class org/gradle/execution/plan/FailureCollector
Event: 7.793 loading class org/gradle/execution/plan/FailureCollector done
Event: 7.793 loading class org/gradle/api/specs/Specs
Event: 7.793 loading class org/gradle/api/specs/Specs done
Event: 7.794 loading class org/gradle/api/specs/Specs$1
Event: 7.794 loading class org/gradle/api/specs/Specs$1 done
Event: 7.794 loading class org/gradle/api/specs/Specs$2
Event: 7.794 loading class org/gradle/api/specs/Specs$2 done
Event: 7.796 loading class org/gradle/execution/taskgraph/DefaultTaskExecutionGraph
Event: 7.796 loading class org/gradle/execution/taskgraph/DefaultTaskExecutionGraph done


Dynamic libraries:
0x00007ff7d86d0000 - 0x00007ff7d86da000 	C:\Program Files\Android\Android Studio\jre\bin\java.exe
0x00007ff9f4d60000 - 0x00007ff9f4f50000 	C:\WINDOWS\SYSTEM32\ntdll.dll
0x00007ff9f4430000 - 0x00007ff9f44e2000 	C:\WINDOWS\System32\KERNEL32.DLL
0x00007ff9f21a0000 - 0x00007ff9f2446000 	C:\WINDOWS\System32\KERNELBASE.dll
0x00007ff9f20a0000 - 0x00007ff9f219a000 	C:\WINDOWS\System32\ucrtbase.dll
0x00007ff9cc7b0000 - 0x00007ff9cc7c7000 	C:\Program Files\Android\Android Studio\jre\bin\VCRUNTIME140.dll
0x00007ff9cc790000 - 0x00007ff9cc7a9000 	C:\Program Files\Android\Android Studio\jre\bin\jli.dll
0x00007ff9f3f80000 - 0x00007ff9f4114000 	C:\WINDOWS\System32\USER32.dll
0x00007ff9f2590000 - 0x00007ff9f25b1000 	C:\WINDOWS\System32\win32u.dll
0x00007ff9e3c60000 - 0x00007ff9e3ee4000 	C:\WINDOWS\WinSxS\amd64_microsoft.windows.common-controls_6595b64144ccf1df_6.0.18362.1679_none_9e7ff347e45cc1b7\COMCTL32.dll
0x00007ff9f33e0000 - 0x00007ff9f3406000 	C:\WINDOWS\System32\GDI32.dll
0x00007ff9f4380000 - 0x00007ff9f441e000 	C:\WINDOWS\System32\msvcrt.dll
0x00007ff9f1cd0000 - 0x00007ff9f1e68000 	C:\WINDOWS\System32\gdi32full.dll
0x00007ff9f30a0000 - 0x00007ff9f33d6000 	C:\WINDOWS\System32\combase.dll
0x00007ff9f1ea0000 - 0x00007ff9f1f3e000 	C:\WINDOWS\System32\msvcp_win.dll
0x00007ff9f3410000 - 0x00007ff9f352f000 	C:\WINDOWS\System32\RPCRT4.dll
0x00007ff9f2500000 - 0x00007ff9f2584000 	C:\WINDOWS\System32\bcryptPrimitives.dll
0x00007ff9f4660000 - 0x00007ff9f468e000 	C:\WINDOWS\System32\IMM32.DLL
0x00007ff9cc6f0000 - 0x00007ff9cc78d000 	C:\Program Files\Android\Android Studio\jre\bin\msvcp140.dll
0x00007ff997430000 - 0x00007ff997eff000 	C:\Program Files\Android\Android Studio\jre\bin\server\jvm.dll
0x00007ff9f4120000 - 0x00007ff9f41c3000 	C:\WINDOWS\System32\ADVAPI32.dll
0x00007ff9f45c0000 - 0x00007ff9f4657000 	C:\WINDOWS\System32\sechost.dll
0x00007ff9f4420000 - 0x00007ff9f4428000 	C:\WINDOWS\System32\PSAPI.DLL
0x00007ff9ee4f0000 - 0x00007ff9ee514000 	C:\WINDOWS\SYSTEM32\WINMM.dll
0x00007ff9f06c0000 - 0x00007ff9f06ca000 	C:\WINDOWS\SYSTEM32\VERSION.dll
0x00007ff9ed580000 - 0x00007ff9ed589000 	C:\WINDOWS\SYSTEM32\WSOCK32.dll
0x00007ff9f4550000 - 0x00007ff9f45bf000 	C:\WINDOWS\System32\WS2_32.dll
0x00007ff9ee4c0000 - 0x00007ff9ee4ed000 	C:\WINDOWS\SYSTEM32\winmmbase.dll
0x00007ff9f2450000 - 0x00007ff9f249a000 	C:\WINDOWS\System32\cfgmgr32.dll
0x00007ff9f1cb0000 - 0x00007ff9f1cc1000 	C:\WINDOWS\System32\kernel.appcore.dll
0x00007ff9ed3a0000 - 0x00007ff9ed3b1000 	C:\Program Files\Android\Android Studio\jre\bin\verify.dll
0x00007ff9e23e0000 - 0x00007ff9e25d4000 	C:\WINDOWS\SYSTEM32\DBGHELP.DLL
0x00007ff9e2300000 - 0x00007ff9e232a000 	C:\WINDOWS\SYSTEM32\dbgcore.DLL
0x00007ff9ea4d0000 - 0x00007ff9ea4f9000 	C:\Program Files\Android\Android Studio\jre\bin\java.dll
0x00007ff9e30b0000 - 0x00007ff9e30bb000 	C:\Program Files\Android\Android Studio\jre\bin\jimage.dll
0x00007ff9db150000 - 0x00007ff9db168000 	C:\Program Files\Android\Android Studio\jre\bin\zip.dll
0x00007ff9f3680000 - 0x00007ff9f3d67000 	C:\WINDOWS\System32\SHELL32.dll
0x00007ff9f47e0000 - 0x00007ff9f4889000 	C:\WINDOWS\System32\shcore.dll
0x00007ff9f2690000 - 0x00007ff9f2e0b000 	C:\WINDOWS\System32\windows.storage.dll
0x00007ff9f1c90000 - 0x00007ff9f1cae000 	C:\WINDOWS\System32\profapi.dll
0x00007ff9f1c40000 - 0x00007ff9f1c8a000 	C:\WINDOWS\System32\powrprof.dll
0x00007ff9f1c10000 - 0x00007ff9f1c20000 	C:\WINDOWS\System32\UMPDC.dll
0x00007ff9f2f70000 - 0x00007ff9f2fc2000 	C:\WINDOWS\System32\shlwapi.dll
0x00007ff9f2670000 - 0x00007ff9f2687000 	C:\WINDOWS\System32\cryptsp.dll
0x00007ff9db130000 - 0x00007ff9db14a000 	C:\Program Files\Android\Android Studio\jre\bin\net.dll
0x00007ff9e4e30000 - 0x00007ff9e4f29000 	C:\WINDOWS\SYSTEM32\WINHTTP.dll
0x00007ff9f13a0000 - 0x00007ff9f1407000 	C:\WINDOWS\system32\mswsock.dll
0x00007ff9db110000 - 0x00007ff9db124000 	C:\Program Files\Android\Android Studio\jre\bin\nio.dll
0x00007ff9e4200000 - 0x00007ff9e4227000 	C:\Users\Quan Nguyen\.gradle\native\e1d6ef7f7dcc3fd88c89a11ec53ec762bb8ba0a96d01ffa2cd45eb1d1d8dd5c5\windows-amd64\native-platform.dll
0x00007ff9cf550000 - 0x00007ff9cf694000 	C:\Users\Quan Nguyen\.gradle\native\5664cfc778a61ccfe75a443a1ab52a65af34e5dc3c78e0209fed803814484fcb\windows-amd64\native-platform-file-events.dll
0x00007ff9e30a0000 - 0x00007ff9e30aa000 	C:\Program Files\Android\Android Studio\jre\bin\management.dll
0x00007ff9db100000 - 0x00007ff9db10c000 	C:\Program Files\Android\Android Studio\jre\bin\management_ext.dll
0x00007ff9f0f30000 - 0x00007ff9f0f63000 	C:\WINDOWS\system32\rsaenh.dll
0x00007ff9f1e70000 - 0x00007ff9f1e96000 	C:\WINDOWS\System32\bcrypt.dll
0x00007ff9f1b30000 - 0x00007ff9f1b55000 	C:\WINDOWS\SYSTEM32\USERENV.dll
0x00007ff9f1520000 - 0x00007ff9f152c000 	C:\WINDOWS\SYSTEM32\CRYPTBASE.dll
0x00007ff9f10c0000 - 0x00007ff9f10fa000 	C:\WINDOWS\SYSTEM32\IPHLPAPI.DLL
0x00007ff9f4690000 - 0x00007ff9f4698000 	C:\WINDOWS\System32\NSI.dll
0x00007ff9e9410000 - 0x00007ff9e9426000 	C:\WINDOWS\SYSTEM32\dhcpcsvc6.DLL
0x00007ff9e93f0000 - 0x00007ff9e940c000 	C:\WINDOWS\SYSTEM32\dhcpcsvc.DLL
0x00007ff9f1100000 - 0x00007ff9f11ca000 	C:\WINDOWS\SYSTEM32\DNSAPI.dll

dbghelp: loaded successfully - version: 4.0.5 - missing functions: none
symbol engine: initialized successfully - sym options: 0x614 - pdb path: .;C:\Program Files\Android\Android Studio\jre\bin;C:\WINDOWS\SYSTEM32;C:\WINDOWS\WinSxS\amd64_microsoft.windows.common-controls_6595b64144ccf1df_6.0.18362.1679_none_9e7ff347e45cc1b7;C:\Program Files\Android\Android Studio\jre\bin\server;C:\Users\Quan Nguyen\.gradle\native\e1d6ef7f7dcc3fd88c89a11ec53ec762bb8ba0a96d01ffa2cd45eb1d1d8dd5c5\windows-amd64;C:\Users\Quan Nguyen\.gradle\native\5664cfc778a61ccfe75a443a1ab52a65af34e5dc3c78e0209fed803814484fcb\windows-amd64

VM Arguments:
jvm_args: --add-opens=java.base/java.util=ALL-UNNAMED --add-opens=java.base/java.lang=ALL-UNNAMED --add-opens=java.base/java.lang.invoke=ALL-UNNAMED --add-opens=java.base/java.util=ALL-UNNAMED --add-opens=java.prefs/java.util.prefs=ALL-UNNAMED --add-opens=java.prefs/java.util.prefs=ALL-UNNAMED --add-opens=java.base/java.nio.charset=ALL-UNNAMED --add-opens=java.base/java.net=ALL-UNNAMED --add-opens=java.base/java.util.concurrent.atomic=ALL-UNNAMED -Xmx2048m -Dfile.encoding=windows-1252 -Duser.country=US -Duser.language=en -Duser.variant 
java_command: org.gradle.launcher.daemon.bootstrap.GradleDaemon 7.2-rc-2
java_class_path (initial): C:\Users\Quan Nguyen\.gradle\wrapper\dists\gradle-7.2-rc-2-bin\eyi787cxrquwsgw2xezsjd2hx\gradle-7.2-rc-2\lib\gradle-launcher-7.2.jar
Launcher Type: SUN_STANDARD

[Global flags]
     intx CICompilerCount                          = 3                                         {product} {ergonomic}
     uint ConcGCThreads                            = 1                                         {product} {ergonomic}
     uint G1ConcRefinementThreads                  = 4                                         {product} {ergonomic}
   size_t G1HeapRegionSize                         = 1048576                                   {product} {ergonomic}
    uintx GCDrainStackTargetSize                   = 64                                        {product} {ergonomic}
   size_t InitialHeapSize                          = 197132288                                 {product} {ergonomic}
   size_t MarkStackSize                            = 4194304                                   {product} {ergonomic}
   size_t MaxHeapSize                              = 2147483648                                {product} {command line}
   size_t MaxNewSize                               = 1287651328                                {product} {ergonomic}
   size_t MinHeapDeltaBytes                        = 1048576                                   {product} {ergonomic}
    uintx NonNMethodCodeHeapSize                   = 5830732                                {pd product} {ergonomic}
    uintx NonProfiledCodeHeapSize                  = 122913754                              {pd product} {ergonomic}
    uintx ProfiledCodeHeapSize                     = 122913754                              {pd product} {ergonomic}
    uintx ReservedCodeCacheSize                    = 251658240                              {pd product} {ergonomic}
     bool SegmentedCodeCache                       = true                                      {product} {ergonomic}
     bool UseCompressedClassPointers               = true                                 {lp64_product} {ergonomic}
     bool UseCompressedOops                        = true                                 {lp64_product} {ergonomic}
     bool UseG1GC                                  = true                                      {product} {ergonomic}
     bool UseLargePagesIndividualAllocation        = false                                  {pd product} {ergonomic}

Logging:
Log output configuration:
 #0: stdout all=warning uptime,level,tags
 #1: stderr all=off uptime,level,tags

Environment Variables:
JAVA_HOME=C:\Program Files\Java\jdk-15.0.2\bin
PATH=C:\Program Files (x86)\Common Files\Oracle\Java\javapath;C:\Program Files\Common Files\Oracle\Java\javapath;C:\WINDOWS\system32;C:\WINDOWS;C:\WINDOWS\System32\Wbem;C:\WINDOWS\System32\WindowsPowerShell\v1.0\;C:\WINDOWS\System32\OpenSSH\;C:\Program Files\Git\cmd;C:\Users\Quan Nguyen\AppData\Local\Microsoft\WindowsApps;;C:\Users\Quan Nguyen\AppData\Local\Programs\Microsoft VS Code\bin
USERNAME=Quan Nguyen
OS=Windows_NT
PROCESSOR_IDENTIFIER=Intel64 Family 6 Model 78 Stepping 3, GenuineIntel



---------------  S Y S T E M  ---------------

OS: Windows 10 , 64 bit Build 18362 (10.0.18362.1645)
OS uptime: 0 days 1:20 hours
Hyper-V role detected

CPU:total 4 (initial active 4) (2 cores per cpu, 2 threads per core) family 6 model 78 stepping 3 microcode 0xc6, cmov, cx8, fxsr, mmx, sse, sse2, sse3, ssse3, sse4.1, sse4.2, popcnt, avx, avx2, aes, clmul, erms, 3dnowpref, lzcnt, ht, tsc, tscinvbit, bmi1, bmi2, adx, fma

Memory: 4k page, system-wide physical 11987M (252M free)
TotalPageFile size 27192M (AvailPageFile size 2M)
current process WorkingSet (physical memory assigned to process): 183M, peak: 186M
current process commit charge ("private bytes"): 331M, peak: 334M

vm_info: OpenJDK 64-Bit Server VM (11.0.10+0-b96-7249189) for windows-amd64 JRE (11.0.10+0-b96-7249189), built on Mar 31 2021 21:44:00 by "builder" with MS VC++ 14.0 (VS2015)

END.
